[ 2018-07-12T10:39:03+08:00 ] ::1 /quce/
INFO: [ app_init ] --START--
INFO: Run Behavior\BuildLiteBehavior [ RunTime:0.000018s ]
INFO: [ app_init ] --END-- [ RunTime:0.003565s ]
INFO: [ app_begin ] --START--
INFO: Run Behavior\ReadHtmlCacheBehavior [ RunTime:0.036463s ]
INFO: [ app_begin ] --END-- [ RunTime:0.036554s ]
NOTIC: [8] Undefined index: channel G:\php\quce\Application\Home\Controller\IndexController.class.php 第 33 行.
NOTIC: [8192] mysql_connect(): The mysql extension is deprecated and will be removed in the future: use mysqli or PDO instead G:\php\quce\ThinkPHP\Library\Think\Db\Driver\Mysql.class.php 第 52 行.
SQL: select * from qc_zhiming_link where type='quce' limit 8 [ RunTime:0.021067s ]
SQL: select title,subject from qc_choiceti_answer where id>1 order by id desc limit 5 [ RunTime:0.038050s ]
SQL: select name,type from qc_choiceti_type where id>0 order by sort  [ RunTime:0.011761s ]
INFO: [ view_parse ] --START--
INFO: [ template_filter ] --START--
INFO: Run Behavior\ContentReplaceBehavior [ RunTime:0.000277s ]
INFO: [ template_filter ] --END-- [ RunTime:0.000376s ]
INFO: Run Behavior\ParseTemplateBehavior [ RunTime:0.121326s ]
INFO: [ view_parse ] --END-- [ RunTime:0.121433s ]
INFO: [ view_filter ] --START--
INFO: Run Behavior\WriteHtmlCacheBehavior [ RunTime:0.014196s ]
INFO: [ view_filter ] --END-- [ RunTime:0.014375s ]
INFO: [ app_end ] --START--
INFO: Run Behavior\ShowPageTraceBehavior [ RunTime:0.055647s ]
INFO: [ app_end ] --END-- [ RunTime:0.055796s ]

[ 2018-07-12T10:39:05+08:00 ] ::1 /quce/index.php/Home-Index-indexAnswer?page=1
INFO: [ app_init ] --START--
INFO: Run Behavior\BuildLiteBehavior [ RunTime:0.000021s ]
INFO: [ app_init ] --END-- [ RunTime:0.000667s ]
INFO: [ app_begin ] --START--
INFO: Run Behavior\ReadHtmlCacheBehavior [ RunTime:0.000895s ]
INFO: [ app_begin ] --END-- [ RunTime:0.000985s ]
NOTIC: [8192] mysql_connect(): The mysql extension is deprecated and will be removed in the future: use mysqli or PDO instead G:\php\quce\ThinkPHP\Library\Think\Db\Driver\Mysql.class.php 第 52 行.
SQL: select id,title,content,subject,title_img,hotstar,type_img from qc_choiceti_answer where  id>0 and title_img is not null  order by sort_hot desc limit 0,10 [ RunTime:0.141661s ]
INFO: [ app_end ] --START--
INFO: Run Behavior\ShowPageTraceBehavior [ RunTime:0.001137s ]
INFO: [ app_end ] --END-- [ RunTime:0.001231s ]

[ 2018-07-12T10:39:06+08:00 ] ::1 /quce/index.php/Home-Index-indexAnswerNew?page=1
INFO: [ app_init ] --START--
INFO: Run Behavior\BuildLiteBehavior [ RunTime:0.000022s ]
INFO: [ app_init ] --END-- [ RunTime:0.000630s ]
INFO: [ app_begin ] --START--
INFO: Run Behavior\ReadHtmlCacheBehavior [ RunTime:0.000825s ]
INFO: [ app_begin ] --END-- [ RunTime:0.000923s ]
NOTIC: [8192] mysql_connect(): The mysql extension is deprecated and will be removed in the future: use mysqli or PDO instead G:\php\quce\ThinkPHP\Library\Think\Db\Driver\Mysql.class.php 第 52 行.
SQL: select id,title,content,subject,title_img,hotstar,type_img from qc_choiceti_answer where id>0 and title_img is not null  order by sort_new desc limit 0,10  [ RunTime:0.002208s ]
INFO: [ app_end ] --START--
INFO: Run Behavior\ShowPageTraceBehavior [ RunTime:0.001165s ]
INFO: [ app_end ] --END-- [ RunTime:0.001286s ]

[ 2018-07-12T10:39:12+08:00 ] ::1 /quce/index.php/Home-Index-palace?subject=QWCS10F
INFO: [ app_init ] --START--
INFO: Run Behavior\BuildLiteBehavior [ RunTime:0.000021s ]
INFO: [ app_init ] --END-- [ RunTime:0.000752s ]
INFO: [ app_begin ] --START--
INFO: Run Behavior\ReadHtmlCacheBehavior [ RunTime:0.000708s ]
INFO: [ app_begin ] --END-- [ RunTime:0.000854s ]
NOTIC: [8192] mysql_connect(): The mysql extension is deprecated and will be removed in the future: use mysqli or PDO instead G:\php\quce\ThinkPHP\Library\Think\Db\Driver\Mysql.class.php 第 52 行.
SQL: select id,hotstar,click,type_img from qc_choiceti_answer where subject='QWCS10F' limit 1 [ RunTime:0.001889s ]
SQL: update qc_choiceti_answer set click='43'+1 where id='104' [ RunTime:0.001424s ]
NOTIC: [2] mysql_num_rows() expects parameter 1 to be resource, boolean given G:\php\quce\ThinkPHP\Library\Think\Db\Driver\Mysql.class.php 第 106 行.
NOTIC: [8] Undefined variable: zhimingArr G:\php\quce\Application\Home\Controller\IndexController.class.php 第 227 行.
NOTIC: [2] mysql_free_result() expects parameter 1 to be resource, boolean given G:\php\quce\ThinkPHP\Library\Think\Db\Driver\Mysql.class.php 第 77 行.
SQL: insert into qc_click_order (subject,uid,channel)values('QWCS10F','2018071279904093304','') [ RunTime:0.021481s ]
NOTIC: [2] mysql_num_rows() expects parameter 1 to be resource, boolean given G:\php\quce\ThinkPHP\Library\Think\Db\Driver\Mysql.class.php 第 106 行.

[ 2018-07-12T10:39:13+08:00 ] ::1 /quce/index.php/Home-Paycs-paypage?subject=QWCS10F
INFO: [ app_init ] --START--
INFO: Run Behavior\BuildLiteBehavior [ RunTime:0.000025s ]
INFO: [ app_init ] --END-- [ RunTime:0.000709s ]
INFO: [ app_begin ] --START--
INFO: Run Behavior\ReadHtmlCacheBehavior [ RunTime:0.000956s ]
INFO: [ app_begin ] --END-- [ RunTime:0.001089s ]
NOTIC: [8192] mysql_connect(): The mysql extension is deprecated and will be removed in the future: use mysqli or PDO instead G:\php\quce\ThinkPHP\Library\Think\Db\Driver\Mysql.class.php 第 52 行.
SQL: select id from qc_pay_order where ordernum='QWCS10F201807126412103912' limit 1 [ RunTime:0.022940s ]
SQL: delete from qc_pay_order where appuserid='2018071279904093304' and subject='QWCS10F' and status=-1 [ RunTime:0.000862s ]
NOTIC: [2] mysql_num_rows() expects parameter 1 to be resource, boolean given G:\php\quce\ThinkPHP\Library\Think\Db\Driver\Mysql.class.php 第 106 行.
NOTIC: [2] mysql_free_result() expects parameter 1 to be resource, boolean given G:\php\quce\ThinkPHP\Library\Think\Db\Driver\Mysql.class.php 第 77 行.
SQL: insert into qc_pay_order (ordernum,price,username,typeid,sex,status,paykind,appuserid,ip,channel,subject)values(
                                              'QWCS10F201807126412103912','0.01','手机号',0,1,-1,-1,'2018071279904093304','::1','','QWCS10F') [ RunTime:0.034579s ]
NOTIC: [2] mysql_num_rows() expects parameter 1 to be resource, boolean given G:\php\quce\ThinkPHP\Library\Think\Db\Driver\Mysql.class.php 第 106 行.
NOTIC: [2] mysql_free_result() expects parameter 1 to be resource, boolean given G:\php\quce\ThinkPHP\Library\Think\Db\Driver\Mysql.class.php 第 77 行.
SQL: select title,content from qc_choiceti_answer where subject='QWCS10F' limit 1 [ RunTime:0.001296s ]
SQL: select count(id) count from qc_choiceti_topic_f where subject='QWCS10F' [ RunTime:0.048167s ]
INFO: [ view_parse ] --START--
INFO: [ template_filter ] --START--
INFO: Run Behavior\ContentReplaceBehavior [ RunTime:0.000276s ]
INFO: [ template_filter ] --END-- [ RunTime:0.000389s ]
NOTIC: [8] Undefined variable: wxlogin G:\php\quce\Application\Runtime\Cache\Home\057f0a3c3e75c1ba1a06a7bc6da16fc1.php 第 78 行.
NOTIC: [8] Undefined variable: appId G:\php\quce\Application\Runtime\Cache\Home\057f0a3c3e75c1ba1a06a7bc6da16fc1.php 第 110 行.
NOTIC: [8] Undefined variable: timeStamp G:\php\quce\Application\Runtime\Cache\Home\057f0a3c3e75c1ba1a06a7bc6da16fc1.php 第 111 行.
NOTIC: [8] Undefined variable: nonceStr G:\php\quce\Application\Runtime\Cache\Home\057f0a3c3e75c1ba1a06a7bc6da16fc1.php 第 112 行.
NOTIC: [8] Undefined variable: package G:\php\quce\Application\Runtime\Cache\Home\057f0a3c3e75c1ba1a06a7bc6da16fc1.php 第 113 行.
NOTIC: [8] Undefined variable: signType G:\php\quce\Application\Runtime\Cache\Home\057f0a3c3e75c1ba1a06a7bc6da16fc1.php 第 114 行.
NOTIC: [8] Undefined variable: paySign G:\php\quce\Application\Runtime\Cache\Home\057f0a3c3e75c1ba1a06a7bc6da16fc1.php 第 115 行.
INFO: Run Behavior\ParseTemplateBehavior [ RunTime:0.049225s ]
INFO: [ view_parse ] --END-- [ RunTime:0.049329s ]
INFO: [ view_filter ] --START--
INFO: Run Behavior\WriteHtmlCacheBehavior [ RunTime:0.001200s ]
INFO: [ view_filter ] --END-- [ RunTime:0.001300s ]
INFO: [ app_end ] --START--
INFO: Run Behavior\ShowPageTraceBehavior [ RunTime:0.001328s ]
INFO: [ app_end ] --END-- [ RunTime:0.001453s ]

[ 2018-07-12T10:40:35+08:00 ] ::1 /quce/index.php/Home-Index-indexAnswerNew?page=2
INFO: [ app_init ] --START--
INFO: Run Behavior\BuildLiteBehavior [ RunTime:0.000020s ]
INFO: [ app_init ] --END-- [ RunTime:0.000573s ]
INFO: [ app_begin ] --START--
INFO: Run Behavior\ReadHtmlCacheBehavior [ RunTime:0.000718s ]
INFO: [ app_begin ] --END-- [ RunTime:0.000823s ]
NOTIC: [8192] mysql_connect(): The mysql extension is deprecated and will be removed in the future: use mysqli or PDO instead G:\php\quce\ThinkPHP\Library\Think\Db\Driver\Mysql.class.php 第 52 行.
SQL: select id,title,content,subject,title_img,hotstar,type_img from qc_choiceti_answer where id>0 and title_img is not null  order by sort_new desc limit 10,10  [ RunTime:0.006576s ]
INFO: [ app_end ] --START--
INFO: Run Behavior\ShowPageTraceBehavior [ RunTime:0.003000s ]
INFO: [ app_end ] --END-- [ RunTime:0.003570s ]

