[ 2018-06-25T17:17:47+08:00 ] ::1 /quce/
INFO: [ app_init ] --START--
INFO: Run Behavior\BuildLiteBehavior [ RunTime:0.000018s ]
INFO: [ app_init ] --END-- [ RunTime:0.009579s ]
INFO: [ app_begin ] --START--
INFO: Run Behavior\ReadHtmlCacheBehavior [ RunTime:0.065680s ]
INFO: [ app_begin ] --END-- [ RunTime:0.065769s ]
NOTIC: [8192] mysql_connect(): The mysql extension is deprecated and will be removed in the future: use mysqli or PDO instead G:\php\quce\ThinkPHP\Library\Think\Db\Driver\Mysql.class.php 第 52 行.
SQL: select * from qc_zhiming_link where id<9 [ RunTime:0.017969s ]
SQL: select title,subject from qc_choiceti_answer where id>1 order by id desc limit 5 [ RunTime:0.023326s ]
SQL: select name,type from qc_choiceti_type where id>0 order by sort  [ RunTime:0.013123s ]
INFO: [ view_parse ] --START--
INFO: [ template_filter ] --START--
INFO: Run Behavior\ContentReplaceBehavior [ RunTime:0.000161s ]
INFO: [ template_filter ] --END-- [ RunTime:0.000224s ]
INFO: Run Behavior\ParseTemplateBehavior [ RunTime:0.102367s ]
INFO: [ view_parse ] --END-- [ RunTime:0.102465s ]
INFO: [ view_filter ] --START--
INFO: Run Behavior\WriteHtmlCacheBehavior [ RunTime:0.006968s ]
INFO: [ view_filter ] --END-- [ RunTime:0.007122s ]
INFO: [ app_end ] --START--
INFO: Run Behavior\ShowPageTraceBehavior [ RunTime:0.047939s ]
INFO: [ app_end ] --END-- [ RunTime:0.048037s ]

[ 2018-06-25T17:17:50+08:00 ] ::1 /quce/index.php/Home/Index/indexAnswer?page=1
INFO: [ app_init ] --START--
INFO: Run Behavior\BuildLiteBehavior [ RunTime:0.000024s ]
INFO: [ app_init ] --END-- [ RunTime:0.000726s ]
INFO: [ app_begin ] --START--
INFO: Run Behavior\ReadHtmlCacheBehavior [ RunTime:0.001633s ]
INFO: [ app_begin ] --END-- [ RunTime:0.001754s ]
NOTIC: [8192] mysql_connect(): The mysql extension is deprecated and will be removed in the future: use mysqli or PDO instead G:\php\quce\ThinkPHP\Library\Think\Db\Driver\Mysql.class.php 第 52 行.
SQL: select id,title,content,subject,title_img,hotstar from qc_choiceti_answer where  id>0 order by sort_hot desc limit 0,10 [ RunTime:0.033917s ]
INFO: [ app_end ] --START--
INFO: Run Behavior\ShowPageTraceBehavior [ RunTime:0.003253s ]
INFO: [ app_end ] --END-- [ RunTime:0.003595s ]

[ 2018-06-25T17:17:51+08:00 ] ::1 /quce/index.php/Home/Index/indexAnswerNew?page=1
INFO: [ app_init ] --START--
INFO: Run Behavior\BuildLiteBehavior [ RunTime:0.002636s ]
INFO: [ app_init ] --END-- [ RunTime:0.007578s ]
INFO: [ app_begin ] --START--
INFO: Run Behavior\ReadHtmlCacheBehavior [ RunTime:0.001007s ]
INFO: [ app_begin ] --END-- [ RunTime:0.001211s ]
NOTIC: [8192] mysql_connect(): The mysql extension is deprecated and will be removed in the future: use mysqli or PDO instead G:\php\quce\ThinkPHP\Library\Think\Db\Driver\Mysql.class.php 第 52 行.
SQL: select id,title,content,subject,title_img,hotstar from qc_choiceti_answer where id>0 order by id desc limit 0,10  [ RunTime:0.001176s ]
INFO: [ app_end ] --START--
INFO: Run Behavior\ShowPageTraceBehavior [ RunTime:0.001071s ]
INFO: [ app_end ] --END-- [ RunTime:0.001148s ]

[ 2018-06-25T17:17:54+08:00 ] ::1 /quce/index.php/Home/Index/indexAnswer?page=2
INFO: [ app_init ] --START--
INFO: Run Behavior\BuildLiteBehavior [ RunTime:0.000023s ]
INFO: [ app_init ] --END-- [ RunTime:0.000666s ]
INFO: [ app_begin ] --START--
INFO: Run Behavior\ReadHtmlCacheBehavior [ RunTime:0.001422s ]
INFO: [ app_begin ] --END-- [ RunTime:0.001560s ]
NOTIC: [8192] mysql_connect(): The mysql extension is deprecated and will be removed in the future: use mysqli or PDO instead G:\php\quce\ThinkPHP\Library\Think\Db\Driver\Mysql.class.php 第 52 行.
SQL: select id,title,content,subject,title_img,hotstar from qc_choiceti_answer where  id>0 order by sort_hot desc limit 10,10 [ RunTime:0.002107s ]
INFO: [ app_end ] --START--
INFO: Run Behavior\ShowPageTraceBehavior [ RunTime:0.001474s ]
INFO: [ app_end ] --END-- [ RunTime:0.001587s ]

[ 2018-06-25T17:18:06+08:00 ] ::1 /quce/index.php/Home/Login/index
INFO: [ app_init ] --START--
INFO: Run Behavior\BuildLiteBehavior [ RunTime:0.000040s ]
INFO: [ app_init ] --END-- [ RunTime:0.000930s ]
INFO: [ app_begin ] --START--
INFO: Run Behavior\ReadHtmlCacheBehavior [ RunTime:0.000827s ]
INFO: [ app_begin ] --END-- [ RunTime:0.000907s ]
INFO: [ view_parse ] --START--
INFO: [ template_filter ] --START--
INFO: Run Behavior\ContentReplaceBehavior [ RunTime:0.000084s ]
INFO: [ template_filter ] --END-- [ RunTime:0.000143s ]
INFO: Run Behavior\ParseTemplateBehavior [ RunTime:0.020947s ]
INFO: [ view_parse ] --END-- [ RunTime:0.021032s ]
INFO: [ view_filter ] --START--
INFO: Run Behavior\WriteHtmlCacheBehavior [ RunTime:0.000951s ]
INFO: [ view_filter ] --END-- [ RunTime:0.001024s ]
INFO: [ app_end ] --START--
INFO: Run Behavior\ShowPageTraceBehavior [ RunTime:0.000976s ]
INFO: [ app_end ] --END-- [ RunTime:0.001048s ]

[ 2018-06-25T17:18:14+08:00 ] ::1 /quce/index.php/Home/Index/index
INFO: [ app_init ] --START--
INFO: Run Behavior\BuildLiteBehavior [ RunTime:0.000020s ]
INFO: [ app_init ] --END-- [ RunTime:0.000587s ]
INFO: [ app_begin ] --START--
INFO: Run Behavior\ReadHtmlCacheBehavior [ RunTime:0.001925s ]
INFO: [ app_begin ] --END-- [ RunTime:0.002021s ]
NOTIC: [8192] mysql_connect(): The mysql extension is deprecated and will be removed in the future: use mysqli or PDO instead G:\php\quce\ThinkPHP\Library\Think\Db\Driver\Mysql.class.php 第 52 行.
SQL: select * from qc_zhiming_link where id<9 [ RunTime:0.000890s ]
SQL: select title,subject from qc_choiceti_answer where id>1 order by id desc limit 5 [ RunTime:0.000784s ]
SQL: select name,type from qc_choiceti_type where id>0 order by sort  [ RunTime:0.000853s ]
INFO: [ view_parse ] --START--
INFO: [ template_filter ] --START--
INFO: Run Behavior\ContentReplaceBehavior [ RunTime:0.000159s ]
INFO: [ template_filter ] --END-- [ RunTime:0.000221s ]
INFO: Run Behavior\ParseTemplateBehavior [ RunTime:0.017713s ]
INFO: [ view_parse ] --END-- [ RunTime:0.017788s ]
INFO: [ view_filter ] --START--
INFO: Run Behavior\WriteHtmlCacheBehavior [ RunTime:0.001768s ]
INFO: [ view_filter ] --END-- [ RunTime:0.001851s ]
INFO: [ app_end ] --START--
INFO: Run Behavior\ShowPageTraceBehavior [ RunTime:0.000957s ]
INFO: [ app_end ] --END-- [ RunTime:0.001043s ]

[ 2018-06-25T17:18:15+08:00 ] ::1 /quce/index.php/Home/Index/index
INFO: [ app_init ] --START--
INFO: Run Behavior\BuildLiteBehavior [ RunTime:0.000017s ]
INFO: [ app_init ] --END-- [ RunTime:0.000551s ]
INFO: [ app_begin ] --START--
INFO: Run Behavior\ReadHtmlCacheBehavior [ RunTime:0.001662s ]
INFO: [ app_begin ] --END-- [ RunTime:0.001793s ]
NOTIC: [8192] mysql_connect(): The mysql extension is deprecated and will be removed in the future: use mysqli or PDO instead G:\php\quce\ThinkPHP\Library\Think\Db\Driver\Mysql.class.php 第 52 行.
SQL: select * from qc_zhiming_link where id<9 [ RunTime:0.000808s ]
SQL: select title,subject from qc_choiceti_answer where id>1 order by id desc limit 5 [ RunTime:0.000739s ]
SQL: select name,type from qc_choiceti_type where id>0 order by sort  [ RunTime:0.000706s ]
INFO: [ view_parse ] --START--
INFO: [ template_filter ] --START--
INFO: Run Behavior\ContentReplaceBehavior [ RunTime:0.000169s ]
INFO: [ template_filter ] --END-- [ RunTime:0.000241s ]
INFO: Run Behavior\ParseTemplateBehavior [ RunTime:0.016553s ]
INFO: [ view_parse ] --END-- [ RunTime:0.016622s ]
INFO: [ view_filter ] --START--
INFO: Run Behavior\WriteHtmlCacheBehavior [ RunTime:0.001527s ]
INFO: [ view_filter ] --END-- [ RunTime:0.001613s ]
INFO: [ app_end ] --START--
INFO: Run Behavior\ShowPageTraceBehavior [ RunTime:0.001395s ]
INFO: [ app_end ] --END-- [ RunTime:0.001475s ]

[ 2018-06-25T17:18:17+08:00 ] ::1 /quce/index.php/Home/Index/indexAnswer?page=1
INFO: [ app_init ] --START--
INFO: Run Behavior\BuildLiteBehavior [ RunTime:0.000019s ]
INFO: [ app_init ] --END-- [ RunTime:0.000546s ]
INFO: [ app_begin ] --START--
INFO: Run Behavior\ReadHtmlCacheBehavior [ RunTime:0.002463s ]
INFO: [ app_begin ] --END-- [ RunTime:0.002572s ]
NOTIC: [8192] mysql_connect(): The mysql extension is deprecated and will be removed in the future: use mysqli or PDO instead G:\php\quce\ThinkPHP\Library\Think\Db\Driver\Mysql.class.php 第 52 行.
SQL: select id,title,content,subject,title_img,hotstar from qc_choiceti_answer where  id>0 order by sort_hot desc limit 0,10 [ RunTime:0.002498s ]
INFO: [ app_end ] --START--
INFO: Run Behavior\ShowPageTraceBehavior [ RunTime:0.001637s ]
INFO: [ app_end ] --END-- [ RunTime:0.001754s ]

[ 2018-06-25T17:18:18+08:00 ] ::1 /quce/index.php/Home/Index/indexAnswerNew?page=1
INFO: [ app_init ] --START--
INFO: Run Behavior\BuildLiteBehavior [ RunTime:0.000019s ]
INFO: [ app_init ] --END-- [ RunTime:0.000560s ]
INFO: [ app_begin ] --START--
INFO: Run Behavior\ReadHtmlCacheBehavior [ RunTime:0.001043s ]
INFO: [ app_begin ] --END-- [ RunTime:0.001135s ]
NOTIC: [8192] mysql_connect(): The mysql extension is deprecated and will be removed in the future: use mysqli or PDO instead G:\php\quce\ThinkPHP\Library\Think\Db\Driver\Mysql.class.php 第 52 行.
SQL: select id,title,content,subject,title_img,hotstar from qc_choiceti_answer where id>0 order by id desc limit 0,10  [ RunTime:0.001270s ]
INFO: [ app_end ] --START--
INFO: Run Behavior\ShowPageTraceBehavior [ RunTime:0.001405s ]
INFO: [ app_end ] --END-- [ RunTime:0.001547s ]

[ 2018-06-25T17:52:21+08:00 ] ::1 /quce/index.php/Home/Index/index
INFO: [ app_init ] --START--
INFO: Run Behavior\BuildLiteBehavior [ RunTime:0.000018s ]
INFO: [ app_init ] --END-- [ RunTime:0.000717s ]
INFO: [ app_begin ] --START--
INFO: Run Behavior\ReadHtmlCacheBehavior [ RunTime:0.002056s ]
INFO: [ app_begin ] --END-- [ RunTime:0.002183s ]
NOTIC: [8192] mysql_connect(): The mysql extension is deprecated and will be removed in the future: use mysqli or PDO instead G:\php\quce\ThinkPHP\Library\Think\Db\Driver\Mysql.class.php 第 52 行.
SQL: select * from qc_zhiming_link where id<9 [ RunTime:0.002058s ]
SQL: select title,subject from qc_choiceti_answer where id>1 order by id desc limit 5 [ RunTime:0.001686s ]
SQL: select name,type from qc_choiceti_type where id>0 order by sort  [ RunTime:0.001524s ]
INFO: [ view_parse ] --START--
INFO: [ template_filter ] --START--
INFO: Run Behavior\ContentReplaceBehavior [ RunTime:0.000202s ]
INFO: [ template_filter ] --END-- [ RunTime:0.000461s ]
INFO: Run Behavior\ParseTemplateBehavior [ RunTime:0.017560s ]
INFO: [ view_parse ] --END-- [ RunTime:0.017633s ]
INFO: [ view_filter ] --START--
INFO: Run Behavior\WriteHtmlCacheBehavior [ RunTime:0.001705s ]
INFO: [ view_filter ] --END-- [ RunTime:0.001789s ]
INFO: [ app_end ] --START--
INFO: Run Behavior\ShowPageTraceBehavior [ RunTime:0.001066s ]
INFO: [ app_end ] --END-- [ RunTime:0.001156s ]

[ 2018-06-25T17:52:22+08:00 ] ::1 /quce/index.php/Home/Index/indexAnswer?page=1
INFO: [ app_init ] --START--
INFO: Run Behavior\BuildLiteBehavior [ RunTime:0.000022s ]
INFO: [ app_init ] --END-- [ RunTime:0.000689s ]
INFO: [ app_begin ] --START--
INFO: Run Behavior\ReadHtmlCacheBehavior [ RunTime:0.001175s ]
INFO: [ app_begin ] --END-- [ RunTime:0.001282s ]
NOTIC: [8192] mysql_connect(): The mysql extension is deprecated and will be removed in the future: use mysqli or PDO instead G:\php\quce\ThinkPHP\Library\Think\Db\Driver\Mysql.class.php 第 52 行.
SQL: select id,title,content,subject,title_img,hotstar from qc_choiceti_answer where  id>0 order by sort_hot desc limit 0,10 [ RunTime:0.002755s ]
INFO: [ app_end ] --START--
INFO: Run Behavior\ShowPageTraceBehavior [ RunTime:0.002055s ]
INFO: [ app_end ] --END-- [ RunTime:0.002199s ]

[ 2018-06-25T17:52:23+08:00 ] ::1 /quce/index.php/Home/Index/indexAnswerNew?page=1
INFO: [ app_init ] --START--
INFO: Run Behavior\BuildLiteBehavior [ RunTime:0.000025s ]
INFO: [ app_init ] --END-- [ RunTime:0.000950s ]
INFO: [ app_begin ] --START--
INFO: Run Behavior\ReadHtmlCacheBehavior [ RunTime:0.001145s ]
INFO: [ app_begin ] --END-- [ RunTime:0.001255s ]
NOTIC: [8192] mysql_connect(): The mysql extension is deprecated and will be removed in the future: use mysqli or PDO instead G:\php\quce\ThinkPHP\Library\Think\Db\Driver\Mysql.class.php 第 52 行.
SQL: select id,title,content,subject,title_img,hotstar from qc_choiceti_answer where id>0 order by id desc limit 0,10  [ RunTime:0.001007s ]
INFO: [ app_end ] --START--
INFO: Run Behavior\ShowPageTraceBehavior [ RunTime:0.001014s ]
INFO: [ app_end ] --END-- [ RunTime:0.001086s ]

[ 2018-06-25T17:52:28+08:00 ] ::1 /quce/index.php/Home/Index/palace?subject=ZSCS2
INFO: [ app_init ] --START--
INFO: Run Behavior\BuildLiteBehavior [ RunTime:0.000022s ]
INFO: [ app_init ] --END-- [ RunTime:0.000632s ]
INFO: [ app_begin ] --START--
INFO: Run Behavior\ReadHtmlCacheBehavior [ RunTime:0.000766s ]
INFO: [ app_begin ] --END-- [ RunTime:0.000878s ]
NOTIC: [8192] mysql_connect(): The mysql extension is deprecated and will be removed in the future: use mysqli or PDO instead G:\php\quce\ThinkPHP\Library\Think\Db\Driver\Mysql.class.php 第 52 行.
SQL: select id,hotstar,click from qc_choiceti_answer where subject='ZSCS2' limit 1 [ RunTime:0.023742s ]
SQL: update qc_choiceti_answer set click=''+1 where id='2' [ RunTime:0.001041s ]
NOTIC: [2] mysql_num_rows() expects parameter 1 to be resource, boolean given G:\php\quce\ThinkPHP\Library\Think\Db\Driver\Mysql.class.php 第 106 行.
NOTIC: [2] mysql_free_result() expects parameter 1 to be resource, boolean given G:\php\quce\ThinkPHP\Library\Think\Db\Driver\Mysql.class.php 第 77 行.
SQL: select link from qc_zhiming_link where type='ZSCS2' [ RunTime:0.000845s ]
SQL: insert into qc_click_order (subject,uid,channel)values('ZSCS2','2018062560083110304','') [ RunTime:0.017141s ]
NOTIC: [2] mysql_num_rows() expects parameter 1 to be resource, boolean given G:\php\quce\ThinkPHP\Library\Think\Db\Driver\Mysql.class.php 第 106 行.
NOTIC: [2] mysql_free_result() expects parameter 1 to be resource, boolean given G:\php\quce\ThinkPHP\Library\Think\Db\Driver\Mysql.class.php 第 77 行.
SQL: select id,sort from qc_free_order where subject='ZSCS2' and uid='2018062560083110304' [ RunTime:0.000757s ]
SQL: insert into qc_free_order (subject,uid)values('ZSCS2','2018062560083110304') [ RunTime:0.000827s ]
NOTIC: [2] mysql_num_rows() expects parameter 1 to be resource, boolean given G:\php\quce\ThinkPHP\Library\Think\Db\Driver\Mysql.class.php 第 106 行.
INFO: [ view_parse ] --START--
INFO: [ template_filter ] --START--
INFO: Run Behavior\ContentReplaceBehavior [ RunTime:0.000188s ]
INFO: [ template_filter ] --END-- [ RunTime:0.000252s ]
INFO: Run Behavior\ParseTemplateBehavior [ RunTime:0.026878s ]
INFO: [ view_parse ] --END-- [ RunTime:0.026975s ]
INFO: [ view_filter ] --START--
INFO: Run Behavior\WriteHtmlCacheBehavior [ RunTime:0.000678s ]
INFO: [ view_filter ] --END-- [ RunTime:0.000741s ]
INFO: [ app_end ] --START--
INFO: Run Behavior\ShowPageTraceBehavior [ RunTime:0.001436s ]
INFO: [ app_end ] --END-- [ RunTime:0.001554s ]

[ 2018-06-25T17:52:29+08:00 ] ::1 /quce/index.php/Home/Index/answer
INFO: [ app_init ] --START--
INFO: Run Behavior\BuildLiteBehavior [ RunTime:0.000028s ]
INFO: [ app_init ] --END-- [ RunTime:0.001185s ]
INFO: [ app_begin ] --START--
INFO: Run Behavior\ReadHtmlCacheBehavior [ RunTime:0.005430s ]
INFO: [ app_begin ] --END-- [ RunTime:0.005541s ]
NOTIC: [8] Undefined index: subject G:\php\quce\Application\Home\Controller\IndexController.class.php 第 22 行.
NOTIC: [8192] mysql_connect(): The mysql extension is deprecated and will be removed in the future: use mysqli or PDO instead G:\php\quce\ThinkPHP\Library\Think\Db\Driver\Mysql.class.php 第 52 行.
SQL: select * from qc_choiceti_answer where subject='ZSCS2' LIMIT 1 [ RunTime:0.001260s ]
INFO: [ app_end ] --START--
INFO: Run Behavior\ShowPageTraceBehavior [ RunTime:0.001077s ]
INFO: [ app_end ] --END-- [ RunTime:0.001166s ]

[ 2018-06-25T17:52:30+08:00 ] ::1 /quce/index.php/Home/Index/topic
INFO: [ app_init ] --START--
INFO: Run Behavior\BuildLiteBehavior [ RunTime:0.000022s ]
INFO: [ app_init ] --END-- [ RunTime:0.001332s ]
INFO: [ app_begin ] --START--
INFO: Run Behavior\ReadHtmlCacheBehavior [ RunTime:0.001379s ]
INFO: [ app_begin ] --END-- [ RunTime:0.001487s ]
NOTIC: [8] Undefined index: subject G:\php\quce\Application\Home\Controller\IndexController.class.php 第 30 行.
NOTIC: [8192] mysql_connect(): The mysql extension is deprecated and will be removed in the future: use mysqli or PDO instead G:\php\quce\ThinkPHP\Library\Think\Db\Driver\Mysql.class.php 第 52 行.
SQL: select * from qc_choiceti_topic where subject='ZSCS2' [ RunTime:0.031632s ]
INFO: [ app_end ] --START--
INFO: Run Behavior\ShowPageTraceBehavior [ RunTime:0.001139s ]
INFO: [ app_end ] --END-- [ RunTime:0.001208s ]

[ 2018-06-25T17:52:42+08:00 ] ::1 /quce/index.php/Home/Index/palace?subject=ZSCS2
INFO: [ app_init ] --START--
INFO: Run Behavior\BuildLiteBehavior [ RunTime:0.000038s ]
INFO: [ app_init ] --END-- [ RunTime:0.001130s ]
INFO: [ app_begin ] --START--
INFO: Run Behavior\ReadHtmlCacheBehavior [ RunTime:0.000907s ]
INFO: [ app_begin ] --END-- [ RunTime:0.001004s ]
NOTIC: [8192] mysql_connect(): The mysql extension is deprecated and will be removed in the future: use mysqli or PDO instead G:\php\quce\ThinkPHP\Library\Think\Db\Driver\Mysql.class.php 第 52 行.
SQL: select id,hotstar,click from qc_choiceti_answer where subject='ZSCS2' limit 1 [ RunTime:0.001135s ]
SQL: update qc_choiceti_answer set click='1'+1 where id='2' [ RunTime:0.000977s ]
NOTIC: [2] mysql_num_rows() expects parameter 1 to be resource, boolean given G:\php\quce\ThinkPHP\Library\Think\Db\Driver\Mysql.class.php 第 106 行.
NOTIC: [2] mysql_free_result() expects parameter 1 to be resource, boolean given G:\php\quce\ThinkPHP\Library\Think\Db\Driver\Mysql.class.php 第 77 行.
SQL: select link from qc_zhiming_link where type='ZSCS2' [ RunTime:0.000803s ]
SQL: insert into qc_click_order (subject,uid,channel)values('ZSCS2','2018062560083110304','') [ RunTime:0.001231s ]
NOTIC: [2] mysql_num_rows() expects parameter 1 to be resource, boolean given G:\php\quce\ThinkPHP\Library\Think\Db\Driver\Mysql.class.php 第 106 行.
NOTIC: [2] mysql_free_result() expects parameter 1 to be resource, boolean given G:\php\quce\ThinkPHP\Library\Think\Db\Driver\Mysql.class.php 第 77 行.
SQL: select id,sort from qc_free_order where subject='ZSCS2' and uid='2018062560083110304' [ RunTime:0.000754s ]
SQL: delete from qc_free_order where subject='ZSCS2' and uid='2018062560083110304' [ RunTime:0.018376s ]
NOTIC: [2] mysql_num_rows() expects parameter 1 to be resource, boolean given G:\php\quce\ThinkPHP\Library\Think\Db\Driver\Mysql.class.php 第 106 行.
NOTIC: [2] mysql_free_result() expects parameter 1 to be resource, boolean given G:\php\quce\ThinkPHP\Library\Think\Db\Driver\Mysql.class.php 第 77 行.
SQL: insert into qc_free_order (subject,uid)values('ZSCS2','2018062560083110304') [ RunTime:0.000692s ]
NOTIC: [2] mysql_num_rows() expects parameter 1 to be resource, boolean given G:\php\quce\ThinkPHP\Library\Think\Db\Driver\Mysql.class.php 第 106 行.
INFO: [ view_parse ] --START--
INFO: [ template_filter ] --START--
INFO: Run Behavior\ContentReplaceBehavior [ RunTime:0.000205s ]
INFO: [ template_filter ] --END-- [ RunTime:0.000279s ]
INFO: Run Behavior\ParseTemplateBehavior [ RunTime:0.012609s ]
INFO: [ view_parse ] --END-- [ RunTime:0.012683s ]
INFO: [ view_filter ] --START--
INFO: Run Behavior\WriteHtmlCacheBehavior [ RunTime:0.000700s ]
INFO: [ view_filter ] --END-- [ RunTime:0.000769s ]
INFO: [ app_end ] --START--
INFO: Run Behavior\ShowPageTraceBehavior [ RunTime:0.001114s ]
INFO: [ app_end ] --END-- [ RunTime:0.001200s ]

[ 2018-06-25T17:52:44+08:00 ] ::1 /quce/index.php/Home/Index/answer
INFO: [ app_init ] --START--
INFO: Run Behavior\BuildLiteBehavior [ RunTime:0.000023s ]
INFO: [ app_init ] --END-- [ RunTime:0.000644s ]
INFO: [ app_begin ] --START--
INFO: Run Behavior\ReadHtmlCacheBehavior [ RunTime:0.001006s ]
INFO: [ app_begin ] --END-- [ RunTime:0.001108s ]
NOTIC: [8] Undefined index: subject G:\php\quce\Application\Home\Controller\IndexController.class.php 第 22 行.
NOTIC: [8192] mysql_connect(): The mysql extension is deprecated and will be removed in the future: use mysqli or PDO instead G:\php\quce\ThinkPHP\Library\Think\Db\Driver\Mysql.class.php 第 52 行.
SQL: select * from qc_choiceti_answer where subject='ZSCS2' LIMIT 1 [ RunTime:0.001044s ]
INFO: [ app_end ] --START--
INFO: Run Behavior\ShowPageTraceBehavior [ RunTime:0.001620s ]
INFO: [ app_end ] --END-- [ RunTime:0.001703s ]

[ 2018-06-25T17:52:45+08:00 ] ::1 /quce/index.php/Home/Index/topic
INFO: [ app_init ] --START--
INFO: Run Behavior\BuildLiteBehavior [ RunTime:0.000022s ]
INFO: [ app_init ] --END-- [ RunTime:0.000715s ]
INFO: [ app_begin ] --START--
INFO: Run Behavior\ReadHtmlCacheBehavior [ RunTime:0.000967s ]
INFO: [ app_begin ] --END-- [ RunTime:0.001055s ]
NOTIC: [8] Undefined index: subject G:\php\quce\Application\Home\Controller\IndexController.class.php 第 30 行.
NOTIC: [8192] mysql_connect(): The mysql extension is deprecated and will be removed in the future: use mysqli or PDO instead G:\php\quce\ThinkPHP\Library\Think\Db\Driver\Mysql.class.php 第 52 行.
SQL: select * from qc_choiceti_topic where subject='ZSCS2' [ RunTime:0.001167s ]
INFO: [ app_end ] --START--
INFO: Run Behavior\ShowPageTraceBehavior [ RunTime:0.000932s ]
INFO: [ app_end ] --END-- [ RunTime:0.001000s ]

[ 2018-06-25T17:59:52+08:00 ] ::1 /quce/index.php/Home/Index/palace?subject=ZSCS2
INFO: [ app_init ] --START--
INFO: Run Behavior\BuildLiteBehavior [ RunTime:0.000018s ]
INFO: [ app_init ] --END-- [ RunTime:0.000600s ]
INFO: [ app_begin ] --START--
INFO: Run Behavior\ReadHtmlCacheBehavior [ RunTime:0.001451s ]
INFO: [ app_begin ] --END-- [ RunTime:0.001716s ]
NOTIC: [8192] mysql_connect(): The mysql extension is deprecated and will be removed in the future: use mysqli or PDO instead G:\php\quce\ThinkPHP\Library\Think\Db\Driver\Mysql.class.php 第 52 行.
SQL: select id,hotstar,click from qc_choiceti_answer where subject='ZSCS2' limit 1 [ RunTime:0.000913s ]
SQL: update qc_choiceti_answer set click='2'+1 where id='2' [ RunTime:0.000925s ]
NOTIC: [2] mysql_num_rows() expects parameter 1 to be resource, boolean given G:\php\quce\ThinkPHP\Library\Think\Db\Driver\Mysql.class.php 第 106 行.
NOTIC: [2] mysql_free_result() expects parameter 1 to be resource, boolean given G:\php\quce\ThinkPHP\Library\Think\Db\Driver\Mysql.class.php 第 77 行.
SQL: select link from qc_zhiming_link where type='ZSCS2' [ RunTime:0.000725s ]
SQL: insert into qc_click_order (subject,uid,channel)values('ZSCS2','2018062560083110304','') [ RunTime:0.000809s ]
NOTIC: [2] mysql_num_rows() expects parameter 1 to be resource, boolean given G:\php\quce\ThinkPHP\Library\Think\Db\Driver\Mysql.class.php 第 106 行.
NOTIC: [2] mysql_free_result() expects parameter 1 to be resource, boolean given G:\php\quce\ThinkPHP\Library\Think\Db\Driver\Mysql.class.php 第 77 行.
SQL: select id from qc_free_order where subject='ZSCS2' and uid='2018062560083110304' [ RunTime:0.000849s ]
SQL: select id from qc_free_order where uid='2018062560083110304' order by id desc limit 1 [ RunTime:0.000869s ]
INFO: [ view_parse ] --START--
INFO: [ template_filter ] --START--
INFO: Run Behavior\ContentReplaceBehavior [ RunTime:0.000242s ]
INFO: [ template_filter ] --END-- [ RunTime:0.000311s ]
INFO: Run Behavior\ParseTemplateBehavior [ RunTime:0.016340s ]
INFO: [ view_parse ] --END-- [ RunTime:0.016444s ]
INFO: [ view_filter ] --START--
INFO: Run Behavior\WriteHtmlCacheBehavior [ RunTime:0.000598s ]
INFO: [ view_filter ] --END-- [ RunTime:0.000671s ]
INFO: [ app_end ] --START--
INFO: Run Behavior\ShowPageTraceBehavior [ RunTime:0.000945s ]
INFO: [ app_end ] --END-- [ RunTime:0.001047s ]

[ 2018-06-25T17:59:53+08:00 ] ::1 /quce/index.php/Home/Index/answer
INFO: [ app_init ] --START--
INFO: Run Behavior\BuildLiteBehavior [ RunTime:0.000026s ]
INFO: [ app_init ] --END-- [ RunTime:0.000698s ]
INFO: [ app_begin ] --START--
INFO: Run Behavior\ReadHtmlCacheBehavior [ RunTime:0.000801s ]
INFO: [ app_begin ] --END-- [ RunTime:0.000925s ]
NOTIC: [8] Undefined index: subject G:\php\quce\Application\Home\Controller\IndexController.class.php 第 22 行.
NOTIC: [8192] mysql_connect(): The mysql extension is deprecated and will be removed in the future: use mysqli or PDO instead G:\php\quce\ThinkPHP\Library\Think\Db\Driver\Mysql.class.php 第 52 行.
SQL: select * from qc_choiceti_answer where subject='ZSCS2' LIMIT 1 [ RunTime:0.001259s ]
INFO: [ app_end ] --START--
INFO: Run Behavior\ShowPageTraceBehavior [ RunTime:0.001032s ]
INFO: [ app_end ] --END-- [ RunTime:0.001130s ]

[ 2018-06-25T17:59:54+08:00 ] ::1 /quce/index.php/Home/Index/topic
INFO: [ app_init ] --START--
INFO: Run Behavior\BuildLiteBehavior [ RunTime:0.000023s ]
INFO: [ app_init ] --END-- [ RunTime:0.000750s ]
INFO: [ app_begin ] --START--
INFO: Run Behavior\ReadHtmlCacheBehavior [ RunTime:0.000955s ]
INFO: [ app_begin ] --END-- [ RunTime:0.001070s ]
NOTIC: [8] Undefined index: subject G:\php\quce\Application\Home\Controller\IndexController.class.php 第 30 行.
NOTIC: [8192] mysql_connect(): The mysql extension is deprecated and will be removed in the future: use mysqli or PDO instead G:\php\quce\ThinkPHP\Library\Think\Db\Driver\Mysql.class.php 第 52 行.
SQL: select * from qc_choiceti_topic where subject='ZSCS2' [ RunTime:0.001530s ]
INFO: [ app_end ] --START--
INFO: Run Behavior\ShowPageTraceBehavior [ RunTime:0.000938s ]
INFO: [ app_end ] --END-- [ RunTime:0.001011s ]

[ 2018-06-25T18:00:05+08:00 ] ::1 /quce/index.php/Home/Index/palace?subject=ZSCS2
INFO: [ app_init ] --START--
INFO: Run Behavior\BuildLiteBehavior [ RunTime:0.000021s ]
INFO: [ app_init ] --END-- [ RunTime:0.000674s ]
INFO: [ app_begin ] --START--
INFO: Run Behavior\ReadHtmlCacheBehavior [ RunTime:0.000874s ]
INFO: [ app_begin ] --END-- [ RunTime:0.000966s ]
NOTIC: [8192] mysql_connect(): The mysql extension is deprecated and will be removed in the future: use mysqli or PDO instead G:\php\quce\ThinkPHP\Library\Think\Db\Driver\Mysql.class.php 第 52 行.
SQL: select id,hotstar,click from qc_choiceti_answer where subject='ZSCS2' limit 1 [ RunTime:0.002517s ]
SQL: update qc_choiceti_answer set click='3'+1 where id='2' [ RunTime:0.001630s ]
NOTIC: [2] mysql_num_rows() expects parameter 1 to be resource, boolean given G:\php\quce\ThinkPHP\Library\Think\Db\Driver\Mysql.class.php 第 106 行.
NOTIC: [2] mysql_free_result() expects parameter 1 to be resource, boolean given G:\php\quce\ThinkPHP\Library\Think\Db\Driver\Mysql.class.php 第 77 行.
SQL: select link from qc_zhiming_link where type='ZSCS2' [ RunTime:0.001537s ]
SQL: insert into qc_click_order (subject,uid,channel)values('ZSCS2','2018062560083110304','') [ RunTime:0.001388s ]
NOTIC: [2] mysql_num_rows() expects parameter 1 to be resource, boolean given G:\php\quce\ThinkPHP\Library\Think\Db\Driver\Mysql.class.php 第 106 行.
NOTIC: [2] mysql_free_result() expects parameter 1 to be resource, boolean given G:\php\quce\ThinkPHP\Library\Think\Db\Driver\Mysql.class.php 第 77 行.
SQL: select id from qc_free_order where subject='ZSCS2' and uid='2018062560083110304' [ RunTime:0.001643s ]
SQL: select id from qc_free_order where uid='2018062560083110304' order by id desc limit 1 [ RunTime:0.001393s ]
SQL: insert into qc_free_order (subject,uid)values('ZSCS2','2018062560083110304') [ RunTime:0.000821s ]
NOTIC: [2] mysql_num_rows() expects parameter 1 to be resource, boolean given G:\php\quce\ThinkPHP\Library\Think\Db\Driver\Mysql.class.php 第 106 行.
INFO: [ view_parse ] --START--
INFO: [ template_filter ] --START--
INFO: Run Behavior\ContentReplaceBehavior [ RunTime:0.000440s ]
INFO: [ template_filter ] --END-- [ RunTime:0.000528s ]
INFO: Run Behavior\ParseTemplateBehavior [ RunTime:0.015898s ]
INFO: [ view_parse ] --END-- [ RunTime:0.016085s ]
INFO: [ view_filter ] --START--
INFO: Run Behavior\WriteHtmlCacheBehavior [ RunTime:0.001015s ]
INFO: [ view_filter ] --END-- [ RunTime:0.001097s ]
INFO: [ app_end ] --START--
INFO: Run Behavior\ShowPageTraceBehavior [ RunTime:0.001385s ]
INFO: [ app_end ] --END-- [ RunTime:0.001798s ]

[ 2018-06-25T18:00:06+08:00 ] ::1 /quce/index.php/Home/Index/answer
INFO: [ app_init ] --START--
INFO: Run Behavior\BuildLiteBehavior [ RunTime:0.000025s ]
INFO: [ app_init ] --END-- [ RunTime:0.000798s ]
INFO: [ app_begin ] --START--
INFO: Run Behavior\ReadHtmlCacheBehavior [ RunTime:0.001167s ]
INFO: [ app_begin ] --END-- [ RunTime:0.001265s ]
NOTIC: [8] Undefined index: subject G:\php\quce\Application\Home\Controller\IndexController.class.php 第 22 行.
NOTIC: [8192] mysql_connect(): The mysql extension is deprecated and will be removed in the future: use mysqli or PDO instead G:\php\quce\ThinkPHP\Library\Think\Db\Driver\Mysql.class.php 第 52 行.
SQL: select * from qc_choiceti_answer where subject='ZSCS2' LIMIT 1 [ RunTime:0.001263s ]
INFO: [ app_end ] --START--
INFO: Run Behavior\ShowPageTraceBehavior [ RunTime:0.001485s ]
INFO: [ app_end ] --END-- [ RunTime:0.001589s ]

[ 2018-06-25T18:00:07+08:00 ] ::1 /quce/index.php/Home/Index/topic
INFO: [ app_init ] --START--
INFO: Run Behavior\BuildLiteBehavior [ RunTime:0.000020s ]
INFO: [ app_init ] --END-- [ RunTime:0.000712s ]
INFO: [ app_begin ] --START--
INFO: Run Behavior\ReadHtmlCacheBehavior [ RunTime:0.001231s ]
INFO: [ app_begin ] --END-- [ RunTime:0.001321s ]
NOTIC: [8] Undefined index: subject G:\php\quce\Application\Home\Controller\IndexController.class.php 第 30 行.
NOTIC: [8192] mysql_connect(): The mysql extension is deprecated and will be removed in the future: use mysqli or PDO instead G:\php\quce\ThinkPHP\Library\Think\Db\Driver\Mysql.class.php 第 52 行.
SQL: select * from qc_choiceti_topic where subject='ZSCS2' [ RunTime:0.001388s ]
INFO: [ app_end ] --START--
INFO: Run Behavior\ShowPageTraceBehavior [ RunTime:0.001057s ]
INFO: [ app_end ] --END-- [ RunTime:0.001136s ]

[ 2018-06-25T18:00:15+08:00 ] ::1 /quce/index.php/Home/Index/palace?subject=ZSCS2
INFO: [ app_init ] --START--
INFO: Run Behavior\BuildLiteBehavior [ RunTime:0.000018s ]
INFO: [ app_init ] --END-- [ RunTime:0.000520s ]
INFO: [ app_begin ] --START--
INFO: Run Behavior\ReadHtmlCacheBehavior [ RunTime:0.000699s ]
INFO: [ app_begin ] --END-- [ RunTime:0.000794s ]
NOTIC: [8192] mysql_connect(): The mysql extension is deprecated and will be removed in the future: use mysqli or PDO instead G:\php\quce\ThinkPHP\Library\Think\Db\Driver\Mysql.class.php 第 52 行.
SQL: select id,hotstar,click from qc_choiceti_answer where subject='ZSCS2' limit 1 [ RunTime:0.000755s ]
SQL: update qc_choiceti_answer set click='4'+1 where id='2' [ RunTime:0.000743s ]
NOTIC: [2] mysql_num_rows() expects parameter 1 to be resource, boolean given G:\php\quce\ThinkPHP\Library\Think\Db\Driver\Mysql.class.php 第 106 行.
NOTIC: [2] mysql_free_result() expects parameter 1 to be resource, boolean given G:\php\quce\ThinkPHP\Library\Think\Db\Driver\Mysql.class.php 第 77 行.
SQL: select link from qc_zhiming_link where type='ZSCS2' [ RunTime:0.000764s ]
SQL: insert into qc_click_order (subject,uid,channel)values('ZSCS2','2018062560083110304','') [ RunTime:0.000789s ]
NOTIC: [2] mysql_num_rows() expects parameter 1 to be resource, boolean given G:\php\quce\ThinkPHP\Library\Think\Db\Driver\Mysql.class.php 第 106 行.
NOTIC: [2] mysql_free_result() expects parameter 1 to be resource, boolean given G:\php\quce\ThinkPHP\Library\Think\Db\Driver\Mysql.class.php 第 77 行.
SQL: select id from qc_free_order where subject='ZSCS2' and uid='2018062560083110304' [ RunTime:0.000834s ]
SQL: select id from qc_free_order where uid='2018062560083110304' order by id desc limit 1 [ RunTime:0.000739s ]
INFO: [ view_parse ] --START--
INFO: [ template_filter ] --START--
INFO: Run Behavior\ContentReplaceBehavior [ RunTime:0.000196s ]
INFO: [ template_filter ] --END-- [ RunTime:0.000263s ]
INFO: Run Behavior\ParseTemplateBehavior [ RunTime:0.012824s ]
INFO: [ view_parse ] --END-- [ RunTime:0.012915s ]
INFO: [ view_filter ] --START--
INFO: Run Behavior\WriteHtmlCacheBehavior [ RunTime:0.000522s ]
INFO: [ view_filter ] --END-- [ RunTime:0.000602s ]
INFO: [ app_end ] --START--
INFO: Run Behavior\ShowPageTraceBehavior [ RunTime:0.000833s ]
INFO: [ app_end ] --END-- [ RunTime:0.000921s ]

[ 2018-06-25T18:00:16+08:00 ] ::1 /quce/index.php/Home/Index/answer
INFO: [ app_init ] --START--
INFO: Run Behavior\BuildLiteBehavior [ RunTime:0.000022s ]
INFO: [ app_init ] --END-- [ RunTime:0.000647s ]
INFO: [ app_begin ] --START--
INFO: Run Behavior\ReadHtmlCacheBehavior [ RunTime:0.000720s ]
INFO: [ app_begin ] --END-- [ RunTime:0.000813s ]
NOTIC: [8] Undefined index: subject G:\php\quce\Application\Home\Controller\IndexController.class.php 第 22 行.
NOTIC: [8192] mysql_connect(): The mysql extension is deprecated and will be removed in the future: use mysqli or PDO instead G:\php\quce\ThinkPHP\Library\Think\Db\Driver\Mysql.class.php 第 52 行.
SQL: select * from qc_choiceti_answer where subject='ZSCS2' LIMIT 1 [ RunTime:0.000978s ]
INFO: [ app_end ] --START--
INFO: Run Behavior\ShowPageTraceBehavior [ RunTime:0.000666s ]
INFO: [ app_end ] --END-- [ RunTime:0.000728s ]

[ 2018-06-25T18:00:17+08:00 ] ::1 /quce/index.php/Home/Index/topic
INFO: [ app_init ] --START--
INFO: Run Behavior\BuildLiteBehavior [ RunTime:0.000023s ]
INFO: [ app_init ] --END-- [ RunTime:0.000886s ]
INFO: [ app_begin ] --START--
INFO: Run Behavior\ReadHtmlCacheBehavior [ RunTime:0.001062s ]
INFO: [ app_begin ] --END-- [ RunTime:0.001160s ]
NOTIC: [8] Undefined index: subject G:\php\quce\Application\Home\Controller\IndexController.class.php 第 30 行.
NOTIC: [8192] mysql_connect(): The mysql extension is deprecated and will be removed in the future: use mysqli or PDO instead G:\php\quce\ThinkPHP\Library\Think\Db\Driver\Mysql.class.php 第 52 行.
SQL: select * from qc_choiceti_topic where subject='ZSCS2' [ RunTime:0.001180s ]
INFO: [ app_end ] --START--
INFO: Run Behavior\ShowPageTraceBehavior [ RunTime:0.001010s ]
INFO: [ app_end ] --END-- [ RunTime:0.001076s ]

[ 2018-06-25T18:00:57+08:00 ] ::1 /quce/index.php/Home/Index/palace?subject=ZSCS2
INFO: [ app_init ] --START--
INFO: Run Behavior\BuildLiteBehavior [ RunTime:0.000021s ]
INFO: [ app_init ] --END-- [ RunTime:0.000561s ]
INFO: [ app_begin ] --START--
INFO: Run Behavior\ReadHtmlCacheBehavior [ RunTime:0.000914s ]
INFO: [ app_begin ] --END-- [ RunTime:0.001016s ]
NOTIC: [8192] mysql_connect(): The mysql extension is deprecated and will be removed in the future: use mysqli or PDO instead G:\php\quce\ThinkPHP\Library\Think\Db\Driver\Mysql.class.php 第 52 行.
SQL: select id,hotstar,click from qc_choiceti_answer where subject='ZSCS2' limit 1 [ RunTime:0.001162s ]
SQL: update qc_choiceti_answer set click='5'+1 where id='2' [ RunTime:0.001468s ]
NOTIC: [2] mysql_num_rows() expects parameter 1 to be resource, boolean given G:\php\quce\ThinkPHP\Library\Think\Db\Driver\Mysql.class.php 第 106 行.
NOTIC: [2] mysql_free_result() expects parameter 1 to be resource, boolean given G:\php\quce\ThinkPHP\Library\Think\Db\Driver\Mysql.class.php 第 77 行.
SQL: select link from qc_zhiming_link where type='ZSCS2' [ RunTime:0.000853s ]
SQL: insert into qc_click_order (subject,uid,channel)values('ZSCS2','2018062560083110304','') [ RunTime:0.000820s ]
NOTIC: [2] mysql_num_rows() expects parameter 1 to be resource, boolean given G:\php\quce\ThinkPHP\Library\Think\Db\Driver\Mysql.class.php 第 106 行.
NOTIC: [2] mysql_free_result() expects parameter 1 to be resource, boolean given G:\php\quce\ThinkPHP\Library\Think\Db\Driver\Mysql.class.php 第 77 行.
SQL: select id from qc_free_order where subject='ZSCS2' and uid='2018062560083110304' limit 1 [ RunTime:0.001253s ]
SQL: select id from qc_free_order where uid='2018062560083110304' order by id desc limit 1 [ RunTime:0.000821s ]
SQL: delete from qc_free_order where subject='ZSCS2' and uid='2018062560083110304' [ RunTime:0.000774s ]
NOTIC: [2] mysql_num_rows() expects parameter 1 to be resource, boolean given G:\php\quce\ThinkPHP\Library\Think\Db\Driver\Mysql.class.php 第 106 行.
INFO: [ view_parse ] --START--
INFO: [ template_filter ] --START--
INFO: Run Behavior\ContentReplaceBehavior [ RunTime:0.000208s ]
INFO: [ template_filter ] --END-- [ RunTime:0.000284s ]
INFO: Run Behavior\ParseTemplateBehavior [ RunTime:0.012370s ]
INFO: [ view_parse ] --END-- [ RunTime:0.012446s ]
INFO: [ view_filter ] --START--
INFO: Run Behavior\WriteHtmlCacheBehavior [ RunTime:0.000661s ]
INFO: [ view_filter ] --END-- [ RunTime:0.000727s ]
INFO: [ app_end ] --START--
INFO: Run Behavior\ShowPageTraceBehavior [ RunTime:0.001386s ]
INFO: [ app_end ] --END-- [ RunTime:0.001466s ]

[ 2018-06-25T18:00:58+08:00 ] ::1 /quce/index.php/Home/Index/answer
INFO: [ app_init ] --START--
INFO: Run Behavior\BuildLiteBehavior [ RunTime:0.000020s ]
INFO: [ app_init ] --END-- [ RunTime:0.000670s ]
INFO: [ app_begin ] --START--
INFO: Run Behavior\ReadHtmlCacheBehavior [ RunTime:0.001099s ]
INFO: [ app_begin ] --END-- [ RunTime:0.001203s ]
NOTIC: [8] Undefined index: subject G:\php\quce\Application\Home\Controller\IndexController.class.php 第 22 行.
NOTIC: [8192] mysql_connect(): The mysql extension is deprecated and will be removed in the future: use mysqli or PDO instead G:\php\quce\ThinkPHP\Library\Think\Db\Driver\Mysql.class.php 第 52 行.
SQL: select * from qc_choiceti_answer where subject='ZSCS2' LIMIT 1 [ RunTime:0.001141s ]
INFO: [ app_end ] --START--
INFO: Run Behavior\ShowPageTraceBehavior [ RunTime:0.000933s ]
INFO: [ app_end ] --END-- [ RunTime:0.000995s ]

[ 2018-06-25T18:00:59+08:00 ] ::1 /quce/index.php/Home/Index/topic
INFO: [ app_init ] --START--
INFO: Run Behavior\BuildLiteBehavior [ RunTime:0.000026s ]
INFO: [ app_init ] --END-- [ RunTime:0.000771s ]
INFO: [ app_begin ] --START--
INFO: Run Behavior\ReadHtmlCacheBehavior [ RunTime:0.001055s ]
INFO: [ app_begin ] --END-- [ RunTime:0.001178s ]
NOTIC: [8] Undefined index: subject G:\php\quce\Application\Home\Controller\IndexController.class.php 第 30 行.
NOTIC: [8192] mysql_connect(): The mysql extension is deprecated and will be removed in the future: use mysqli or PDO instead G:\php\quce\ThinkPHP\Library\Think\Db\Driver\Mysql.class.php 第 52 行.
SQL: select * from qc_choiceti_topic where subject='ZSCS2' [ RunTime:0.001420s ]
INFO: [ app_end ] --START--
INFO: Run Behavior\ShowPageTraceBehavior [ RunTime:0.001009s ]
INFO: [ app_end ] --END-- [ RunTime:0.001078s ]

[ 2018-06-25T18:01:23+08:00 ] ::1 /quce/index.php/Home/Index/palace?subject=ZSCS2
INFO: [ app_init ] --START--
INFO: Run Behavior\BuildLiteBehavior [ RunTime:0.000075s ]
INFO: [ app_init ] --END-- [ RunTime:0.001119s ]
INFO: [ app_begin ] --START--
INFO: Run Behavior\ReadHtmlCacheBehavior [ RunTime:0.001542s ]
INFO: [ app_begin ] --END-- [ RunTime:0.001668s ]
NOTIC: [8192] mysql_connect(): The mysql extension is deprecated and will be removed in the future: use mysqli or PDO instead G:\php\quce\ThinkPHP\Library\Think\Db\Driver\Mysql.class.php 第 52 行.
SQL: select id,hotstar,click from qc_choiceti_answer where subject='ZSCS2' limit 1 [ RunTime:0.000973s ]
SQL: update qc_choiceti_answer set click='6'+1 where id='2' [ RunTime:0.001026s ]
NOTIC: [2] mysql_num_rows() expects parameter 1 to be resource, boolean given G:\php\quce\ThinkPHP\Library\Think\Db\Driver\Mysql.class.php 第 106 行.
NOTIC: [2] mysql_free_result() expects parameter 1 to be resource, boolean given G:\php\quce\ThinkPHP\Library\Think\Db\Driver\Mysql.class.php 第 77 行.
SQL: select link from qc_zhiming_link where type='ZSCS2' [ RunTime:0.000958s ]
SQL: insert into qc_click_order (subject,uid,channel)values('ZSCS2','2018062560083110304','') [ RunTime:0.000927s ]
NOTIC: [2] mysql_num_rows() expects parameter 1 to be resource, boolean given G:\php\quce\ThinkPHP\Library\Think\Db\Driver\Mysql.class.php 第 106 行.
NOTIC: [2] mysql_free_result() expects parameter 1 to be resource, boolean given G:\php\quce\ThinkPHP\Library\Think\Db\Driver\Mysql.class.php 第 77 行.
SQL: select id from qc_free_order where subject='ZSCS2' and uid='2018062560083110304' limit 1 [ RunTime:0.000973s ]
SQL: select id from qc_free_order where uid='2018062560083110304' order by id desc limit 1 [ RunTime:0.000916s ]
SQL: insert into qc_free_order (subject,uid)values('ZSCS2','2018062560083110304') [ RunTime:0.000846s ]
NOTIC: [2] mysql_num_rows() expects parameter 1 to be resource, boolean given G:\php\quce\ThinkPHP\Library\Think\Db\Driver\Mysql.class.php 第 106 行.
INFO: [ view_parse ] --START--
INFO: [ template_filter ] --START--
INFO: Run Behavior\ContentReplaceBehavior [ RunTime:0.000192s ]
INFO: [ template_filter ] --END-- [ RunTime:0.000264s ]
INFO: Run Behavior\ParseTemplateBehavior [ RunTime:0.014834s ]
INFO: [ view_parse ] --END-- [ RunTime:0.014911s ]
INFO: [ view_filter ] --START--
INFO: Run Behavior\WriteHtmlCacheBehavior [ RunTime:0.000444s ]
INFO: [ view_filter ] --END-- [ RunTime:0.000508s ]
INFO: [ app_end ] --START--
INFO: Run Behavior\ShowPageTraceBehavior [ RunTime:0.000785s ]
INFO: [ app_end ] --END-- [ RunTime:0.000860s ]

[ 2018-06-25T18:01:24+08:00 ] ::1 /quce/index.php/Home/Index/answer
INFO: [ app_init ] --START--
INFO: Run Behavior\BuildLiteBehavior [ RunTime:0.000023s ]
INFO: [ app_init ] --END-- [ RunTime:0.000747s ]
INFO: [ app_begin ] --START--
INFO: Run Behavior\ReadHtmlCacheBehavior [ RunTime:0.000743s ]
INFO: [ app_begin ] --END-- [ RunTime:0.000868s ]
NOTIC: [8] Undefined index: subject G:\php\quce\Application\Home\Controller\IndexController.class.php 第 22 行.
NOTIC: [8192] mysql_connect(): The mysql extension is deprecated and will be removed in the future: use mysqli or PDO instead G:\php\quce\ThinkPHP\Library\Think\Db\Driver\Mysql.class.php 第 52 行.
SQL: select * from qc_choiceti_answer where subject='ZSCS2' LIMIT 1 [ RunTime:0.002772s ]
INFO: [ app_end ] --START--
INFO: Run Behavior\ShowPageTraceBehavior [ RunTime:0.001953s ]
INFO: [ app_end ] --END-- [ RunTime:0.002133s ]

[ 2018-06-25T18:01:25+08:00 ] ::1 /quce/index.php/Home/Index/topic
INFO: [ app_init ] --START--
INFO: Run Behavior\BuildLiteBehavior [ RunTime:0.000020s ]
INFO: [ app_init ] --END-- [ RunTime:0.000675s ]
INFO: [ app_begin ] --START--
INFO: Run Behavior\ReadHtmlCacheBehavior [ RunTime:0.000884s ]
INFO: [ app_begin ] --END-- [ RunTime:0.000972s ]
NOTIC: [8] Undefined index: subject G:\php\quce\Application\Home\Controller\IndexController.class.php 第 30 行.
NOTIC: [8192] mysql_connect(): The mysql extension is deprecated and will be removed in the future: use mysqli or PDO instead G:\php\quce\ThinkPHP\Library\Think\Db\Driver\Mysql.class.php 第 52 行.
SQL: select * from qc_choiceti_topic where subject='ZSCS2' [ RunTime:0.002034s ]
INFO: [ app_end ] --START--
INFO: Run Behavior\ShowPageTraceBehavior [ RunTime:0.001584s ]
INFO: [ app_end ] --END-- [ RunTime:0.001690s ]

