[ 2018-07-23T15:00:39+08:00 ] ::1 /quce/
INFO: [ app_init ] --START--
INFO: Run Behavior\BuildLiteBehavior [ RunTime:0.000078s ]
INFO: [ app_init ] --END-- [ RunTime:0.003774s ]
INFO: [ app_begin ] --START--
INFO: Run Behavior\ReadHtmlCacheBehavior [ RunTime:0.073447s ]
INFO: [ app_begin ] --END-- [ RunTime:0.073655s ]
NOTIC: [8] Undefined index: channel G:\php\quce\Application\Home\Controller\IndexController.class.php 第 33 行.
NOTIC: [8192] mysql_connect(): The mysql extension is deprecated and will be removed in the future: use mysqli or PDO instead G:\php\quce\ThinkPHP\Library\Think\Db\Driver\Mysql.class.php 第 52 行.
SQL: select * from qc_zhiming_link where type='quce' limit 8 [ RunTime:0.029919s ]
SQL: select * from qc_zhiming_link where type='banner'  [ RunTime:0.000913s ]
SQL: select title,subject from qc_choiceti_answer where id>1 order by id desc limit 5 [ RunTime:0.028642s ]
SQL: select name,type from qc_choiceti_type where id>0 order by sort  [ RunTime:0.021915s ]
INFO: [ view_parse ] --START--
INFO: [ template_filter ] --START--
INFO: Run Behavior\ContentReplaceBehavior [ RunTime:0.000162s ]
INFO: [ template_filter ] --END-- [ RunTime:0.000228s ]
INFO: Run Behavior\ParseTemplateBehavior [ RunTime:0.220598s ]
INFO: [ view_parse ] --END-- [ RunTime:0.220682s ]
INFO: [ view_filter ] --START--
INFO: Run Behavior\WriteHtmlCacheBehavior [ RunTime:0.039350s ]
INFO: [ view_filter ] --END-- [ RunTime:0.039428s ]
INFO: [ app_end ] --START--
INFO: Run Behavior\ShowPageTraceBehavior [ RunTime:0.065626s ]
INFO: [ app_end ] --END-- [ RunTime:0.065728s ]

[ 2018-07-23T15:00:41+08:00 ] ::1 /quce/index.php/Home-Index-indexAnswerNew?page=1
INFO: [ app_init ] --START--
INFO: Run Behavior\BuildLiteBehavior [ RunTime:0.000032s ]
INFO: [ app_init ] --END-- [ RunTime:0.001917s ]
INFO: [ app_begin ] --START--
INFO: Run Behavior\ReadHtmlCacheBehavior [ RunTime:0.001732s ]
INFO: [ app_begin ] --END-- [ RunTime:0.001835s ]
NOTIC: [8192] mysql_connect(): The mysql extension is deprecated and will be removed in the future: use mysqli or PDO instead G:\php\quce\ThinkPHP\Library\Think\Db\Driver\Mysql.class.php 第 52 行.
SQL: select id,title,content,subject,title_img,hotstar,type_img from qc_choiceti_answer where id>0 and title_img is not null  order by sort_new desc limit 0,10  [ RunTime:0.023857s ]
SQL: select link from qc_zhiming_link where subject='zhiming1' [ RunTime:0.000884s ]
SQL: select link from qc_zhiming_link where subject='zhiming6' [ RunTime:0.000876s ]
SQL: select link from qc_zhiming_link where subject='zhiming8' [ RunTime:0.000816s ]
INFO: [ app_end ] --START--
INFO: Run Behavior\ShowPageTraceBehavior [ RunTime:0.001347s ]
INFO: [ app_end ] --END-- [ RunTime:0.001480s ]

[ 2018-07-23T15:00:42+08:00 ] ::1 /quce/index.php/Home-Index-indexAnswer?page=1
INFO: [ app_init ] --START--
INFO: Run Behavior\BuildLiteBehavior [ RunTime:0.000020s ]
INFO: [ app_init ] --END-- [ RunTime:0.000718s ]
INFO: [ app_begin ] --START--
INFO: Run Behavior\ReadHtmlCacheBehavior [ RunTime:0.000799s ]
INFO: [ app_begin ] --END-- [ RunTime:0.000889s ]
NOTIC: [8192] mysql_connect(): The mysql extension is deprecated and will be removed in the future: use mysqli or PDO instead G:\php\quce\ThinkPHP\Library\Think\Db\Driver\Mysql.class.php 第 52 行.
SQL: select id,title,content,subject,title_img,hotstar,type_img from qc_choiceti_answer where  id>0 and title_img is not null  order by sort_hot desc limit 0,10 [ RunTime:0.002134s ]
SQL: select link from qc_zhiming_link where subject='zhiming1' [ RunTime:0.001088s ]
INFO: [ app_end ] --START--
INFO: Run Behavior\ShowPageTraceBehavior [ RunTime:0.001051s ]
INFO: [ app_end ] --END-- [ RunTime:0.001142s ]

[ 2018-07-23T15:00:43+08:00 ] ::1 /quce/index.php/Home-Login-index
INFO: [ app_init ] --START--
INFO: Run Behavior\BuildLiteBehavior [ RunTime:0.000017s ]
INFO: [ app_init ] --END-- [ RunTime:0.000466s ]
INFO: [ app_begin ] --START--
INFO: Run Behavior\ReadHtmlCacheBehavior [ RunTime:0.000584s ]
INFO: [ app_begin ] --END-- [ RunTime:0.000664s ]
INFO: [ view_parse ] --START--
INFO: [ template_filter ] --START--
INFO: Run Behavior\ContentReplaceBehavior [ RunTime:0.000071s ]
INFO: [ template_filter ] --END-- [ RunTime:0.000131s ]
NOTIC: [8] Undefined variable: channel G:\php\quce\Application\Runtime\Cache\Home\9d042f9741376e5544a84ec1dafd884e.php 第 72 行.
INFO: Run Behavior\ParseTemplateBehavior [ RunTime:0.176551s ]
INFO: [ view_parse ] --END-- [ RunTime:0.176640s ]
INFO: [ view_filter ] --START--
INFO: Run Behavior\WriteHtmlCacheBehavior [ RunTime:0.000765s ]
INFO: [ view_filter ] --END-- [ RunTime:0.000842s ]
INFO: [ app_end ] --START--
INFO: Run Behavior\ShowPageTraceBehavior [ RunTime:0.000696s ]
INFO: [ app_end ] --END-- [ RunTime:0.000802s ]

