[ 2018-11-27T11:45:11+08:00 ] ::1 /quce/
INFO: [ app_init ] --START--
INFO: Run Behavior\BuildLiteBehavior [ RunTime:0.000000s ]
INFO: [ app_init ] --END-- [ RunTime:0.039003s ]
INFO: [ app_begin ] --START--
INFO: Run Behavior\ReadHtmlCacheBehavior [ RunTime:0.043002s ]
INFO: [ app_begin ] --END-- [ RunTime:0.043002s ]
NOTIC: [8] Undefined index: channel D:\phpStudy\WWW\quce\Application\Home\Controller\IndexController.class.php 第 33 行.
SQL: select * from qc_zhiming_link where type='quce' limit 8 [ RunTime:0.033002s ]
SQL: select * from qc_zhiming_link where type='banner'  [ RunTime:0.000000s ]
SQL: select title,subject from qc_choiceti_answer where id>1 order by id desc limit 5 [ RunTime:0.056003s ]
SQL: select name,type from qc_choiceti_type where id>0 order by sort  [ RunTime:0.008000s ]
SQL: select id from qc_choiceti_answer where id<72 or id>79 [ RunTime:0.000000s ]
SQL: update qc_choiceti_answer set sort_new=48,sort_hot=80 where id=1 [ RunTime:0.001000s ]
NOTIC: [2] mysql_num_rows() expects parameter 1 to be resource, boolean given D:\phpStudy\WWW\quce\ThinkPHP\Library\Think\Db\Driver\Mysql.class.php 第 106 行.
NOTIC: [2] mysql_free_result() expects parameter 1 to be resource, boolean given D:\phpStudy\WWW\quce\ThinkPHP\Library\Think\Db\Driver\Mysql.class.php 第 77 行.
SQL: update qc_choiceti_answer set sort_new=76,sort_hot=84 where id=2 [ RunTime:0.008001s ]
NOTIC: [2] mysql_num_rows() expects parameter 1 to be resource, boolean given D:\phpStudy\WWW\quce\ThinkPHP\Library\Think\Db\Driver\Mysql.class.php 第 106 行.
NOTIC: [2] mysql_free_result() expects parameter 1 to be resource, boolean given D:\phpStudy\WWW\quce\ThinkPHP\Library\Think\Db\Driver\Mysql.class.php 第 77 行.
SQL: update qc_choiceti_answer set sort_new=67,sort_hot=39 where id=3 [ RunTime:0.001000s ]
NOTIC: [2] mysql_num_rows() expects parameter 1 to be resource, boolean given D:\phpStudy\WWW\quce\ThinkPHP\Library\Think\Db\Driver\Mysql.class.php 第 106 行.
NOTIC: [2] mysql_free_result() expects parameter 1 to be resource, boolean given D:\phpStudy\WWW\quce\ThinkPHP\Library\Think\Db\Driver\Mysql.class.php 第 77 行.
SQL: update qc_choiceti_answer set sort_new=65,sort_hot=78 where id=5 [ RunTime:0.000000s ]
NOTIC: [2] mysql_num_rows() expects parameter 1 to be resource, boolean given D:\phpStudy\WWW\quce\ThinkPHP\Library\Think\Db\Driver\Mysql.class.php 第 106 行.
NOTIC: [2] mysql_free_result() expects parameter 1 to be resource, boolean given D:\phpStudy\WWW\quce\ThinkPHP\Library\Think\Db\Driver\Mysql.class.php 第 77 行.
SQL: update qc_choiceti_answer set sort_new=70,sort_hot=8 where id=6 [ RunTime:0.001000s ]
NOTIC: [2] mysql_num_rows() expects parameter 1 to be resource, boolean given D:\phpStudy\WWW\quce\ThinkPHP\Library\Think\Db\Driver\Mysql.class.php 第 106 行.
NOTIC: [2] mysql_free_result() expects parameter 1 to be resource, boolean given D:\phpStudy\WWW\quce\ThinkPHP\Library\Think\Db\Driver\Mysql.class.php 第 77 行.
SQL: update qc_choiceti_answer set sort_new=1,sort_hot=2 where id=7 [ RunTime:0.007000s ]
NOTIC: [2] mysql_num_rows() expects parameter 1 to be resource, boolean given D:\phpStudy\WWW\quce\ThinkPHP\Library\Think\Db\Driver\Mysql.class.php 第 106 行.
NOTIC: [2] mysql_free_result() expects parameter 1 to be resource, boolean given D:\phpStudy\WWW\quce\ThinkPHP\Library\Think\Db\Driver\Mysql.class.php 第 77 行.
SQL: update qc_choiceti_answer set sort_new=35,sort_hot=74 where id=8 [ RunTime:0.000000s ]
NOTIC: [2] mysql_num_rows() expects parameter 1 to be resource, boolean given D:\phpStudy\WWW\quce\ThinkPHP\Library\Think\Db\Driver\Mysql.class.php 第 106 行.
NOTIC: [2] mysql_free_result() expects parameter 1 to be resource, boolean given D:\phpStudy\WWW\quce\ThinkPHP\Library\Think\Db\Driver\Mysql.class.php 第 77 行.
SQL: update qc_choiceti_answer set sort_new=69,sort_hot=76 where id=9 [ RunTime:0.001001s ]
NOTIC: [2] mysql_num_rows() expects parameter 1 to be resource, boolean given D:\phpStudy\WWW\quce\ThinkPHP\Library\Think\Db\Driver\Mysql.class.php 第 106 行.
NOTIC: [2] mysql_free_result() expects parameter 1 to be resource, boolean given D:\phpStudy\WWW\quce\ThinkPHP\Library\Think\Db\Driver\Mysql.class.php 第 77 行.
SQL: update qc_choiceti_answer set sort_new=86,sort_hot=27 where id=10 [ RunTime:0.000000s ]
NOTIC: [2] mysql_num_rows() expects parameter 1 to be resource, boolean given D:\phpStudy\WWW\quce\ThinkPHP\Library\Think\Db\Driver\Mysql.class.php 第 106 行.
NOTIC: [2] mysql_free_result() expects parameter 1 to be resource, boolean given D:\phpStudy\WWW\quce\ThinkPHP\Library\Think\Db\Driver\Mysql.class.php 第 77 行.
SQL: update qc_choiceti_answer set sort_new=50,sort_hot=10 where id=11 [ RunTime:0.001000s ]
NOTIC: [2] mysql_num_rows() expects parameter 1 to be resource, boolean given D:\phpStudy\WWW\quce\ThinkPHP\Library\Think\Db\Driver\Mysql.class.php 第 106 行.
NOTIC: [2] mysql_free_result() expects parameter 1 to be resource, boolean given D:\phpStudy\WWW\quce\ThinkPHP\Library\Think\Db\Driver\Mysql.class.php 第 77 行.
SQL: update qc_choiceti_answer set sort_new=30,sort_hot=74 where id=12 [ RunTime:0.000000s ]
NOTIC: [2] mysql_num_rows() expects parameter 1 to be resource, boolean given D:\phpStudy\WWW\quce\ThinkPHP\Library\Think\Db\Driver\Mysql.class.php 第 106 行.
NOTIC: [2] mysql_free_result() expects parameter 1 to be resource, boolean given D:\phpStudy\WWW\quce\ThinkPHP\Library\Think\Db\Driver\Mysql.class.php 第 77 行.
SQL: update qc_choiceti_answer set sort_new=16,sort_hot=35 where id=13 [ RunTime:0.014000s ]
NOTIC: [2] mysql_num_rows() expects parameter 1 to be resource, boolean given D:\phpStudy\WWW\quce\ThinkPHP\Library\Think\Db\Driver\Mysql.class.php 第 106 行.
NOTIC: [2] mysql_free_result() expects parameter 1 to be resource, boolean given D:\phpStudy\WWW\quce\ThinkPHP\Library\Think\Db\Driver\Mysql.class.php 第 77 行.
SQL: update qc_choiceti_answer set sort_new=16,sort_hot=20 where id=14 [ RunTime:0.000000s ]
NOTIC: [2] mysql_num_rows() expects parameter 1 to be resource, boolean given D:\phpStudy\WWW\quce\ThinkPHP\Library\Think\Db\Driver\Mysql.class.php 第 106 行.
NOTIC: [2] mysql_free_result() expects parameter 1 to be resource, boolean given D:\phpStudy\WWW\quce\ThinkPHP\Library\Think\Db\Driver\Mysql.class.php 第 77 行.
SQL: update qc_choiceti_answer set sort_new=73,sort_hot=80 where id=15 [ RunTime:0.001000s ]
NOTIC: [2] mysql_num_rows() expects parameter 1 to be resource, boolean given D:\phpStudy\WWW\quce\ThinkPHP\Library\Think\Db\Driver\Mysql.class.php 第 106 行.
NOTIC: [2] mysql_free_result() expects parameter 1 to be resource, boolean given D:\phpStudy\WWW\quce\ThinkPHP\Library\Think\Db\Driver\Mysql.class.php 第 77 行.
SQL: update qc_choiceti_answer set sort_new=90,sort_hot=63 where id=16 [ RunTime:0.000000s ]
NOTIC: [2] mysql_num_rows() expects parameter 1 to be resource, boolean given D:\phpStudy\WWW\quce\ThinkPHP\Library\Think\Db\Driver\Mysql.class.php 第 106 行.
NOTIC: [2] mysql_free_result() expects parameter 1 to be resource, boolean given D:\phpStudy\WWW\quce\ThinkPHP\Library\Think\Db\Driver\Mysql.class.php 第 77 行.
SQL: update qc_choiceti_answer set sort_new=7,sort_hot=2 where id=17 [ RunTime:0.000000s ]
NOTIC: [2] mysql_num_rows() expects parameter 1 to be resource, boolean given D:\phpStudy\WWW\quce\ThinkPHP\Library\Think\Db\Driver\Mysql.class.php 第 106 行.
NOTIC: [2] mysql_free_result() expects parameter 1 to be resource, boolean given D:\phpStudy\WWW\quce\ThinkPHP\Library\Think\Db\Driver\Mysql.class.php 第 77 行.
SQL: update qc_choiceti_answer set sort_new=80,sort_hot=42 where id=18 [ RunTime:0.001001s ]
NOTIC: [2] mysql_num_rows() expects parameter 1 to be resource, boolean given D:\phpStudy\WWW\quce\ThinkPHP\Library\Think\Db\Driver\Mysql.class.php 第 106 行.
NOTIC: [2] mysql_free_result() expects parameter 1 to be resource, boolean given D:\phpStudy\WWW\quce\ThinkPHP\Library\Think\Db\Driver\Mysql.class.php 第 77 行.
SQL: update qc_choiceti_answer set sort_new=44,sort_hot=38 where id=19 [ RunTime:0.000000s ]
NOTIC: [2] mysql_num_rows() expects parameter 1 to be resource, boolean given D:\phpStudy\WWW\quce\ThinkPHP\Library\Think\Db\Driver\Mysql.class.php 第 106 行.
NOTIC: [2] mysql_free_result() expects parameter 1 to be resource, boolean given D:\phpStudy\WWW\quce\ThinkPHP\Library\Think\Db\Driver\Mysql.class.php 第 77 行.
SQL: update qc_choiceti_answer set sort_new=28,sort_hot=54 where id=20 [ RunTime:0.000000s ]
NOTIC: [2] mysql_num_rows() expects parameter 1 to be resource, boolean given D:\phpStudy\WWW\quce\ThinkPHP\Library\Think\Db\Driver\Mysql.class.php 第 106 行.
NOTIC: [2] mysql_free_result() expects parameter 1 to be resource, boolean given D:\phpStudy\WWW\quce\ThinkPHP\Library\Think\Db\Driver\Mysql.class.php 第 77 行.
SQL: update qc_choiceti_answer set sort_new=15,sort_hot=80 where id=21 [ RunTime:0.001000s ]
NOTIC: [2] mysql_num_rows() expects parameter 1 to be resource, boolean given D:\phpStudy\WWW\quce\ThinkPHP\Library\Think\Db\Driver\Mysql.class.php 第 106 行.
NOTIC: [2] mysql_free_result() expects parameter 1 to be resource, boolean given D:\phpStudy\WWW\quce\ThinkPHP\Library\Think\Db\Driver\Mysql.class.php 第 77 行.
SQL: update qc_choiceti_answer set sort_new=35,sort_hot=18 where id=22 [ RunTime:0.000000s ]
NOTIC: [2] mysql_num_rows() expects parameter 1 to be resource, boolean given D:\phpStudy\WWW\quce\ThinkPHP\Library\Think\Db\Driver\Mysql.class.php 第 106 行.
NOTIC: [2] mysql_free_result() expects parameter 1 to be resource, boolean given D:\phpStudy\WWW\quce\ThinkPHP\Library\Think\Db\Driver\Mysql.class.php 第 77 行.
SQL: update qc_choiceti_answer set sort_new=8,sort_hot=75 where id=23 [ RunTime:0.000000s ]
NOTIC: [2] mysql_num_rows() expects parameter 1 to be resource, boolean given D:\phpStudy\WWW\quce\ThinkPHP\Library\Think\Db\Driver\Mysql.class.php 第 106 行.
NOTIC: [2] mysql_free_result() expects parameter 1 to be resource, boolean given D:\phpStudy\WWW\quce\ThinkPHP\Library\Think\Db\Driver\Mysql.class.php 第 77 行.
SQL: update qc_choiceti_answer set sort_new=44,sort_hot=2 where id=24 [ RunTime:0.000000s ]
NOTIC: [2] mysql_num_rows() expects parameter 1 to be resource, boolean given D:\phpStudy\WWW\quce\ThinkPHP\Library\Think\Db\Driver\Mysql.class.php 第 106 行.
NOTIC: [2] mysql_free_result() expects parameter 1 to be resource, boolean given D:\phpStudy\WWW\quce\ThinkPHP\Library\Think\Db\Driver\Mysql.class.php 第 77 行.
SQL: update qc_choiceti_answer set sort_new=19,sort_hot=55 where id=25 [ RunTime:0.010000s ]
NOTIC: [2] mysql_num_rows() expects parameter 1 to be resource, boolean given D:\phpStudy\WWW\quce\ThinkPHP\Library\Think\Db\Driver\Mysql.class.php 第 106 行.
NOTIC: [2] mysql_free_result() expects parameter 1 to be resource, boolean given D:\phpStudy\WWW\quce\ThinkPHP\Library\Think\Db\Driver\Mysql.class.php 第 77 行.
SQL: update qc_choiceti_answer set sort_new=88,sort_hot=46 where id=26 [ RunTime:0.001000s ]
NOTIC: [2] mysql_num_rows() expects parameter 1 to be resource, boolean given D:\phpStudy\WWW\quce\ThinkPHP\Library\Think\Db\Driver\Mysql.class.php 第 106 行.
NOTIC: [2] mysql_free_result() expects parameter 1 to be resource, boolean given D:\phpStudy\WWW\quce\ThinkPHP\Library\Think\Db\Driver\Mysql.class.php 第 77 行.
SQL: update qc_choiceti_answer set sort_new=28,sort_hot=53 where id=27 [ RunTime:0.000000s ]
NOTIC: [2] mysql_num_rows() expects parameter 1 to be resource, boolean given D:\phpStudy\WWW\quce\ThinkPHP\Library\Think\Db\Driver\Mysql.class.php 第 106 行.
NOTIC: [2] mysql_free_result() expects parameter 1 to be resource, boolean given D:\phpStudy\WWW\quce\ThinkPHP\Library\Think\Db\Driver\Mysql.class.php 第 77 行.
SQL: update qc_choiceti_answer set sort_new=8,sort_hot=8 where id=28 [ RunTime:0.001000s ]
NOTIC: [2] mysql_num_rows() expects parameter 1 to be resource, boolean given D:\phpStudy\WWW\quce\ThinkPHP\Library\Think\Db\Driver\Mysql.class.php 第 106 行.
NOTIC: [2] mysql_free_result() expects parameter 1 to be resource, boolean given D:\phpStudy\WWW\quce\ThinkPHP\Library\Think\Db\Driver\Mysql.class.php 第 77 行.
SQL: update qc_choiceti_answer set sort_new=54,sort_hot=88 where id=29 [ RunTime:0.000000s ]
NOTIC: [2] mysql_num_rows() expects parameter 1 to be resource, boolean given D:\phpStudy\WWW\quce\ThinkPHP\Library\Think\Db\Driver\Mysql.class.php 第 106 行.
NOTIC: [2] mysql_free_result() expects parameter 1 to be resource, boolean given D:\phpStudy\WWW\quce\ThinkPHP\Library\Think\Db\Driver\Mysql.class.php 第 77 行.
SQL: update qc_choiceti_answer set sort_new=42,sort_hot=47 where id=30 [ RunTime:0.001000s ]
NOTIC: [2] mysql_num_rows() expects parameter 1 to be resource, boolean given D:\phpStudy\WWW\quce\ThinkPHP\Library\Think\Db\Driver\Mysql.class.php 第 106 行.
NOTIC: [2] mysql_free_result() expects parameter 1 to be resource, boolean given D:\phpStudy\WWW\quce\ThinkPHP\Library\Think\Db\Driver\Mysql.class.php 第 77 行.
SQL: update qc_choiceti_answer set sort_new=52,sort_hot=31 where id=31 [ RunTime:0.000000s ]
NOTIC: [2] mysql_num_rows() expects parameter 1 to be resource, boolean given D:\phpStudy\WWW\quce\ThinkPHP\Library\Think\Db\Driver\Mysql.class.php 第 106 行.
NOTIC: [2] mysql_free_result() expects parameter 1 to be resource, boolean given D:\phpStudy\WWW\quce\ThinkPHP\Library\Think\Db\Driver\Mysql.class.php 第 77 行.
SQL: update qc_choiceti_answer set sort_new=12,sort_hot=68 where id=32 [ RunTime:0.000000s ]
NOTIC: [2] mysql_num_rows() expects parameter 1 to be resource, boolean given D:\phpStudy\WWW\quce\ThinkPHP\Library\Think\Db\Driver\Mysql.class.php 第 106 行.
NOTIC: [2] mysql_free_result() expects parameter 1 to be resource, boolean given D:\phpStudy\WWW\quce\ThinkPHP\Library\Think\Db\Driver\Mysql.class.php 第 77 行.
SQL: update qc_choiceti_answer set sort_new=69,sort_hot=80 where id=33 [ RunTime:0.001000s ]
NOTIC: [2] mysql_num_rows() expects parameter 1 to be resource, boolean given D:\phpStudy\WWW\quce\ThinkPHP\Library\Think\Db\Driver\Mysql.class.php 第 106 行.
NOTIC: [2] mysql_free_result() expects parameter 1 to be resource, boolean given D:\phpStudy\WWW\quce\ThinkPHP\Library\Think\Db\Driver\Mysql.class.php 第 77 行.
SQL: update qc_choiceti_answer set sort_new=75,sort_hot=3 where id=34 [ RunTime:0.000000s ]
NOTIC: [2] mysql_num_rows() expects parameter 1 to be resource, boolean given D:\phpStudy\WWW\quce\ThinkPHP\Library\Think\Db\Driver\Mysql.class.php 第 106 行.
NOTIC: [2] mysql_free_result() expects parameter 1 to be resource, boolean given D:\phpStudy\WWW\quce\ThinkPHP\Library\Think\Db\Driver\Mysql.class.php 第 77 行.
SQL: update qc_choiceti_answer set sort_new=31,sort_hot=40 where id=35 [ RunTime:0.003001s ]
NOTIC: [2] mysql_num_rows() expects parameter 1 to be resource, boolean given D:\phpStudy\WWW\quce\ThinkPHP\Library\Think\Db\Driver\Mysql.class.php 第 106 行.
NOTIC: [2] mysql_free_result() expects parameter 1 to be resource, boolean given D:\phpStudy\WWW\quce\ThinkPHP\Library\Think\Db\Driver\Mysql.class.php 第 77 行.
SQL: update qc_choiceti_answer set sort_new=30,sort_hot=83 where id=36 [ RunTime:0.000000s ]
NOTIC: [2] mysql_num_rows() expects parameter 1 to be resource, boolean given D:\phpStudy\WWW\quce\ThinkPHP\Library\Think\Db\Driver\Mysql.class.php 第 106 行.
NOTIC: [2] mysql_free_result() expects parameter 1 to be resource, boolean given D:\phpStudy\WWW\quce\ThinkPHP\Library\Think\Db\Driver\Mysql.class.php 第 77 行.
SQL: update qc_choiceti_answer set sort_new=56,sort_hot=3 where id=37 [ RunTime:0.001000s ]
NOTIC: [2] mysql_num_rows() expects parameter 1 to be resource, boolean given D:\phpStudy\WWW\quce\ThinkPHP\Library\Think\Db\Driver\Mysql.class.php 第 106 行.
NOTIC: [2] mysql_free_result() expects parameter 1 to be resource, boolean given D:\phpStudy\WWW\quce\ThinkPHP\Library\Think\Db\Driver\Mysql.class.php 第 77 行.
SQL: update qc_choiceti_answer set sort_new=13,sort_hot=12 where id=38 [ RunTime:0.000000s ]
NOTIC: [2] mysql_num_rows() expects parameter 1 to be resource, boolean given D:\phpStudy\WWW\quce\ThinkPHP\Library\Think\Db\Driver\Mysql.class.php 第 106 行.
NOTIC: [2] mysql_free_result() expects parameter 1 to be resource, boolean given D:\phpStudy\WWW\quce\ThinkPHP\Library\Think\Db\Driver\Mysql.class.php 第 77 行.
SQL: update qc_choiceti_answer set sort_new=35,sort_hot=47 where id=39 [ RunTime:0.001000s ]
NOTIC: [2] mysql_num_rows() expects parameter 1 to be resource, boolean given D:\phpStudy\WWW\quce\ThinkPHP\Library\Think\Db\Driver\Mysql.class.php 第 106 行.
NOTIC: [2] mysql_free_result() expects parameter 1 to be resource, boolean given D:\phpStudy\WWW\quce\ThinkPHP\Library\Think\Db\Driver\Mysql.class.php 第 77 行.
SQL: update qc_choiceti_answer set sort_new=65,sort_hot=17 where id=40 [ RunTime:0.000000s ]
NOTIC: [2] mysql_num_rows() expects parameter 1 to be resource, boolean given D:\phpStudy\WWW\quce\ThinkPHP\Library\Think\Db\Driver\Mysql.class.php 第 106 行.
NOTIC: [2] mysql_free_result() expects parameter 1 to be resource, boolean given D:\phpStudy\WWW\quce\ThinkPHP\Library\Think\Db\Driver\Mysql.class.php 第 77 行.
SQL: update qc_choiceti_answer set sort_new=50,sort_hot=83 where id=41 [ RunTime:0.001000s ]
NOTIC: [2] mysql_num_rows() expects parameter 1 to be resource, boolean given D:\phpStudy\WWW\quce\ThinkPHP\Library\Think\Db\Driver\Mysql.class.php 第 106 行.
NOTIC: [2] mysql_free_result() expects parameter 1 to be resource, boolean given D:\phpStudy\WWW\quce\ThinkPHP\Library\Think\Db\Driver\Mysql.class.php 第 77 行.
SQL: update qc_choiceti_answer set sort_new=44,sort_hot=74 where id=42 [ RunTime:0.000000s ]
NOTIC: [2] mysql_num_rows() expects parameter 1 to be resource, boolean given D:\phpStudy\WWW\quce\ThinkPHP\Library\Think\Db\Driver\Mysql.class.php 第 106 行.
NOTIC: [2] mysql_free_result() expects parameter 1 to be resource, boolean given D:\phpStudy\WWW\quce\ThinkPHP\Library\Think\Db\Driver\Mysql.class.php 第 77 行.
SQL: update qc_choiceti_answer set sort_new=2,sort_hot=72 where id=43 [ RunTime:0.000000s ]
NOTIC: [2] mysql_num_rows() expects parameter 1 to be resource, boolean given D:\phpStudy\WWW\quce\ThinkPHP\Library\Think\Db\Driver\Mysql.class.php 第 106 行.
NOTIC: [2] mysql_free_result() expects parameter 1 to be resource, boolean given D:\phpStudy\WWW\quce\ThinkPHP\Library\Think\Db\Driver\Mysql.class.php 第 77 行.
SQL: update qc_choiceti_answer set sort_new=65,sort_hot=9 where id=44 [ RunTime:0.001000s ]
NOTIC: [2] mysql_num_rows() expects parameter 1 to be resource, boolean given D:\phpStudy\WWW\quce\ThinkPHP\Library\Think\Db\Driver\Mysql.class.php 第 106 行.
NOTIC: [2] mysql_free_result() expects parameter 1 to be resource, boolean given D:\phpStudy\WWW\quce\ThinkPHP\Library\Think\Db\Driver\Mysql.class.php 第 77 行.
SQL: update qc_choiceti_answer set sort_new=82,sort_hot=88 where id=45 [ RunTime:0.000000s ]
NOTIC: [2] mysql_num_rows() expects parameter 1 to be resource, boolean given D:\phpStudy\WWW\quce\ThinkPHP\Library\Think\Db\Driver\Mysql.class.php 第 106 行.
NOTIC: [2] mysql_free_result() expects parameter 1 to be resource, boolean given D:\phpStudy\WWW\quce\ThinkPHP\Library\Think\Db\Driver\Mysql.class.php 第 77 行.
SQL: update qc_choiceti_answer set sort_new=13,sort_hot=58 where id=46 [ RunTime:0.001000s ]
NOTIC: [2] mysql_num_rows() expects parameter 1 to be resource, boolean given D:\phpStudy\WWW\quce\ThinkPHP\Library\Think\Db\Driver\Mysql.class.php 第 106 行.
NOTIC: [2] mysql_free_result() expects parameter 1 to be resource, boolean given D:\phpStudy\WWW\quce\ThinkPHP\Library\Think\Db\Driver\Mysql.class.php 第 77 行.
SQL: update qc_choiceti_answer set sort_new=88,sort_hot=84 where id=47 [ RunTime:0.000000s ]
NOTIC: [2] mysql_num_rows() expects parameter 1 to be resource, boolean given D:\phpStudy\WWW\quce\ThinkPHP\Library\Think\Db\Driver\Mysql.class.php 第 106 行.
NOTIC: [2] mysql_free_result() expects parameter 1 to be resource, boolean given D:\phpStudy\WWW\quce\ThinkPHP\Library\Think\Db\Driver\Mysql.class.php 第 77 行.
SQL: update qc_choiceti_answer set sort_new=74,sort_hot=55 where id=48 [ RunTime:0.000000s ]
NOTIC: [2] mysql_num_rows() expects parameter 1 to be resource, boolean given D:\phpStudy\WWW\quce\ThinkPHP\Library\Think\Db\Driver\Mysql.class.php 第 106 行.
NOTIC: [2] mysql_free_result() expects parameter 1 to be resource, boolean given D:\phpStudy\WWW\quce\ThinkPHP\Library\Think\Db\Driver\Mysql.class.php 第 77 行.
SQL: update qc_choiceti_answer set sort_new=75,sort_hot=72 where id=49 [ RunTime:0.001000s ]
NOTIC: [2] mysql_num_rows() expects parameter 1 to be resource, boolean given D:\phpStudy\WWW\quce\ThinkPHP\Library\Think\Db\Driver\Mysql.class.php 第 106 行.
NOTIC: [2] mysql_free_result() expects parameter 1 to be resource, boolean given D:\phpStudy\WWW\quce\ThinkPHP\Library\Think\Db\Driver\Mysql.class.php 第 77 行.
SQL: update qc_choiceti_answer set sort_new=41,sort_hot=82 where id=50 [ RunTime:0.000000s ]
NOTIC: [2] mysql_num_rows() expects parameter 1 to be resource, boolean given D:\phpStudy\WWW\quce\ThinkPHP\Library\Think\Db\Driver\Mysql.class.php 第 106 行.
NOTIC: [2] mysql_free_result() expects parameter 1 to be resource, boolean given D:\phpStudy\WWW\quce\ThinkPHP\Library\Think\Db\Driver\Mysql.class.php 第 77 行.
SQL: update qc_choiceti_answer set sort_new=31,sort_hot=35 where id=51 [ RunTime:0.000000s ]
NOTIC: [2] mysql_num_rows() expects parameter 1 to be resource, boolean given D:\phpStudy\WWW\quce\ThinkPHP\Library\Think\Db\Driver\Mysql.class.php 第 106 行.
NOTIC: [2] mysql_free_result() expects parameter 1 to be resource, boolean given D:\phpStudy\WWW\quce\ThinkPHP\Library\Think\Db\Driver\Mysql.class.php 第 77 行.
SQL: update qc_choiceti_answer set sort_new=17,sort_hot=32 where id=52 [ RunTime:0.000000s ]
NOTIC: [2] mysql_num_rows() expects parameter 1 to be resource, boolean given D:\phpStudy\WWW\quce\ThinkPHP\Library\Think\Db\Driver\Mysql.class.php 第 106 行.
NOTIC: [2] mysql_free_result() expects parameter 1 to be resource, boolean given D:\phpStudy\WWW\quce\ThinkPHP\Library\Think\Db\Driver\Mysql.class.php 第 77 行.
SQL: update qc_choiceti_answer set sort_new=60,sort_hot=72 where id=53 [ RunTime:0.000000s ]
NOTIC: [2] mysql_num_rows() expects parameter 1 to be resource, boolean given D:\phpStudy\WWW\quce\ThinkPHP\Library\Think\Db\Driver\Mysql.class.php 第 106 行.
NOTIC: [2] mysql_free_result() expects parameter 1 to be resource, boolean given D:\phpStudy\WWW\quce\ThinkPHP\Library\Think\Db\Driver\Mysql.class.php 第 77 行.
SQL: update qc_choiceti_answer set sort_new=22,sort_hot=65 where id=54 [ RunTime:0.000000s ]
NOTIC: [2] mysql_num_rows() expects parameter 1 to be resource, boolean given D:\phpStudy\WWW\quce\ThinkPHP\Library\Think\Db\Driver\Mysql.class.php 第 106 行.
NOTIC: [2] mysql_free_result() expects parameter 1 to be resource, boolean given D:\phpStudy\WWW\quce\ThinkPHP\Library\Think\Db\Driver\Mysql.class.php 第 77 行.
SQL: update qc_choiceti_answer set sort_new=41,sort_hot=25 where id=55 [ RunTime:0.001000s ]
NOTIC: [2] mysql_num_rows() expects parameter 1 to be resource, boolean given D:\phpStudy\WWW\quce\ThinkPHP\Library\Think\Db\Driver\Mysql.class.php 第 106 行.
NOTIC: [2] mysql_free_result() expects parameter 1 to be resource, boolean given D:\phpStudy\WWW\quce\ThinkPHP\Library\Think\Db\Driver\Mysql.class.php 第 77 行.
SQL: update qc_choiceti_answer set sort_new=84,sort_hot=71 where id=56 [ RunTime:0.000000s ]
NOTIC: [2] mysql_num_rows() expects parameter 1 to be resource, boolean given D:\phpStudy\WWW\quce\ThinkPHP\Library\Think\Db\Driver\Mysql.class.php 第 106 行.
NOTIC: [2] mysql_free_result() expects parameter 1 to be resource, boolean given D:\phpStudy\WWW\quce\ThinkPHP\Library\Think\Db\Driver\Mysql.class.php 第 77 行.
SQL: update qc_choiceti_answer set sort_new=56,sort_hot=42 where id=58 [ RunTime:0.001000s ]
NOTIC: [2] mysql_num_rows() expects parameter 1 to be resource, boolean given D:\phpStudy\WWW\quce\ThinkPHP\Library\Think\Db\Driver\Mysql.class.php 第 106 行.
NOTIC: [2] mysql_free_result() expects parameter 1 to be resource, boolean given D:\phpStudy\WWW\quce\ThinkPHP\Library\Think\Db\Driver\Mysql.class.php 第 77 行.
SQL: update qc_choiceti_answer set sort_new=62,sort_hot=6 where id=59 [ RunTime:0.000000s ]
NOTIC: [2] mysql_num_rows() expects parameter 1 to be resource, boolean given D:\phpStudy\WWW\quce\ThinkPHP\Library\Think\Db\Driver\Mysql.class.php 第 106 行.
NOTIC: [2] mysql_free_result() expects parameter 1 to be resource, boolean given D:\phpStudy\WWW\quce\ThinkPHP\Library\Think\Db\Driver\Mysql.class.php 第 77 行.
SQL: update qc_choiceti_answer set sort_new=77,sort_hot=30 where id=60 [ RunTime:0.000000s ]
NOTIC: [2] mysql_num_rows() expects parameter 1 to be resource, boolean given D:\phpStudy\WWW\quce\ThinkPHP\Library\Think\Db\Driver\Mysql.class.php 第 106 行.
NOTIC: [2] mysql_free_result() expects parameter 1 to be resource, boolean given D:\phpStudy\WWW\quce\ThinkPHP\Library\Think\Db\Driver\Mysql.class.php 第 77 行.
SQL: update qc_choiceti_answer set sort_new=19,sort_hot=1 where id=61 [ RunTime:0.000000s ]
NOTIC: [2] mysql_num_rows() expects parameter 1 to be resource, boolean given D:\phpStudy\WWW\quce\ThinkPHP\Library\Think\Db\Driver\Mysql.class.php 第 106 行.
NOTIC: [2] mysql_free_result() expects parameter 1 to be resource, boolean given D:\phpStudy\WWW\quce\ThinkPHP\Library\Think\Db\Driver\Mysql.class.php 第 77 行.
SQL: update qc_choiceti_answer set sort_new=22,sort_hot=81 where id=62 [ RunTime:0.000000s ]
NOTIC: [2] mysql_num_rows() expects parameter 1 to be resource, boolean given D:\phpStudy\WWW\quce\ThinkPHP\Library\Think\Db\Driver\Mysql.class.php 第 106 行.
NOTIC: [2] mysql_free_result() expects parameter 1 to be resource, boolean given D:\phpStudy\WWW\quce\ThinkPHP\Library\Think\Db\Driver\Mysql.class.php 第 77 行.
SQL: update qc_choiceti_answer set sort_new=81,sort_hot=18 where id=63 [ RunTime:0.001000s ]
NOTIC: [2] mysql_num_rows() expects parameter 1 to be resource, boolean given D:\phpStudy\WWW\quce\ThinkPHP\Library\Think\Db\Driver\Mysql.class.php 第 106 行.
NOTIC: [2] mysql_free_result() expects parameter 1 to be resource, boolean given D:\phpStudy\WWW\quce\ThinkPHP\Library\Think\Db\Driver\Mysql.class.php 第 77 行.
SQL: update qc_choiceti_answer set sort_new=39,sort_hot=89 where id=64 [ RunTime:0.000000s ]
NOTIC: [2] mysql_num_rows() expects parameter 1 to be resource, boolean given D:\phpStudy\WWW\quce\ThinkPHP\Library\Think\Db\Driver\Mysql.class.php 第 106 行.
NOTIC: [2] mysql_free_result() expects parameter 1 to be resource, boolean given D:\phpStudy\WWW\quce\ThinkPHP\Library\Think\Db\Driver\Mysql.class.php 第 77 行.
SQL: update qc_choiceti_answer set sort_new=73,sort_hot=32 where id=65 [ RunTime:0.000000s ]
NOTIC: [2] mysql_num_rows() expects parameter 1 to be resource, boolean given D:\phpStudy\WWW\quce\ThinkPHP\Library\Think\Db\Driver\Mysql.class.php 第 106 行.
NOTIC: [2] mysql_free_result() expects parameter 1 to be resource, boolean given D:\phpStudy\WWW\quce\ThinkPHP\Library\Think\Db\Driver\Mysql.class.php 第 77 行.
SQL: update qc_choiceti_answer set sort_new=4,sort_hot=37 where id=66 [ RunTime:0.001000s ]
NOTIC: [2] mysql_num_rows() expects parameter 1 to be resource, boolean given D:\phpStudy\WWW\quce\ThinkPHP\Library\Think\Db\Driver\Mysql.class.php 第 106 行.
NOTIC: [2] mysql_free_result() expects parameter 1 to be resource, boolean given D:\phpStudy\WWW\quce\ThinkPHP\Library\Think\Db\Driver\Mysql.class.php 第 77 行.
SQL: update qc_choiceti_answer set sort_new=60,sort_hot=67 where id=67 [ RunTime:0.000000s ]
NOTIC: [2] mysql_num_rows() expects parameter 1 to be resource, boolean given D:\phpStudy\WWW\quce\ThinkPHP\Library\Think\Db\Driver\Mysql.class.php 第 106 行.
NOTIC: [2] mysql_free_result() expects parameter 1 to be resource, boolean given D:\phpStudy\WWW\quce\ThinkPHP\Library\Think\Db\Driver\Mysql.class.php 第 77 行.
SQL: update qc_choiceti_answer set sort_new=74,sort_hot=2 where id=68 [ RunTime:0.000000s ]
NOTIC: [2] mysql_num_rows() expects parameter 1 to be resource, boolean given D:\phpStudy\WWW\quce\ThinkPHP\Library\Think\Db\Driver\Mysql.class.php 第 106 行.
NOTIC: [2] mysql_free_result() expects parameter 1 to be resource, boolean given D:\phpStudy\WWW\quce\ThinkPHP\Library\Think\Db\Driver\Mysql.class.php 第 77 行.
SQL: update qc_choiceti_answer set sort_new=55,sort_hot=39 where id=69 [ RunTime:0.002000s ]
NOTIC: [2] mysql_num_rows() expects parameter 1 to be resource, boolean given D:\phpStudy\WWW\quce\ThinkPHP\Library\Think\Db\Driver\Mysql.class.php 第 106 行.
NOTIC: [2] mysql_free_result() expects parameter 1 to be resource, boolean given D:\phpStudy\WWW\quce\ThinkPHP\Library\Think\Db\Driver\Mysql.class.php 第 77 行.
SQL: update qc_choiceti_answer set sort_new=71,sort_hot=82 where id=70 [ RunTime:0.001000s ]
NOTIC: [2] mysql_num_rows() expects parameter 1 to be resource, boolean given D:\phpStudy\WWW\quce\ThinkPHP\Library\Think\Db\Driver\Mysql.class.php 第 106 行.
NOTIC: [2] mysql_free_result() expects parameter 1 to be resource, boolean given D:\phpStudy\WWW\quce\ThinkPHP\Library\Think\Db\Driver\Mysql.class.php 第 77 行.
SQL: update qc_choiceti_answer set sort_new=39,sort_hot=6 where id=81 [ RunTime:0.000000s ]
NOTIC: [2] mysql_num_rows() expects parameter 1 to be resource, boolean given D:\phpStudy\WWW\quce\ThinkPHP\Library\Think\Db\Driver\Mysql.class.php 第 106 行.
NOTIC: [2] mysql_free_result() expects parameter 1 to be resource, boolean given D:\phpStudy\WWW\quce\ThinkPHP\Library\Think\Db\Driver\Mysql.class.php 第 77 行.
SQL: update qc_choiceti_answer set sort_new=2,sort_hot=74 where id=82 [ RunTime:0.000000s ]
NOTIC: [2] mysql_num_rows() expects parameter 1 to be resource, boolean given D:\phpStudy\WWW\quce\ThinkPHP\Library\Think\Db\Driver\Mysql.class.php 第 106 行.
NOTIC: [2] mysql_free_result() expects parameter 1 to be resource, boolean given D:\phpStudy\WWW\quce\ThinkPHP\Library\Think\Db\Driver\Mysql.class.php 第 77 行.
SQL: update qc_choiceti_answer set sort_new=33,sort_hot=51 where id=83 [ RunTime:0.001001s ]
NOTIC: [2] mysql_num_rows() expects parameter 1 to be resource, boolean given D:\phpStudy\WWW\quce\ThinkPHP\Library\Think\Db\Driver\Mysql.class.php 第 106 行.
NOTIC: [2] mysql_free_result() expects parameter 1 to be resource, boolean given D:\phpStudy\WWW\quce\ThinkPHP\Library\Think\Db\Driver\Mysql.class.php 第 77 行.
SQL: update qc_choiceti_answer set sort_new=58,sort_hot=12 where id=84 [ RunTime:0.000000s ]
NOTIC: [2] mysql_num_rows() expects parameter 1 to be resource, boolean given D:\phpStudy\WWW\quce\ThinkPHP\Library\Think\Db\Driver\Mysql.class.php 第 106 行.
NOTIC: [2] mysql_free_result() expects parameter 1 to be resource, boolean given D:\phpStudy\WWW\quce\ThinkPHP\Library\Think\Db\Driver\Mysql.class.php 第 77 行.
SQL: update qc_choiceti_answer set sort_new=32,sort_hot=53 where id=85 [ RunTime:0.000000s ]
NOTIC: [2] mysql_num_rows() expects parameter 1 to be resource, boolean given D:\phpStudy\WWW\quce\ThinkPHP\Library\Think\Db\Driver\Mysql.class.php 第 106 行.
NOTIC: [2] mysql_free_result() expects parameter 1 to be resource, boolean given D:\phpStudy\WWW\quce\ThinkPHP\Library\Think\Db\Driver\Mysql.class.php 第 77 行.
SQL: update qc_choiceti_answer set sort_new=74,sort_hot=72 where id=86 [ RunTime:0.001000s ]
NOTIC: [2] mysql_num_rows() expects parameter 1 to be resource, boolean given D:\phpStudy\WWW\quce\ThinkPHP\Library\Think\Db\Driver\Mysql.class.php 第 106 行.
NOTIC: [2] mysql_free_result() expects parameter 1 to be resource, boolean given D:\phpStudy\WWW\quce\ThinkPHP\Library\Think\Db\Driver\Mysql.class.php 第 77 行.
SQL: update qc_choiceti_answer set sort_new=52,sort_hot=37 where id=87 [ RunTime:0.000000s ]
NOTIC: [2] mysql_num_rows() expects parameter 1 to be resource, boolean given D:\phpStudy\WWW\quce\ThinkPHP\Library\Think\Db\Driver\Mysql.class.php 第 106 行.
NOTIC: [2] mysql_free_result() expects parameter 1 to be resource, boolean given D:\phpStudy\WWW\quce\ThinkPHP\Library\Think\Db\Driver\Mysql.class.php 第 77 行.
SQL: update qc_choiceti_answer set sort_new=89,sort_hot=11 where id=88 [ RunTime:0.001000s ]
NOTIC: [2] mysql_num_rows() expects parameter 1 to be resource, boolean given D:\phpStudy\WWW\quce\ThinkPHP\Library\Think\Db\Driver\Mysql.class.php 第 106 行.
NOTIC: [2] mysql_free_result() expects parameter 1 to be resource, boolean given D:\phpStudy\WWW\quce\ThinkPHP\Library\Think\Db\Driver\Mysql.class.php 第 77 行.
SQL: update qc_choiceti_answer set sort_new=79,sort_hot=19 where id=90 [ RunTime:0.000000s ]
NOTIC: [2] mysql_num_rows() expects parameter 1 to be resource, boolean given D:\phpStudy\WWW\quce\ThinkPHP\Library\Think\Db\Driver\Mysql.class.php 第 106 行.
NOTIC: [2] mysql_free_result() expects parameter 1 to be resource, boolean given D:\phpStudy\WWW\quce\ThinkPHP\Library\Think\Db\Driver\Mysql.class.php 第 77 行.
SQL: update qc_choiceti_answer set sort_new=18,sort_hot=6 where id=91 [ RunTime:0.000000s ]
NOTIC: [2] mysql_num_rows() expects parameter 1 to be resource, boolean given D:\phpStudy\WWW\quce\ThinkPHP\Library\Think\Db\Driver\Mysql.class.php 第 106 行.
NOTIC: [2] mysql_free_result() expects parameter 1 to be resource, boolean given D:\phpStudy\WWW\quce\ThinkPHP\Library\Think\Db\Driver\Mysql.class.php 第 77 行.
SQL: update qc_choiceti_answer set sort_new=13,sort_hot=88 where id=92 [ RunTime:0.001000s ]
NOTIC: [2] mysql_num_rows() expects parameter 1 to be resource, boolean given D:\phpStudy\WWW\quce\ThinkPHP\Library\Think\Db\Driver\Mysql.class.php 第 106 行.
NOTIC: [2] mysql_free_result() expects parameter 1 to be resource, boolean given D:\phpStudy\WWW\quce\ThinkPHP\Library\Think\Db\Driver\Mysql.class.php 第 77 行.
SQL: update qc_choiceti_answer set sort_new=26,sort_hot=79 where id=93 [ RunTime:0.000000s ]
NOTIC: [2] mysql_num_rows() expects parameter 1 to be resource, boolean given D:\phpStudy\WWW\quce\ThinkPHP\Library\Think\Db\Driver\Mysql.class.php 第 106 行.
NOTIC: [2] mysql_free_result() expects parameter 1 to be resource, boolean given D:\phpStudy\WWW\quce\ThinkPHP\Library\Think\Db\Driver\Mysql.class.php 第 77 行.
SQL: update qc_choiceti_answer set sort_new=90,sort_hot=80 where id=94 [ RunTime:0.000000s ]
NOTIC: [2] mysql_num_rows() expects parameter 1 to be resource, boolean given D:\phpStudy\WWW\quce\ThinkPHP\Library\Think\Db\Driver\Mysql.class.php 第 106 行.
NOTIC: [2] mysql_free_result() expects parameter 1 to be resource, boolean given D:\phpStudy\WWW\quce\ThinkPHP\Library\Think\Db\Driver\Mysql.class.php 第 77 行.
SQL: update qc_choiceti_answer set sort_new=54,sort_hot=10 where id=95 [ RunTime:0.001000s ]
NOTIC: [2] mysql_num_rows() expects parameter 1 to be resource, boolean given D:\phpStudy\WWW\quce\ThinkPHP\Library\Think\Db\Driver\Mysql.class.php 第 106 行.
NOTIC: [2] mysql_free_result() expects parameter 1 to be resource, boolean given D:\phpStudy\WWW\quce\ThinkPHP\Library\Think\Db\Driver\Mysql.class.php 第 77 行.
SQL: update qc_choiceti_answer set sort_new=11,sort_hot=0 where id=96 [ RunTime:0.000000s ]
NOTIC: [2] mysql_num_rows() expects parameter 1 to be resource, boolean given D:\phpStudy\WWW\quce\ThinkPHP\Library\Think\Db\Driver\Mysql.class.php 第 106 行.
NOTIC: [2] mysql_free_result() expects parameter 1 to be resource, boolean given D:\phpStudy\WWW\quce\ThinkPHP\Library\Think\Db\Driver\Mysql.class.php 第 77 行.
SQL: update qc_choiceti_answer set sort_new=60,sort_hot=44 where id=97 [ RunTime:0.000000s ]
NOTIC: [2] mysql_num_rows() expects parameter 1 to be resource, boolean given D:\phpStudy\WWW\quce\ThinkPHP\Library\Think\Db\Driver\Mysql.class.php 第 106 行.
NOTIC: [2] mysql_free_result() expects parameter 1 to be resource, boolean given D:\phpStudy\WWW\quce\ThinkPHP\Library\Think\Db\Driver\Mysql.class.php 第 77 行.
SQL: update qc_choiceti_answer set sort_new=46,sort_hot=26 where id=98 [ RunTime:0.001000s ]
NOTIC: [2] mysql_num_rows() expects parameter 1 to be resource, boolean given D:\phpStudy\WWW\quce\ThinkPHP\Library\Think\Db\Driver\Mysql.class.php 第 106 行.
NOTIC: [2] mysql_free_result() expects parameter 1 to be resource, boolean given D:\phpStudy\WWW\quce\ThinkPHP\Library\Think\Db\Driver\Mysql.class.php 第 77 行.
SQL: update qc_choiceti_answer set sort_new=86,sort_hot=64 where id=99 [ RunTime:0.000000s ]
NOTIC: [2] mysql_num_rows() expects parameter 1 to be resource, boolean given D:\phpStudy\WWW\quce\ThinkPHP\Library\Think\Db\Driver\Mysql.class.php 第 106 行.
NOTIC: [2] mysql_free_result() expects parameter 1 to be resource, boolean given D:\phpStudy\WWW\quce\ThinkPHP\Library\Think\Db\Driver\Mysql.class.php 第 77 行.
SQL: update qc_choiceti_answer set sort_new=16,sort_hot=67 where id=100 [ RunTime:0.000000s ]
NOTIC: [2] mysql_num_rows() expects parameter 1 to be resource, boolean given D:\phpStudy\WWW\quce\ThinkPHP\Library\Think\Db\Driver\Mysql.class.php 第 106 行.
NOTIC: [2] mysql_free_result() expects parameter 1 to be resource, boolean given D:\phpStudy\WWW\quce\ThinkPHP\Library\Think\Db\Driver\Mysql.class.php 第 77 行.
SQL: update qc_choiceti_answer set sort_new=56,sort_hot=39 where id=101 [ RunTime:0.001000s ]
NOTIC: [2] mysql_num_rows() expects parameter 1 to be resource, boolean given D:\phpStudy\WWW\quce\ThinkPHP\Library\Think\Db\Driver\Mysql.class.php 第 106 行.
NOTIC: [2] mysql_free_result() expects parameter 1 to be resource, boolean given D:\phpStudy\WWW\quce\ThinkPHP\Library\Think\Db\Driver\Mysql.class.php 第 77 行.
SQL: update qc_choiceti_answer set sort_new=85,sort_hot=33 where id=102 [ RunTime:0.000000s ]
NOTIC: [2] mysql_num_rows() expects parameter 1 to be resource, boolean given D:\phpStudy\WWW\quce\ThinkPHP\Library\Think\Db\Driver\Mysql.class.php 第 106 行.
NOTIC: [2] mysql_free_result() expects parameter 1 to be resource, boolean given D:\phpStudy\WWW\quce\ThinkPHP\Library\Think\Db\Driver\Mysql.class.php 第 77 行.
SQL: update qc_choiceti_answer set sort_new=4,sort_hot=10 where id=103 [ RunTime:0.000000s ]
NOTIC: [2] mysql_num_rows() expects parameter 1 to be resource, boolean given D:\phpStudy\WWW\quce\ThinkPHP\Library\Think\Db\Driver\Mysql.class.php 第 106 行.
NOTIC: [2] mysql_free_result() expects parameter 1 to be resource, boolean given D:\phpStudy\WWW\quce\ThinkPHP\Library\Think\Db\Driver\Mysql.class.php 第 77 行.
SQL: update qc_choiceti_answer set sort_new=62,sort_hot=41 where id=104 [ RunTime:0.001000s ]
NOTIC: [2] mysql_num_rows() expects parameter 1 to be resource, boolean given D:\phpStudy\WWW\quce\ThinkPHP\Library\Think\Db\Driver\Mysql.class.php 第 106 行.
NOTIC: [2] mysql_free_result() expects parameter 1 to be resource, boolean given D:\phpStudy\WWW\quce\ThinkPHP\Library\Think\Db\Driver\Mysql.class.php 第 77 行.
SQL: update qc_choiceti_answer set sort_new=31,sort_hot=44 where id=105 [ RunTime:0.000000s ]
NOTIC: [2] mysql_num_rows() expects parameter 1 to be resource, boolean given D:\phpStudy\WWW\quce\ThinkPHP\Library\Think\Db\Driver\Mysql.class.php 第 106 行.
NOTIC: [2] mysql_free_result() expects parameter 1 to be resource, boolean given D:\phpStudy\WWW\quce\ThinkPHP\Library\Think\Db\Driver\Mysql.class.php 第 77 行.
SQL: update qc_choiceti_answer set sort_new=44,sort_hot=66 where id=106 [ RunTime:0.000000s ]
NOTIC: [2] mysql_num_rows() expects parameter 1 to be resource, boolean given D:\phpStudy\WWW\quce\ThinkPHP\Library\Think\Db\Driver\Mysql.class.php 第 106 行.
NOTIC: [2] mysql_free_result() expects parameter 1 to be resource, boolean given D:\phpStudy\WWW\quce\ThinkPHP\Library\Think\Db\Driver\Mysql.class.php 第 77 行.
SQL: update qc_choiceti_answer set sort_new=8,sort_hot=2 where id=107 [ RunTime:0.001000s ]
NOTIC: [2] mysql_num_rows() expects parameter 1 to be resource, boolean given D:\phpStudy\WWW\quce\ThinkPHP\Library\Think\Db\Driver\Mysql.class.php 第 106 行.
NOTIC: [2] mysql_free_result() expects parameter 1 to be resource, boolean given D:\phpStudy\WWW\quce\ThinkPHP\Library\Think\Db\Driver\Mysql.class.php 第 77 行.
SQL: update qc_choiceti_answer set sort_new=30,sort_hot=57 where id=108 [ RunTime:0.000000s ]
NOTIC: [2] mysql_num_rows() expects parameter 1 to be resource, boolean given D:\phpStudy\WWW\quce\ThinkPHP\Library\Think\Db\Driver\Mysql.class.php 第 106 行.
NOTIC: [2] mysql_free_result() expects parameter 1 to be resource, boolean given D:\phpStudy\WWW\quce\ThinkPHP\Library\Think\Db\Driver\Mysql.class.php 第 77 行.
SQL: update qc_choiceti_answer set sort_new=47,sort_hot=70 where id=109 [ RunTime:0.000000s ]
NOTIC: [2] mysql_num_rows() expects parameter 1 to be resource, boolean given D:\phpStudy\WWW\quce\ThinkPHP\Library\Think\Db\Driver\Mysql.class.php 第 106 行.
NOTIC: [2] mysql_free_result() expects parameter 1 to be resource, boolean given D:\phpStudy\WWW\quce\ThinkPHP\Library\Think\Db\Driver\Mysql.class.php 第 77 行.
SQL: update qc_choiceti_answer set sort_new=13,sort_hot=15 where id=110 [ RunTime:0.000000s ]
NOTIC: [2] mysql_num_rows() expects parameter 1 to be resource, boolean given D:\phpStudy\WWW\quce\ThinkPHP\Library\Think\Db\Driver\Mysql.class.php 第 106 行.
NOTIC: [2] mysql_free_result() expects parameter 1 to be resource, boolean given D:\phpStudy\WWW\quce\ThinkPHP\Library\Think\Db\Driver\Mysql.class.php 第 77 行.
SQL: update qc_choiceti_answer set sort_new=90,sort_hot=45 where id=111 [ RunTime:0.001000s ]
NOTIC: [2] mysql_num_rows() expects parameter 1 to be resource, boolean given D:\phpStudy\WWW\quce\ThinkPHP\Library\Think\Db\Driver\Mysql.class.php 第 106 行.
NOTIC: [2] mysql_free_result() expects parameter 1 to be resource, boolean given D:\phpStudy\WWW\quce\ThinkPHP\Library\Think\Db\Driver\Mysql.class.php 第 77 行.
SQL: update qc_choiceti_answer set sort_new=14,sort_hot=14 where id=112 [ RunTime:0.000000s ]
NOTIC: [2] mysql_num_rows() expects parameter 1 to be resource, boolean given D:\phpStudy\WWW\quce\ThinkPHP\Library\Think\Db\Driver\Mysql.class.php 第 106 行.
NOTIC: [2] mysql_free_result() expects parameter 1 to be resource, boolean given D:\phpStudy\WWW\quce\ThinkPHP\Library\Think\Db\Driver\Mysql.class.php 第 77 行.
SQL: update qc_choiceti_answer set sort_new=28,sort_hot=35 where id=113 [ RunTime:0.000000s ]
NOTIC: [2] mysql_num_rows() expects parameter 1 to be resource, boolean given D:\phpStudy\WWW\quce\ThinkPHP\Library\Think\Db\Driver\Mysql.class.php 第 106 行.
NOTIC: [2] mysql_free_result() expects parameter 1 to be resource, boolean given D:\phpStudy\WWW\quce\ThinkPHP\Library\Think\Db\Driver\Mysql.class.php 第 77 行.
SQL: update qc_choiceti_answer set sort_new=6,sort_hot=75 where id=114 [ RunTime:0.001000s ]
NOTIC: [2] mysql_num_rows() expects parameter 1 to be resource, boolean given D:\phpStudy\WWW\quce\ThinkPHP\Library\Think\Db\Driver\Mysql.class.php 第 106 行.
NOTIC: [2] mysql_free_result() expects parameter 1 to be resource, boolean given D:\phpStudy\WWW\quce\ThinkPHP\Library\Think\Db\Driver\Mysql.class.php 第 77 行.
SQL: update qc_choiceti_answer set sort_new=22,sort_hot=29 where id=115 [ RunTime:0.000000s ]
NOTIC: [2] mysql_num_rows() expects parameter 1 to be resource, boolean given D:\phpStudy\WWW\quce\ThinkPHP\Library\Think\Db\Driver\Mysql.class.php 第 106 行.
NOTIC: [2] mysql_free_result() expects parameter 1 to be resource, boolean given D:\phpStudy\WWW\quce\ThinkPHP\Library\Think\Db\Driver\Mysql.class.php 第 77 行.
SQL: update qc_choiceti_answer set sort_new=47,sort_hot=89 where id=116 [ RunTime:0.000000s ]
NOTIC: [2] mysql_num_rows() expects parameter 1 to be resource, boolean given D:\phpStudy\WWW\quce\ThinkPHP\Library\Think\Db\Driver\Mysql.class.php 第 106 行.
NOTIC: [2] mysql_free_result() expects parameter 1 to be resource, boolean given D:\phpStudy\WWW\quce\ThinkPHP\Library\Think\Db\Driver\Mysql.class.php 第 77 行.
SQL: update qc_choiceti_answer set sort_new=48,sort_hot=73 where id=117 [ RunTime:0.000000s ]
NOTIC: [2] mysql_num_rows() expects parameter 1 to be resource, boolean given D:\phpStudy\WWW\quce\ThinkPHP\Library\Think\Db\Driver\Mysql.class.php 第 106 行.
NOTIC: [2] mysql_free_result() expects parameter 1 to be resource, boolean given D:\phpStudy\WWW\quce\ThinkPHP\Library\Think\Db\Driver\Mysql.class.php 第 77 行.
SQL: update qc_choiceti_answer set sort_new=41,sort_hot=12 where id=118 [ RunTime:0.001000s ]
NOTIC: [2] mysql_num_rows() expects parameter 1 to be resource, boolean given D:\phpStudy\WWW\quce\ThinkPHP\Library\Think\Db\Driver\Mysql.class.php 第 106 行.
NOTIC: [2] mysql_free_result() expects parameter 1 to be resource, boolean given D:\phpStudy\WWW\quce\ThinkPHP\Library\Think\Db\Driver\Mysql.class.php 第 77 行.
SQL: update qc_choiceti_answer set sort_new=69,sort_hot=9 where id=119 [ RunTime:0.000000s ]
NOTIC: [2] mysql_num_rows() expects parameter 1 to be resource, boolean given D:\phpStudy\WWW\quce\ThinkPHP\Library\Think\Db\Driver\Mysql.class.php 第 106 行.
NOTIC: [2] mysql_free_result() expects parameter 1 to be resource, boolean given D:\phpStudy\WWW\quce\ThinkPHP\Library\Think\Db\Driver\Mysql.class.php 第 77 行.
SQL: update qc_choiceti_answer set sort_new=7,sort_hot=87 where id=120 [ RunTime:0.000000s ]
NOTIC: [2] mysql_num_rows() expects parameter 1 to be resource, boolean given D:\phpStudy\WWW\quce\ThinkPHP\Library\Think\Db\Driver\Mysql.class.php 第 106 行.
NOTIC: [2] mysql_free_result() expects parameter 1 to be resource, boolean given D:\phpStudy\WWW\quce\ThinkPHP\Library\Think\Db\Driver\Mysql.class.php 第 77 行.
SQL: update qc_choiceti_answer set sort_new=12,sort_hot=75 where id=121 [ RunTime:0.000000s ]
NOTIC: [2] mysql_num_rows() expects parameter 1 to be resource, boolean given D:\phpStudy\WWW\quce\ThinkPHP\Library\Think\Db\Driver\Mysql.class.php 第 106 行.
NOTIC: [2] mysql_free_result() expects parameter 1 to be resource, boolean given D:\phpStudy\WWW\quce\ThinkPHP\Library\Think\Db\Driver\Mysql.class.php 第 77 行.
SQL: update qc_choiceti_answer set sort_new=47,sort_hot=20 where id=122 [ RunTime:0.000000s ]
NOTIC: [2] mysql_num_rows() expects parameter 1 to be resource, boolean given D:\phpStudy\WWW\quce\ThinkPHP\Library\Think\Db\Driver\Mysql.class.php 第 106 行.
NOTIC: [2] mysql_free_result() expects parameter 1 to be resource, boolean given D:\phpStudy\WWW\quce\ThinkPHP\Library\Think\Db\Driver\Mysql.class.php 第 77 行.
SQL: update qc_choiceti_answer set sort_new=84,sort_hot=18 where id=123 [ RunTime:0.000000s ]
NOTIC: [2] mysql_num_rows() expects parameter 1 to be resource, boolean given D:\phpStudy\WWW\quce\ThinkPHP\Library\Think\Db\Driver\Mysql.class.php 第 106 行.
NOTIC: [2] mysql_free_result() expects parameter 1 to be resource, boolean given D:\phpStudy\WWW\quce\ThinkPHP\Library\Think\Db\Driver\Mysql.class.php 第 77 行.
SQL: update qc_choiceti_answer set sort_new=11,sort_hot=39 where id=124 [ RunTime:0.000000s ]
NOTIC: [2] mysql_num_rows() expects parameter 1 to be resource, boolean given D:\phpStudy\WWW\quce\ThinkPHP\Library\Think\Db\Driver\Mysql.class.php 第 106 行.
NOTIC: [2] mysql_free_result() expects parameter 1 to be resource, boolean given D:\phpStudy\WWW\quce\ThinkPHP\Library\Think\Db\Driver\Mysql.class.php 第 77 行.
SQL: update qc_choiceti_answer set sort_new=56,sort_hot=9 where id=125 [ RunTime:0.000000s ]
NOTIC: [2] mysql_num_rows() expects parameter 1 to be resource, boolean given D:\phpStudy\WWW\quce\ThinkPHP\Library\Think\Db\Driver\Mysql.class.php 第 106 行.
NOTIC: [2] mysql_free_result() expects parameter 1 to be resource, boolean given D:\phpStudy\WWW\quce\ThinkPHP\Library\Think\Db\Driver\Mysql.class.php 第 77 行.
SQL: update qc_choiceti_answer set sort_new=89,sort_hot=14 where id=126 [ RunTime:0.000000s ]
NOTIC: [2] mysql_num_rows() expects parameter 1 to be resource, boolean given D:\phpStudy\WWW\quce\ThinkPHP\Library\Think\Db\Driver\Mysql.class.php 第 106 行.
NOTIC: [2] mysql_free_result() expects parameter 1 to be resource, boolean given D:\phpStudy\WWW\quce\ThinkPHP\Library\Think\Db\Driver\Mysql.class.php 第 77 行.
SQL: update qc_choiceti_answer set sort_new=73,sort_hot=79 where id=127 [ RunTime:0.000000s ]
NOTIC: [2] mysql_num_rows() expects parameter 1 to be resource, boolean given D:\phpStudy\WWW\quce\ThinkPHP\Library\Think\Db\Driver\Mysql.class.php 第 106 行.
NOTIC: [2] mysql_free_result() expects parameter 1 to be resource, boolean given D:\phpStudy\WWW\quce\ThinkPHP\Library\Think\Db\Driver\Mysql.class.php 第 77 行.
SQL: update qc_choiceti_answer set sort_new=4,sort_hot=33 where id=128 [ RunTime:0.000000s ]
NOTIC: [2] mysql_num_rows() expects parameter 1 to be resource, boolean given D:\phpStudy\WWW\quce\ThinkPHP\Library\Think\Db\Driver\Mysql.class.php 第 106 行.
NOTIC: [2] mysql_free_result() expects parameter 1 to be resource, boolean given D:\phpStudy\WWW\quce\ThinkPHP\Library\Think\Db\Driver\Mysql.class.php 第 77 行.
SQL: update qc_choiceti_answer set sort_new=83,sort_hot=44 where id=129 [ RunTime:0.001000s ]
NOTIC: [2] mysql_num_rows() expects parameter 1 to be resource, boolean given D:\phpStudy\WWW\quce\ThinkPHP\Library\Think\Db\Driver\Mysql.class.php 第 106 行.
NOTIC: [2] mysql_free_result() expects parameter 1 to be resource, boolean given D:\phpStudy\WWW\quce\ThinkPHP\Library\Think\Db\Driver\Mysql.class.php 第 77 行.
SQL: update qc_choiceti_answer set sort_new=33,sort_hot=77 where id=130 [ RunTime:0.000000s ]
NOTIC: [2] mysql_num_rows() expects parameter 1 to be resource, boolean given D:\phpStudy\WWW\quce\ThinkPHP\Library\Think\Db\Driver\Mysql.class.php 第 106 行.
INFO: [ view_parse ] --START--
INFO: [ template_filter ] --START--
INFO: Run Behavior\ContentReplaceBehavior [ RunTime:0.000000s ]
INFO: [ template_filter ] --END-- [ RunTime:0.000000s ]
INFO: Run Behavior\ParseTemplateBehavior [ RunTime:0.110007s ]
INFO: [ view_parse ] --END-- [ RunTime:0.110007s ]
INFO: [ view_filter ] --START--
INFO: Run Behavior\WriteHtmlCacheBehavior [ RunTime:0.030001s ]
INFO: [ view_filter ] --END-- [ RunTime:0.030001s ]
INFO: [ app_end ] --START--
INFO: Run Behavior\ShowPageTraceBehavior [ RunTime:0.065004s ]
INFO: [ app_end ] --END-- [ RunTime:0.065004s ]

[ 2018-11-27T11:45:13+08:00 ] ::1 /quce/index.php/Home-Index-indexAnswer?page=1
INFO: [ app_init ] --START--
INFO: Run Behavior\BuildLiteBehavior [ RunTime:0.000000s ]
INFO: [ app_init ] --END-- [ RunTime:0.001000s ]
INFO: [ app_begin ] --START--
INFO: Run Behavior\ReadHtmlCacheBehavior [ RunTime:0.001000s ]
INFO: [ app_begin ] --END-- [ RunTime:0.001000s ]
SQL: select id,title,content,subject,title_img,hotstar,type_img from qc_choiceti_answer where  id>0 and title_img is not null and title_img!=' '  order by sort_hot desc limit 0,10 [ RunTime:0.002000s ]
NOTIC: [8] Undefined variable: zhimingArr D:\phpStudy\WWW\quce\Application\Home\Controller\IndexController.class.php 第 192 行.
SQL: select link,type from qc_zhiming_link where subject='zhiming1' [ RunTime:0.001000s ]
SQL: select link,type from qc_zhiming_link where subject='zhimingJc4' [ RunTime:0.000000s ]
INFO: [ app_end ] --START--
INFO: Run Behavior\ShowPageTraceBehavior [ RunTime:0.001000s ]
INFO: [ app_end ] --END-- [ RunTime:0.001000s ]

[ 2018-11-27T11:45:13+08:00 ] ::1 /quce/index.php/Home-Index-indexAnswerNew?page=1
INFO: [ app_init ] --START--
INFO: Run Behavior\BuildLiteBehavior [ RunTime:0.000000s ]
INFO: [ app_init ] --END-- [ RunTime:0.001000s ]
INFO: [ app_begin ] --START--
INFO: Run Behavior\ReadHtmlCacheBehavior [ RunTime:0.001000s ]
INFO: [ app_begin ] --END-- [ RunTime:0.002000s ]
SQL: select id,title,content,subject,title_img,hotstar,type_img from qc_choiceti_answer where id>0 and title_img is not null and title_img!=' '  order by sort_new desc limit 0,10  [ RunTime:0.002000s ]
NOTIC: [8] Undefined variable: zhimingArr D:\phpStudy\WWW\quce\Application\Home\Controller\IndexController.class.php 第 224 行.
NOTIC: [8] Undefined variable: zhimingArr D:\phpStudy\WWW\quce\Application\Home\Controller\IndexController.class.php 第 224 行.
NOTIC: [8] Undefined variable: zhimingArr D:\phpStudy\WWW\quce\Application\Home\Controller\IndexController.class.php 第 224 行.
NOTIC: [8] Undefined variable: zhimingArr D:\phpStudy\WWW\quce\Application\Home\Controller\IndexController.class.php 第 224 行.
SQL: select link,type from qc_zhiming_link where subject='zhimingJc10' [ RunTime:0.000000s ]
SQL: select link,type from qc_zhiming_link where subject='zhiming1' [ RunTime:0.001000s ]
INFO: [ app_end ] --START--
INFO: Run Behavior\ShowPageTraceBehavior [ RunTime:0.001000s ]
INFO: [ app_end ] --END-- [ RunTime:0.001000s ]

[ 2018-11-27T11:45:30+08:00 ] ::1 /quce/index.php/Home-Index-home
INFO: [ app_init ] --START--
INFO: Run Behavior\BuildLiteBehavior [ RunTime:0.000000s ]
INFO: [ app_init ] --END-- [ RunTime:0.001000s ]
INFO: [ app_begin ] --START--
INFO: Run Behavior\ReadHtmlCacheBehavior [ RunTime:0.001000s ]
INFO: [ app_begin ] --END-- [ RunTime:0.001000s ]
NOTIC: [8] Undefined index: channel D:\phpStudy\WWW\quce\Application\Home\Controller\IndexController.class.php 第 564 行.
SQL: select * from tb_channel_pay where channel='' and csName='YJ' [ RunTime:0.068003s ]
SQL: select * from tb_channel_pay where channel='' [ RunTime:0.000000s ]
SQL: select * from tb_channel_pay where pay='68' and discountname='discount' [ RunTime:0.000000s ]
ERR: 1054:Unknown column 'discountname' in 'where clause'
 [ SQL语句 ] : select * from tb_channel_pay where pay='68' and discountname='discount'
INFO: [ view_parse ] --START--
INFO: [ template_filter ] --START--
INFO: Run Behavior\ContentReplaceBehavior [ RunTime:0.000000s ]
INFO: [ template_filter ] --END-- [ RunTime:0.000000s ]
NOTIC: [8] Undefined variable: wxlogin D:\phpStudy\WWW\quce\Application\Runtime\Cache\Home\d7afc08e88068689bd04637b9b480409.php 第 393 行.
INFO: Run Behavior\ParseTemplateBehavior [ RunTime:0.009001s ]
INFO: [ view_parse ] --END-- [ RunTime:0.009001s ]
INFO: [ view_filter ] --START--
INFO: Run Behavior\WriteHtmlCacheBehavior [ RunTime:0.001000s ]
INFO: [ view_filter ] --END-- [ RunTime:0.001000s ]
INFO: [ app_end ] --START--
INFO: Run Behavior\ShowPageTraceBehavior [ RunTime:0.001000s ]
INFO: [ app_end ] --END-- [ RunTime:0.001000s ]

[ 2018-11-27T11:45:31+08:00 ] ::1 /quce/index.php/Home-Index-homeData
INFO: [ app_init ] --START--
INFO: Run Behavior\BuildLiteBehavior [ RunTime:0.000000s ]
INFO: [ app_init ] --END-- [ RunTime:0.000000s ]
INFO: [ app_begin ] --START--
INFO: Run Behavior\ReadHtmlCacheBehavior [ RunTime:0.001000s ]
INFO: [ app_begin ] --END-- [ RunTime:0.001000s ]
SQL: select * from qc_home_zonghe where id>=1 [ RunTime:0.058003s ]
INFO: [ app_end ] --START--
INFO: Run Behavior\ShowPageTraceBehavior [ RunTime:0.001000s ]
INFO: [ app_end ] --END-- [ RunTime:0.002000s ]

[ 2018-11-27T11:45:43+08:00 ] ::1 /quce/index.php/Home-Index-home
INFO: [ app_init ] --START--
INFO: Run Behavior\BuildLiteBehavior [ RunTime:0.000000s ]
INFO: [ app_init ] --END-- [ RunTime:0.001000s ]
INFO: [ app_begin ] --START--
INFO: Run Behavior\ReadHtmlCacheBehavior [ RunTime:0.001000s ]
INFO: [ app_begin ] --END-- [ RunTime:0.001000s ]
NOTIC: [8] Undefined index: channel D:\phpStudy\WWW\quce\Application\Home\Controller\IndexController.class.php 第 564 行.
SQL: select * from tb_channel_pay where channel='' and csName='YJ' [ RunTime:0.000000s ]
SQL: select * from tb_channel_pay where channel='' [ RunTime:0.000000s ]
SQL: select * from tb_channel_pay where pay='68' and discountname='discount' [ RunTime:0.000000s ]
ERR: 1054:Unknown column 'discountname' in 'where clause'
 [ SQL语句 ] : select * from tb_channel_pay where pay='68' and discountname='discount'
INFO: [ view_parse ] --START--
INFO: [ template_filter ] --START--
INFO: Run Behavior\ContentReplaceBehavior [ RunTime:0.000000s ]
INFO: [ template_filter ] --END-- [ RunTime:0.000000s ]
NOTIC: [8] Undefined variable: wxlogin D:\phpStudy\WWW\quce\Application\Runtime\Cache\Home\d7afc08e88068689bd04637b9b480409.php 第 393 行.
INFO: Run Behavior\ParseTemplateBehavior [ RunTime:0.009001s ]
INFO: [ view_parse ] --END-- [ RunTime:0.009001s ]
INFO: [ view_filter ] --START--
INFO: Run Behavior\WriteHtmlCacheBehavior [ RunTime:0.001000s ]
INFO: [ view_filter ] --END-- [ RunTime:0.001000s ]
INFO: [ app_end ] --START--
INFO: Run Behavior\ShowPageTraceBehavior [ RunTime:0.001000s ]
INFO: [ app_end ] --END-- [ RunTime:0.001000s ]

[ 2018-11-27T11:45:43+08:00 ] ::1 /quce/index.php/Home-Index-homeData
INFO: [ app_init ] --START--
INFO: Run Behavior\BuildLiteBehavior [ RunTime:0.000000s ]
INFO: [ app_init ] --END-- [ RunTime:0.001001s ]
INFO: [ app_begin ] --START--
INFO: Run Behavior\ReadHtmlCacheBehavior [ RunTime:0.001000s ]
INFO: [ app_begin ] --END-- [ RunTime:0.001000s ]
SQL: select * from qc_home_zonghe where id>=1 [ RunTime:0.000000s ]
INFO: [ app_end ] --START--
INFO: Run Behavior\ShowPageTraceBehavior [ RunTime:0.001000s ]
INFO: [ app_end ] --END-- [ RunTime:0.001000s ]

[ 2018-11-27T11:45:47+08:00 ] ::1 /quce/index.php/Home-Index-home
INFO: [ app_init ] --START--
INFO: Run Behavior\BuildLiteBehavior [ RunTime:0.000000s ]
INFO: [ app_init ] --END-- [ RunTime:0.000000s ]
INFO: [ app_begin ] --START--
INFO: Run Behavior\ReadHtmlCacheBehavior [ RunTime:0.000000s ]
INFO: [ app_begin ] --END-- [ RunTime:0.000000s ]
NOTIC: [8] Undefined index: channel D:\phpStudy\WWW\quce\Application\Home\Controller\IndexController.class.php 第 564 行.
SQL: select * from tb_channel_pay where channel='' and csName='YJ' [ RunTime:0.001000s ]
SQL: select * from tb_channel_pay where channel='' [ RunTime:0.000000s ]
SQL: select * from tb_channel_pay where pay='68' and discountname='discount' [ RunTime:0.000000s ]
ERR: 1054:Unknown column 'discountname' in 'where clause'
 [ SQL语句 ] : select * from tb_channel_pay where pay='68' and discountname='discount'
INFO: [ view_parse ] --START--
INFO: [ template_filter ] --START--
INFO: Run Behavior\ContentReplaceBehavior [ RunTime:0.001000s ]
INFO: [ template_filter ] --END-- [ RunTime:0.001000s ]
NOTIC: [8] Undefined variable: wxlogin D:\phpStudy\WWW\quce\Application\Runtime\Cache\Home\d7afc08e88068689bd04637b9b480409.php 第 393 行.
INFO: Run Behavior\ParseTemplateBehavior [ RunTime:0.010000s ]
INFO: [ view_parse ] --END-- [ RunTime:0.010000s ]
INFO: [ view_filter ] --START--
INFO: Run Behavior\WriteHtmlCacheBehavior [ RunTime:0.001000s ]
INFO: [ view_filter ] --END-- [ RunTime:0.001000s ]
INFO: [ app_end ] --START--
INFO: Run Behavior\ShowPageTraceBehavior [ RunTime:0.002000s ]
INFO: [ app_end ] --END-- [ RunTime:0.002000s ]

[ 2018-11-27T11:45:47+08:00 ] ::1 /quce/index.php/Home-Index-homeData
INFO: [ app_init ] --START--
INFO: Run Behavior\BuildLiteBehavior [ RunTime:0.000000s ]
INFO: [ app_init ] --END-- [ RunTime:0.000000s ]
INFO: [ app_begin ] --START--
INFO: Run Behavior\ReadHtmlCacheBehavior [ RunTime:0.000000s ]
INFO: [ app_begin ] --END-- [ RunTime:0.001000s ]
SQL: select * from qc_home_zonghe where id>=1 [ RunTime:0.000000s ]
INFO: [ app_end ] --START--
INFO: Run Behavior\ShowPageTraceBehavior [ RunTime:0.001000s ]
INFO: [ app_end ] --END-- [ RunTime:0.001000s ]

[ 2018-11-27T11:45:49+08:00 ] ::1 /quce/index.php/Home-Index-home
INFO: [ app_init ] --START--
INFO: Run Behavior\BuildLiteBehavior [ RunTime:0.000000s ]
INFO: [ app_init ] --END-- [ RunTime:0.001000s ]
INFO: [ app_begin ] --START--
INFO: Run Behavior\ReadHtmlCacheBehavior [ RunTime:0.000000s ]
INFO: [ app_begin ] --END-- [ RunTime:0.000000s ]
NOTIC: [8] Undefined index: channel D:\phpStudy\WWW\quce\Application\Home\Controller\IndexController.class.php 第 564 行.
SQL: select * from tb_channel_pay where channel='' and csName='YJ' [ RunTime:0.001000s ]
SQL: select * from tb_channel_pay where channel='' [ RunTime:0.000000s ]
SQL: select * from tb_channel_pay where pay='68' and discountname='discount' [ RunTime:0.000000s ]
ERR: 1054:Unknown column 'discountname' in 'where clause'
 [ SQL语句 ] : select * from tb_channel_pay where pay='68' and discountname='discount'
INFO: [ view_parse ] --START--
INFO: [ template_filter ] --START--
INFO: Run Behavior\ContentReplaceBehavior [ RunTime:0.000000s ]
INFO: [ template_filter ] --END-- [ RunTime:0.000000s ]
NOTIC: [8] Undefined variable: wxlogin D:\phpStudy\WWW\quce\Application\Runtime\Cache\Home\d7afc08e88068689bd04637b9b480409.php 第 393 行.
INFO: Run Behavior\ParseTemplateBehavior [ RunTime:0.024001s ]
INFO: [ view_parse ] --END-- [ RunTime:0.024001s ]
INFO: [ view_filter ] --START--
INFO: Run Behavior\WriteHtmlCacheBehavior [ RunTime:0.000000s ]
INFO: [ view_filter ] --END-- [ RunTime:0.000000s ]
INFO: [ app_end ] --START--
INFO: Run Behavior\ShowPageTraceBehavior [ RunTime:0.000000s ]
INFO: [ app_end ] --END-- [ RunTime:0.000000s ]

[ 2018-11-27T11:45:49+08:00 ] ::1 /quce/index.php/Home-Index-homeData
INFO: [ app_init ] --START--
INFO: Run Behavior\BuildLiteBehavior [ RunTime:0.000000s ]
INFO: [ app_init ] --END-- [ RunTime:0.001001s ]
INFO: [ app_begin ] --START--
INFO: Run Behavior\ReadHtmlCacheBehavior [ RunTime:0.001000s ]
INFO: [ app_begin ] --END-- [ RunTime:0.001000s ]
SQL: select * from qc_home_zonghe where id>=1 [ RunTime:0.001000s ]
INFO: [ app_end ] --START--
INFO: Run Behavior\ShowPageTraceBehavior [ RunTime:0.001000s ]
INFO: [ app_end ] --END-- [ RunTime:0.001000s ]

[ 2018-11-27T11:45:55+08:00 ] ::1 /quce/index.php/Home-Index-homeCnzz
INFO: [ app_init ] --START--
INFO: Run Behavior\BuildLiteBehavior [ RunTime:0.000000s ]
INFO: [ app_init ] --END-- [ RunTime:0.001000s ]
INFO: [ app_begin ] --START--
INFO: Run Behavior\ReadHtmlCacheBehavior [ RunTime:0.001000s ]
INFO: [ app_begin ] --END-- [ RunTime:0.001000s ]
SQL: select id,clickNum from qc_home_cnzz where date='20181127' and typeid='zh4' [ RunTime:0.000000s ]
ERR: 1146:Table 'db_wedlock.qc_home_cnzz' doesn't exist
 [ SQL语句 ] : select id,clickNum from qc_home_cnzz where date='20181127' and typeid='zh4'
SQL: select name from  qc_home_zonghe where typeid='zh4' [ RunTime:0.001000s ]
SQL: insert into qc_home_cnzz (date,typeid,name)values('20181127','zh4','星座运势') [ RunTime:0.001000s ]
ERR: 1146:Table 'db_wedlock.qc_home_cnzz' doesn't exist
 [ SQL语句 ] : insert into qc_home_cnzz (date,typeid,name)values('20181127','zh4','星座运势')
INFO: [ app_end ] --START--
INFO: Run Behavior\ShowPageTraceBehavior [ RunTime:0.001000s ]
INFO: [ app_end ] --END-- [ RunTime:0.001000s ]

[ 2018-11-27T11:45:58+08:00 ] ::1 /quce/index.php/Home-Index-homeData
INFO: [ app_init ] --START--
INFO: Run Behavior\BuildLiteBehavior [ RunTime:0.000000s ]
INFO: [ app_init ] --END-- [ RunTime:0.000000s ]
INFO: [ app_begin ] --START--
INFO: Run Behavior\ReadHtmlCacheBehavior [ RunTime:0.001000s ]
INFO: [ app_begin ] --END-- [ RunTime:0.001000s ]
SQL: select * from qc_home_zonghe where id>=1 [ RunTime:0.001000s ]
INFO: [ app_end ] --START--
INFO: Run Behavior\ShowPageTraceBehavior [ RunTime:0.001000s ]
INFO: [ app_end ] --END-- [ RunTime:0.001000s ]

[ 2018-11-27T11:45:59+08:00 ] ::1 /quce/index.php/Home-Index-homeCnzz
INFO: [ app_init ] --START--
INFO: Run Behavior\BuildLiteBehavior [ RunTime:0.000000s ]
INFO: [ app_init ] --END-- [ RunTime:0.001000s ]
INFO: [ app_begin ] --START--
INFO: Run Behavior\ReadHtmlCacheBehavior [ RunTime:0.001000s ]
INFO: [ app_begin ] --END-- [ RunTime:0.001000s ]
SQL: select id,clickNum from qc_home_cnzz where date='20181127' and typeid='zh2' [ RunTime:0.000000s ]
ERR: 1146:Table 'db_wedlock.qc_home_cnzz' doesn't exist
 [ SQL语句 ] : select id,clickNum from qc_home_cnzz where date='20181127' and typeid='zh2'
SQL: select name from  qc_home_zonghe where typeid='zh2' [ RunTime:0.000000s ]
SQL: insert into qc_home_cnzz (date,typeid,name)values('20181127','zh2','趣味测试') [ RunTime:0.001000s ]
ERR: 1146:Table 'db_wedlock.qc_home_cnzz' doesn't exist
 [ SQL语句 ] : insert into qc_home_cnzz (date,typeid,name)values('20181127','zh2','趣味测试')
INFO: [ app_end ] --START--
INFO: Run Behavior\ShowPageTraceBehavior [ RunTime:0.001000s ]
INFO: [ app_end ] --END-- [ RunTime:0.001000s ]

[ 2018-11-27T11:46:04+08:00 ] ::1 /quce/index.php/Home-Index-homeData
INFO: [ app_init ] --START--
INFO: Run Behavior\BuildLiteBehavior [ RunTime:0.000000s ]
INFO: [ app_init ] --END-- [ RunTime:0.001000s ]
INFO: [ app_begin ] --START--
INFO: Run Behavior\ReadHtmlCacheBehavior [ RunTime:0.001000s ]
INFO: [ app_begin ] --END-- [ RunTime:0.001000s ]
SQL: select * from qc_home_zonghe where id>=1 [ RunTime:0.000000s ]
INFO: [ app_end ] --START--
INFO: Run Behavior\ShowPageTraceBehavior [ RunTime:0.001000s ]
INFO: [ app_end ] --END-- [ RunTime:0.001000s ]

[ 2018-11-27T11:46:14+08:00 ] ::1 /quce/index.php/Home-Index-homeData
INFO: [ app_init ] --START--
INFO: Run Behavior\BuildLiteBehavior [ RunTime:0.000000s ]
INFO: [ app_init ] --END-- [ RunTime:0.002001s ]
INFO: [ app_begin ] --START--
INFO: Run Behavior\ReadHtmlCacheBehavior [ RunTime:0.001000s ]
INFO: [ app_begin ] --END-- [ RunTime:0.001000s ]
SQL: select * from qc_home_zonghe where id>=1 [ RunTime:0.001000s ]
INFO: [ app_end ] --START--
INFO: Run Behavior\ShowPageTraceBehavior [ RunTime:0.002000s ]
INFO: [ app_end ] --END-- [ RunTime:0.002000s ]

[ 2018-11-27T11:46:16+08:00 ] ::1 /quce/index.php/Home-Index-homeData
INFO: [ app_init ] --START--
INFO: Run Behavior\BuildLiteBehavior [ RunTime:0.000000s ]
INFO: [ app_init ] --END-- [ RunTime:0.000000s ]
INFO: [ app_begin ] --START--
INFO: Run Behavior\ReadHtmlCacheBehavior [ RunTime:0.001000s ]
INFO: [ app_begin ] --END-- [ RunTime:0.001000s ]
SQL: select * from qc_home_zonghe where id>=1 [ RunTime:0.000000s ]
INFO: [ app_end ] --START--
INFO: Run Behavior\ShowPageTraceBehavior [ RunTime:0.002000s ]
INFO: [ app_end ] --END-- [ RunTime:0.002000s ]

[ 2018-11-27T11:46:17+08:00 ] ::1 /quce/index.php/Home-Index-home
INFO: [ app_init ] --START--
INFO: Run Behavior\BuildLiteBehavior [ RunTime:0.000000s ]
INFO: [ app_init ] --END-- [ RunTime:0.001000s ]
INFO: [ app_begin ] --START--
INFO: Run Behavior\ReadHtmlCacheBehavior [ RunTime:0.000000s ]
INFO: [ app_begin ] --END-- [ RunTime:0.000000s ]
NOTIC: [8] Undefined index: channel D:\phpStudy\WWW\quce\Application\Home\Controller\IndexController.class.php 第 564 行.
SQL: select * from tb_channel_pay where channel='' and csName='YJ' [ RunTime:0.001000s ]
SQL: select * from tb_channel_pay where channel='' [ RunTime:0.000000s ]
SQL: select * from tb_channel_pay where pay='68' and discountname='discount' [ RunTime:0.000000s ]
ERR: 1054:Unknown column 'discountname' in 'where clause'
 [ SQL语句 ] : select * from tb_channel_pay where pay='68' and discountname='discount'
INFO: [ view_parse ] --START--
INFO: [ template_filter ] --START--
INFO: Run Behavior\ContentReplaceBehavior [ RunTime:0.001000s ]
INFO: [ template_filter ] --END-- [ RunTime:0.001000s ]
NOTIC: [8] Undefined variable: wxlogin D:\phpStudy\WWW\quce\Application\Runtime\Cache\Home\d7afc08e88068689bd04637b9b480409.php 第 393 行.
INFO: Run Behavior\ParseTemplateBehavior [ RunTime:0.008000s ]
INFO: [ view_parse ] --END-- [ RunTime:0.008000s ]
INFO: [ view_filter ] --START--
INFO: Run Behavior\WriteHtmlCacheBehavior [ RunTime:0.000000s ]
INFO: [ view_filter ] --END-- [ RunTime:0.000000s ]
INFO: [ app_end ] --START--
INFO: Run Behavior\ShowPageTraceBehavior [ RunTime:0.001000s ]
INFO: [ app_end ] --END-- [ RunTime:0.001000s ]

[ 2018-11-27T11:46:17+08:00 ] ::1 /quce/index.php/Home-Index-homeData
INFO: [ app_init ] --START--
INFO: Run Behavior\BuildLiteBehavior [ RunTime:0.000000s ]
INFO: [ app_init ] --END-- [ RunTime:0.001000s ]
INFO: [ app_begin ] --START--
INFO: Run Behavior\ReadHtmlCacheBehavior [ RunTime:0.002000s ]
INFO: [ app_begin ] --END-- [ RunTime:0.002000s ]
SQL: select * from qc_home_zonghe where id>=1 [ RunTime:0.001000s ]
INFO: [ app_end ] --START--
INFO: Run Behavior\ShowPageTraceBehavior [ RunTime:0.001000s ]
INFO: [ app_end ] --END-- [ RunTime:0.002000s ]

[ 2018-11-27T11:46:19+08:00 ] ::1 /quce/index.php/Home-Index-homeCnzz
INFO: [ app_init ] --START--
INFO: Run Behavior\BuildLiteBehavior [ RunTime:0.000000s ]
INFO: [ app_init ] --END-- [ RunTime:0.001000s ]
INFO: [ app_begin ] --START--
INFO: Run Behavior\ReadHtmlCacheBehavior [ RunTime:0.001001s ]
INFO: [ app_begin ] --END-- [ RunTime:0.001001s ]
SQL: select id,clickNum from qc_home_cnzz where date='20181127' and typeid='zh3' [ RunTime:0.000000s ]
ERR: 1146:Table 'db_wedlock.qc_home_cnzz' doesn't exist
 [ SQL语句 ] : select id,clickNum from qc_home_cnzz where date='20181127' and typeid='zh3'
SQL: select name from  qc_home_zonghe where typeid='zh3' [ RunTime:0.000000s ]
SQL: insert into qc_home_cnzz (date,typeid,name)values('20181127','zh3','2019流年运程') [ RunTime:0.000000s ]
ERR: 1146:Table 'db_wedlock.qc_home_cnzz' doesn't exist
 [ SQL语句 ] : insert into qc_home_cnzz (date,typeid,name)values('20181127','zh3','2019流年运程')
INFO: [ app_end ] --START--
INFO: Run Behavior\ShowPageTraceBehavior [ RunTime:0.001000s ]
INFO: [ app_end ] --END-- [ RunTime:0.001000s ]

[ 2018-11-27T11:46:22+08:00 ] ::1 /quce/index.php/Home-Index-homeData
INFO: [ app_init ] --START--
INFO: Run Behavior\BuildLiteBehavior [ RunTime:0.000000s ]
INFO: [ app_init ] --END-- [ RunTime:0.001000s ]
INFO: [ app_begin ] --START--
INFO: Run Behavior\ReadHtmlCacheBehavior [ RunTime:0.001000s ]
INFO: [ app_begin ] --END-- [ RunTime:0.001000s ]
SQL: select * from qc_home_zonghe where id>=1 [ RunTime:0.000000s ]
INFO: [ app_end ] --START--
INFO: Run Behavior\ShowPageTraceBehavior [ RunTime:0.002000s ]
INFO: [ app_end ] --END-- [ RunTime:0.002000s ]

[ 2018-11-27T11:46:30+08:00 ] ::1 /quce/index.php/Home-Index-homeData
INFO: [ app_init ] --START--
INFO: Run Behavior\BuildLiteBehavior [ RunTime:0.000000s ]
INFO: [ app_init ] --END-- [ RunTime:0.001000s ]
INFO: [ app_begin ] --START--
INFO: Run Behavior\ReadHtmlCacheBehavior [ RunTime:0.001000s ]
INFO: [ app_begin ] --END-- [ RunTime:0.001000s ]
SQL: select * from qc_home_zonghe where id>=1 [ RunTime:0.001000s ]
INFO: [ app_end ] --START--
INFO: Run Behavior\ShowPageTraceBehavior [ RunTime:0.001000s ]
INFO: [ app_end ] --END-- [ RunTime:0.001000s ]

[ 2018-11-27T11:46:34+08:00 ] ::1 /quce/index.php/Home-Index-home
INFO: [ app_init ] --START--
INFO: Run Behavior\BuildLiteBehavior [ RunTime:0.000000s ]
INFO: [ app_init ] --END-- [ RunTime:0.001000s ]
INFO: [ app_begin ] --START--
INFO: Run Behavior\ReadHtmlCacheBehavior [ RunTime:0.001000s ]
INFO: [ app_begin ] --END-- [ RunTime:0.001000s ]
NOTIC: [8] Undefined index: channel D:\phpStudy\WWW\quce\Application\Home\Controller\IndexController.class.php 第 564 行.
SQL: select * from tb_channel_pay where channel='' and csName='YJ' [ RunTime:0.000000s ]
SQL: select * from tb_channel_pay where channel='' [ RunTime:0.000000s ]
SQL: select * from tb_channel_pay where pay='68' and discountname='discount' [ RunTime:0.000000s ]
ERR: 1054:Unknown column 'discountname' in 'where clause'
 [ SQL语句 ] : select * from tb_channel_pay where pay='68' and discountname='discount'
INFO: [ view_parse ] --START--
INFO: [ template_filter ] --START--
INFO: Run Behavior\ContentReplaceBehavior [ RunTime:0.001000s ]
INFO: [ template_filter ] --END-- [ RunTime:0.001000s ]
NOTIC: [8] Undefined variable: wxlogin D:\phpStudy\WWW\quce\Application\Runtime\Cache\Home\d7afc08e88068689bd04637b9b480409.php 第 393 行.
INFO: Run Behavior\ParseTemplateBehavior [ RunTime:0.009001s ]
INFO: [ view_parse ] --END-- [ RunTime:0.009001s ]
INFO: [ view_filter ] --START--
INFO: Run Behavior\WriteHtmlCacheBehavior [ RunTime:0.000000s ]
INFO: [ view_filter ] --END-- [ RunTime:0.000000s ]
INFO: [ app_end ] --START--
INFO: Run Behavior\ShowPageTraceBehavior [ RunTime:0.002000s ]
INFO: [ app_end ] --END-- [ RunTime:0.002000s ]

[ 2018-11-27T11:46:35+08:00 ] ::1 /quce/index.php/Home-Index-homeData
INFO: [ app_init ] --START--
INFO: Run Behavior\BuildLiteBehavior [ RunTime:0.000000s ]
INFO: [ app_init ] --END-- [ RunTime:0.000000s ]
INFO: [ app_begin ] --START--
INFO: Run Behavior\ReadHtmlCacheBehavior [ RunTime:0.001000s ]
INFO: [ app_begin ] --END-- [ RunTime:0.001000s ]
SQL: select * from qc_home_zonghe where id>=1 [ RunTime:0.001000s ]
INFO: [ app_end ] --START--
INFO: Run Behavior\ShowPageTraceBehavior [ RunTime:0.001000s ]
INFO: [ app_end ] --END-- [ RunTime:0.001000s ]

