[ 2018-11-14T14:02:20+08:00 ] ::1 /quce/index.php/Home-Index-home?channel=qudao135
INFO: [ app_init ] --START--
INFO: Run Behavior\BuildLiteBehavior [ RunTime:0.000000s ]
INFO: [ app_init ] --END-- [ RunTime:0.000000s ]
INFO: [ app_begin ] --START--
INFO: Run Behavior\ReadHtmlCacheBehavior [ RunTime:0.001000s ]
INFO: [ app_begin ] --END-- [ RunTime:0.001000s ]
INFO: [ view_parse ] --START--
INFO: [ template_filter ] --START--
INFO: Run Behavior\ContentReplaceBehavior [ RunTime:0.000000s ]
INFO: [ template_filter ] --END-- [ RunTime:0.000000s ]
INFO: Run Behavior\ParseTemplateBehavior [ RunTime:0.034002s ]
INFO: [ view_parse ] --END-- [ RunTime:0.034002s ]
INFO: [ view_filter ] --START--
INFO: Run Behavior\WriteHtmlCacheBehavior [ RunTime:0.000000s ]
INFO: [ view_filter ] --END-- [ RunTime:0.000000s ]
INFO: [ app_end ] --START--
INFO: Run Behavior\ShowPageTraceBehavior [ RunTime:0.001000s ]
INFO: [ app_end ] --END-- [ RunTime:0.001000s ]

[ 2018-11-14T14:02:24+08:00 ] ::1 /quce/index.php/
INFO: [ app_init ] --START--
INFO: Run Behavior\BuildLiteBehavior [ RunTime:0.000000s ]
INFO: [ app_init ] --END-- [ RunTime:0.001000s ]
INFO: [ app_begin ] --START--
INFO: Run Behavior\ReadHtmlCacheBehavior [ RunTime:0.001000s ]
INFO: [ app_begin ] --END-- [ RunTime:0.001000s ]
NOTIC: [8] Undefined index: channel D:\phpStudy\WWW\quce\Application\Home\Controller\IndexController.class.php 第 33 行.
SQL: select * from qc_zhiming_link where type='quce' limit 8 [ RunTime:0.029002s ]
SQL: select * from qc_zhiming_link where type='banner'  [ RunTime:0.000000s ]
SQL: select title,subject from qc_choiceti_answer where id>1 order by id desc limit 5 [ RunTime:0.065003s ]
SQL: select name,type from qc_choiceti_type where id>0 order by sort  [ RunTime:0.008001s ]
SQL: select id from qc_choiceti_answer where id<72 or id>79 [ RunTime:0.001000s ]
SQL: update qc_choiceti_answer set sort_new=35,sort_hot=80 where id=1 [ RunTime:0.000000s ]
NOTIC: [2] mysql_num_rows() expects parameter 1 to be resource, boolean given D:\phpStudy\WWW\quce\ThinkPHP\Library\Think\Db\Driver\Mysql.class.php 第 106 行.
NOTIC: [2] mysql_free_result() expects parameter 1 to be resource, boolean given D:\phpStudy\WWW\quce\ThinkPHP\Library\Think\Db\Driver\Mysql.class.php 第 77 行.
SQL: update qc_choiceti_answer set sort_new=42,sort_hot=73 where id=2 [ RunTime:0.009001s ]
NOTIC: [2] mysql_num_rows() expects parameter 1 to be resource, boolean given D:\phpStudy\WWW\quce\ThinkPHP\Library\Think\Db\Driver\Mysql.class.php 第 106 行.
NOTIC: [2] mysql_free_result() expects parameter 1 to be resource, boolean given D:\phpStudy\WWW\quce\ThinkPHP\Library\Think\Db\Driver\Mysql.class.php 第 77 行.
SQL: update qc_choiceti_answer set sort_new=62,sort_hot=61 where id=3 [ RunTime:0.000000s ]
NOTIC: [2] mysql_num_rows() expects parameter 1 to be resource, boolean given D:\phpStudy\WWW\quce\ThinkPHP\Library\Think\Db\Driver\Mysql.class.php 第 106 行.
NOTIC: [2] mysql_free_result() expects parameter 1 to be resource, boolean given D:\phpStudy\WWW\quce\ThinkPHP\Library\Think\Db\Driver\Mysql.class.php 第 77 行.
SQL: update qc_choiceti_answer set sort_new=12,sort_hot=10 where id=5 [ RunTime:0.000000s ]
NOTIC: [2] mysql_num_rows() expects parameter 1 to be resource, boolean given D:\phpStudy\WWW\quce\ThinkPHP\Library\Think\Db\Driver\Mysql.class.php 第 106 行.
NOTIC: [2] mysql_free_result() expects parameter 1 to be resource, boolean given D:\phpStudy\WWW\quce\ThinkPHP\Library\Think\Db\Driver\Mysql.class.php 第 77 行.
SQL: update qc_choiceti_answer set sort_new=38,sort_hot=19 where id=6 [ RunTime:0.000000s ]
NOTIC: [2] mysql_num_rows() expects parameter 1 to be resource, boolean given D:\phpStudy\WWW\quce\ThinkPHP\Library\Think\Db\Driver\Mysql.class.php 第 106 行.
NOTIC: [2] mysql_free_result() expects parameter 1 to be resource, boolean given D:\phpStudy\WWW\quce\ThinkPHP\Library\Think\Db\Driver\Mysql.class.php 第 77 行.
SQL: update qc_choiceti_answer set sort_new=74,sort_hot=65 where id=7 [ RunTime:0.007000s ]
NOTIC: [2] mysql_num_rows() expects parameter 1 to be resource, boolean given D:\phpStudy\WWW\quce\ThinkPHP\Library\Think\Db\Driver\Mysql.class.php 第 106 行.
NOTIC: [2] mysql_free_result() expects parameter 1 to be resource, boolean given D:\phpStudy\WWW\quce\ThinkPHP\Library\Think\Db\Driver\Mysql.class.php 第 77 行.
SQL: update qc_choiceti_answer set sort_new=36,sort_hot=3 where id=8 [ RunTime:0.001000s ]
NOTIC: [2] mysql_num_rows() expects parameter 1 to be resource, boolean given D:\phpStudy\WWW\quce\ThinkPHP\Library\Think\Db\Driver\Mysql.class.php 第 106 行.
NOTIC: [2] mysql_free_result() expects parameter 1 to be resource, boolean given D:\phpStudy\WWW\quce\ThinkPHP\Library\Think\Db\Driver\Mysql.class.php 第 77 行.
SQL: update qc_choiceti_answer set sort_new=9,sort_hot=45 where id=9 [ RunTime:0.000000s ]
NOTIC: [2] mysql_num_rows() expects parameter 1 to be resource, boolean given D:\phpStudy\WWW\quce\ThinkPHP\Library\Think\Db\Driver\Mysql.class.php 第 106 行.
NOTIC: [2] mysql_free_result() expects parameter 1 to be resource, boolean given D:\phpStudy\WWW\quce\ThinkPHP\Library\Think\Db\Driver\Mysql.class.php 第 77 行.
SQL: update qc_choiceti_answer set sort_new=33,sort_hot=2 where id=10 [ RunTime:0.001000s ]
NOTIC: [2] mysql_num_rows() expects parameter 1 to be resource, boolean given D:\phpStudy\WWW\quce\ThinkPHP\Library\Think\Db\Driver\Mysql.class.php 第 106 行.
NOTIC: [2] mysql_free_result() expects parameter 1 to be resource, boolean given D:\phpStudy\WWW\quce\ThinkPHP\Library\Think\Db\Driver\Mysql.class.php 第 77 行.
SQL: update qc_choiceti_answer set sort_new=62,sort_hot=40 where id=11 [ RunTime:0.000000s ]
NOTIC: [2] mysql_num_rows() expects parameter 1 to be resource, boolean given D:\phpStudy\WWW\quce\ThinkPHP\Library\Think\Db\Driver\Mysql.class.php 第 106 行.
NOTIC: [2] mysql_free_result() expects parameter 1 to be resource, boolean given D:\phpStudy\WWW\quce\ThinkPHP\Library\Think\Db\Driver\Mysql.class.php 第 77 行.
SQL: update qc_choiceti_answer set sort_new=1,sort_hot=32 where id=12 [ RunTime:0.001000s ]
NOTIC: [2] mysql_num_rows() expects parameter 1 to be resource, boolean given D:\phpStudy\WWW\quce\ThinkPHP\Library\Think\Db\Driver\Mysql.class.php 第 106 行.
NOTIC: [2] mysql_free_result() expects parameter 1 to be resource, boolean given D:\phpStudy\WWW\quce\ThinkPHP\Library\Think\Db\Driver\Mysql.class.php 第 77 行.
SQL: update qc_choiceti_answer set sort_new=62,sort_hot=11 where id=13 [ RunTime:0.014001s ]
NOTIC: [2] mysql_num_rows() expects parameter 1 to be resource, boolean given D:\phpStudy\WWW\quce\ThinkPHP\Library\Think\Db\Driver\Mysql.class.php 第 106 行.
NOTIC: [2] mysql_free_result() expects parameter 1 to be resource, boolean given D:\phpStudy\WWW\quce\ThinkPHP\Library\Think\Db\Driver\Mysql.class.php 第 77 行.
SQL: update qc_choiceti_answer set sort_new=61,sort_hot=45 where id=14 [ RunTime:0.000000s ]
NOTIC: [2] mysql_num_rows() expects parameter 1 to be resource, boolean given D:\phpStudy\WWW\quce\ThinkPHP\Library\Think\Db\Driver\Mysql.class.php 第 106 行.
NOTIC: [2] mysql_free_result() expects parameter 1 to be resource, boolean given D:\phpStudy\WWW\quce\ThinkPHP\Library\Think\Db\Driver\Mysql.class.php 第 77 行.
SQL: update qc_choiceti_answer set sort_new=63,sort_hot=2 where id=15 [ RunTime:0.001000s ]
NOTIC: [2] mysql_num_rows() expects parameter 1 to be resource, boolean given D:\phpStudy\WWW\quce\ThinkPHP\Library\Think\Db\Driver\Mysql.class.php 第 106 行.
NOTIC: [2] mysql_free_result() expects parameter 1 to be resource, boolean given D:\phpStudy\WWW\quce\ThinkPHP\Library\Think\Db\Driver\Mysql.class.php 第 77 行.
SQL: update qc_choiceti_answer set sort_new=53,sort_hot=82 where id=16 [ RunTime:0.000000s ]
NOTIC: [2] mysql_num_rows() expects parameter 1 to be resource, boolean given D:\phpStudy\WWW\quce\ThinkPHP\Library\Think\Db\Driver\Mysql.class.php 第 106 行.
NOTIC: [2] mysql_free_result() expects parameter 1 to be resource, boolean given D:\phpStudy\WWW\quce\ThinkPHP\Library\Think\Db\Driver\Mysql.class.php 第 77 行.
SQL: update qc_choiceti_answer set sort_new=20,sort_hot=89 where id=17 [ RunTime:0.001000s ]
NOTIC: [2] mysql_num_rows() expects parameter 1 to be resource, boolean given D:\phpStudy\WWW\quce\ThinkPHP\Library\Think\Db\Driver\Mysql.class.php 第 106 行.
NOTIC: [2] mysql_free_result() expects parameter 1 to be resource, boolean given D:\phpStudy\WWW\quce\ThinkPHP\Library\Think\Db\Driver\Mysql.class.php 第 77 行.
SQL: update qc_choiceti_answer set sort_new=39,sort_hot=50 where id=18 [ RunTime:0.000000s ]
NOTIC: [2] mysql_num_rows() expects parameter 1 to be resource, boolean given D:\phpStudy\WWW\quce\ThinkPHP\Library\Think\Db\Driver\Mysql.class.php 第 106 行.
NOTIC: [2] mysql_free_result() expects parameter 1 to be resource, boolean given D:\phpStudy\WWW\quce\ThinkPHP\Library\Think\Db\Driver\Mysql.class.php 第 77 行.
SQL: update qc_choiceti_answer set sort_new=3,sort_hot=16 where id=19 [ RunTime:0.000000s ]
NOTIC: [2] mysql_num_rows() expects parameter 1 to be resource, boolean given D:\phpStudy\WWW\quce\ThinkPHP\Library\Think\Db\Driver\Mysql.class.php 第 106 行.
NOTIC: [2] mysql_free_result() expects parameter 1 to be resource, boolean given D:\phpStudy\WWW\quce\ThinkPHP\Library\Think\Db\Driver\Mysql.class.php 第 77 行.
SQL: update qc_choiceti_answer set sort_new=7,sort_hot=61 where id=20 [ RunTime:0.000000s ]
NOTIC: [2] mysql_num_rows() expects parameter 1 to be resource, boolean given D:\phpStudy\WWW\quce\ThinkPHP\Library\Think\Db\Driver\Mysql.class.php 第 106 行.
NOTIC: [2] mysql_free_result() expects parameter 1 to be resource, boolean given D:\phpStudy\WWW\quce\ThinkPHP\Library\Think\Db\Driver\Mysql.class.php 第 77 行.
SQL: update qc_choiceti_answer set sort_new=10,sort_hot=52 where id=21 [ RunTime:0.000000s ]
NOTIC: [2] mysql_num_rows() expects parameter 1 to be resource, boolean given D:\phpStudy\WWW\quce\ThinkPHP\Library\Think\Db\Driver\Mysql.class.php 第 106 行.
NOTIC: [2] mysql_free_result() expects parameter 1 to be resource, boolean given D:\phpStudy\WWW\quce\ThinkPHP\Library\Think\Db\Driver\Mysql.class.php 第 77 行.
SQL: update qc_choiceti_answer set sort_new=14,sort_hot=87 where id=22 [ RunTime:0.000000s ]
NOTIC: [2] mysql_num_rows() expects parameter 1 to be resource, boolean given D:\phpStudy\WWW\quce\ThinkPHP\Library\Think\Db\Driver\Mysql.class.php 第 106 行.
NOTIC: [2] mysql_free_result() expects parameter 1 to be resource, boolean given D:\phpStudy\WWW\quce\ThinkPHP\Library\Think\Db\Driver\Mysql.class.php 第 77 行.
SQL: update qc_choiceti_answer set sort_new=4,sort_hot=36 where id=23 [ RunTime:0.001000s ]
NOTIC: [2] mysql_num_rows() expects parameter 1 to be resource, boolean given D:\phpStudy\WWW\quce\ThinkPHP\Library\Think\Db\Driver\Mysql.class.php 第 106 行.
NOTIC: [2] mysql_free_result() expects parameter 1 to be resource, boolean given D:\phpStudy\WWW\quce\ThinkPHP\Library\Think\Db\Driver\Mysql.class.php 第 77 行.
SQL: update qc_choiceti_answer set sort_new=81,sort_hot=46 where id=24 [ RunTime:0.000000s ]
NOTIC: [2] mysql_num_rows() expects parameter 1 to be resource, boolean given D:\phpStudy\WWW\quce\ThinkPHP\Library\Think\Db\Driver\Mysql.class.php 第 106 行.
NOTIC: [2] mysql_free_result() expects parameter 1 to be resource, boolean given D:\phpStudy\WWW\quce\ThinkPHP\Library\Think\Db\Driver\Mysql.class.php 第 77 行.
SQL: update qc_choiceti_answer set sort_new=16,sort_hot=74 where id=25 [ RunTime:0.009001s ]
NOTIC: [2] mysql_num_rows() expects parameter 1 to be resource, boolean given D:\phpStudy\WWW\quce\ThinkPHP\Library\Think\Db\Driver\Mysql.class.php 第 106 行.
NOTIC: [2] mysql_free_result() expects parameter 1 to be resource, boolean given D:\phpStudy\WWW\quce\ThinkPHP\Library\Think\Db\Driver\Mysql.class.php 第 77 行.
SQL: update qc_choiceti_answer set sort_new=32,sort_hot=78 where id=26 [ RunTime:0.001000s ]
NOTIC: [2] mysql_num_rows() expects parameter 1 to be resource, boolean given D:\phpStudy\WWW\quce\ThinkPHP\Library\Think\Db\Driver\Mysql.class.php 第 106 行.
NOTIC: [2] mysql_free_result() expects parameter 1 to be resource, boolean given D:\phpStudy\WWW\quce\ThinkPHP\Library\Think\Db\Driver\Mysql.class.php 第 77 行.
SQL: update qc_choiceti_answer set sort_new=57,sort_hot=83 where id=27 [ RunTime:0.000000s ]
NOTIC: [2] mysql_num_rows() expects parameter 1 to be resource, boolean given D:\phpStudy\WWW\quce\ThinkPHP\Library\Think\Db\Driver\Mysql.class.php 第 106 行.
NOTIC: [2] mysql_free_result() expects parameter 1 to be resource, boolean given D:\phpStudy\WWW\quce\ThinkPHP\Library\Think\Db\Driver\Mysql.class.php 第 77 行.
SQL: update qc_choiceti_answer set sort_new=23,sort_hot=32 where id=28 [ RunTime:0.001000s ]
NOTIC: [2] mysql_num_rows() expects parameter 1 to be resource, boolean given D:\phpStudy\WWW\quce\ThinkPHP\Library\Think\Db\Driver\Mysql.class.php 第 106 行.
NOTIC: [2] mysql_free_result() expects parameter 1 to be resource, boolean given D:\phpStudy\WWW\quce\ThinkPHP\Library\Think\Db\Driver\Mysql.class.php 第 77 行.
SQL: update qc_choiceti_answer set sort_new=70,sort_hot=86 where id=29 [ RunTime:0.000000s ]
NOTIC: [2] mysql_num_rows() expects parameter 1 to be resource, boolean given D:\phpStudy\WWW\quce\ThinkPHP\Library\Think\Db\Driver\Mysql.class.php 第 106 行.
NOTIC: [2] mysql_free_result() expects parameter 1 to be resource, boolean given D:\phpStudy\WWW\quce\ThinkPHP\Library\Think\Db\Driver\Mysql.class.php 第 77 行.
SQL: update qc_choiceti_answer set sort_new=18,sort_hot=36 where id=30 [ RunTime:0.001000s ]
NOTIC: [2] mysql_num_rows() expects parameter 1 to be resource, boolean given D:\phpStudy\WWW\quce\ThinkPHP\Library\Think\Db\Driver\Mysql.class.php 第 106 行.
NOTIC: [2] mysql_free_result() expects parameter 1 to be resource, boolean given D:\phpStudy\WWW\quce\ThinkPHP\Library\Think\Db\Driver\Mysql.class.php 第 77 行.
SQL: update qc_choiceti_answer set sort_new=89,sort_hot=13 where id=31 [ RunTime:0.000000s ]
NOTIC: [2] mysql_num_rows() expects parameter 1 to be resource, boolean given D:\phpStudy\WWW\quce\ThinkPHP\Library\Think\Db\Driver\Mysql.class.php 第 106 行.
NOTIC: [2] mysql_free_result() expects parameter 1 to be resource, boolean given D:\phpStudy\WWW\quce\ThinkPHP\Library\Think\Db\Driver\Mysql.class.php 第 77 行.
SQL: update qc_choiceti_answer set sort_new=41,sort_hot=52 where id=32 [ RunTime:0.000000s ]
NOTIC: [2] mysql_num_rows() expects parameter 1 to be resource, boolean given D:\phpStudy\WWW\quce\ThinkPHP\Library\Think\Db\Driver\Mysql.class.php 第 106 行.
NOTIC: [2] mysql_free_result() expects parameter 1 to be resource, boolean given D:\phpStudy\WWW\quce\ThinkPHP\Library\Think\Db\Driver\Mysql.class.php 第 77 行.
SQL: update qc_choiceti_answer set sort_new=55,sort_hot=60 where id=33 [ RunTime:0.001000s ]
NOTIC: [2] mysql_num_rows() expects parameter 1 to be resource, boolean given D:\phpStudy\WWW\quce\ThinkPHP\Library\Think\Db\Driver\Mysql.class.php 第 106 行.
NOTIC: [2] mysql_free_result() expects parameter 1 to be resource, boolean given D:\phpStudy\WWW\quce\ThinkPHP\Library\Think\Db\Driver\Mysql.class.php 第 77 行.
SQL: update qc_choiceti_answer set sort_new=28,sort_hot=10 where id=34 [ RunTime:0.001000s ]
NOTIC: [2] mysql_num_rows() expects parameter 1 to be resource, boolean given D:\phpStudy\WWW\quce\ThinkPHP\Library\Think\Db\Driver\Mysql.class.php 第 106 行.
NOTIC: [2] mysql_free_result() expects parameter 1 to be resource, boolean given D:\phpStudy\WWW\quce\ThinkPHP\Library\Think\Db\Driver\Mysql.class.php 第 77 行.
SQL: update qc_choiceti_answer set sort_new=51,sort_hot=40 where id=35 [ RunTime:0.000000s ]
NOTIC: [2] mysql_num_rows() expects parameter 1 to be resource, boolean given D:\phpStudy\WWW\quce\ThinkPHP\Library\Think\Db\Driver\Mysql.class.php 第 106 行.
NOTIC: [2] mysql_free_result() expects parameter 1 to be resource, boolean given D:\phpStudy\WWW\quce\ThinkPHP\Library\Think\Db\Driver\Mysql.class.php 第 77 行.
SQL: update qc_choiceti_answer set sort_new=88,sort_hot=15 where id=36 [ RunTime:0.001000s ]
NOTIC: [2] mysql_num_rows() expects parameter 1 to be resource, boolean given D:\phpStudy\WWW\quce\ThinkPHP\Library\Think\Db\Driver\Mysql.class.php 第 106 行.
NOTIC: [2] mysql_free_result() expects parameter 1 to be resource, boolean given D:\phpStudy\WWW\quce\ThinkPHP\Library\Think\Db\Driver\Mysql.class.php 第 77 行.
SQL: update qc_choiceti_answer set sort_new=44,sort_hot=11 where id=37 [ RunTime:0.000000s ]
NOTIC: [2] mysql_num_rows() expects parameter 1 to be resource, boolean given D:\phpStudy\WWW\quce\ThinkPHP\Library\Think\Db\Driver\Mysql.class.php 第 106 行.
NOTIC: [2] mysql_free_result() expects parameter 1 to be resource, boolean given D:\phpStudy\WWW\quce\ThinkPHP\Library\Think\Db\Driver\Mysql.class.php 第 77 行.
SQL: update qc_choiceti_answer set sort_new=28,sort_hot=50 where id=38 [ RunTime:0.000000s ]
NOTIC: [2] mysql_num_rows() expects parameter 1 to be resource, boolean given D:\phpStudy\WWW\quce\ThinkPHP\Library\Think\Db\Driver\Mysql.class.php 第 106 行.
NOTIC: [2] mysql_free_result() expects parameter 1 to be resource, boolean given D:\phpStudy\WWW\quce\ThinkPHP\Library\Think\Db\Driver\Mysql.class.php 第 77 行.
SQL: update qc_choiceti_answer set sort_new=83,sort_hot=4 where id=39 [ RunTime:0.000000s ]
NOTIC: [2] mysql_num_rows() expects parameter 1 to be resource, boolean given D:\phpStudy\WWW\quce\ThinkPHP\Library\Think\Db\Driver\Mysql.class.php 第 106 行.
NOTIC: [2] mysql_free_result() expects parameter 1 to be resource, boolean given D:\phpStudy\WWW\quce\ThinkPHP\Library\Think\Db\Driver\Mysql.class.php 第 77 行.
SQL: update qc_choiceti_answer set sort_new=54,sort_hot=25 where id=40 [ RunTime:0.000000s ]
NOTIC: [2] mysql_num_rows() expects parameter 1 to be resource, boolean given D:\phpStudy\WWW\quce\ThinkPHP\Library\Think\Db\Driver\Mysql.class.php 第 106 行.
NOTIC: [2] mysql_free_result() expects parameter 1 to be resource, boolean given D:\phpStudy\WWW\quce\ThinkPHP\Library\Think\Db\Driver\Mysql.class.php 第 77 行.
SQL: update qc_choiceti_answer set sort_new=21,sort_hot=14 where id=41 [ RunTime:0.001000s ]
NOTIC: [2] mysql_num_rows() expects parameter 1 to be resource, boolean given D:\phpStudy\WWW\quce\ThinkPHP\Library\Think\Db\Driver\Mysql.class.php 第 106 行.
NOTIC: [2] mysql_free_result() expects parameter 1 to be resource, boolean given D:\phpStudy\WWW\quce\ThinkPHP\Library\Think\Db\Driver\Mysql.class.php 第 77 行.
SQL: update qc_choiceti_answer set sort_new=65,sort_hot=23 where id=42 [ RunTime:0.000000s ]
NOTIC: [2] mysql_num_rows() expects parameter 1 to be resource, boolean given D:\phpStudy\WWW\quce\ThinkPHP\Library\Think\Db\Driver\Mysql.class.php 第 106 行.
NOTIC: [2] mysql_free_result() expects parameter 1 to be resource, boolean given D:\phpStudy\WWW\quce\ThinkPHP\Library\Think\Db\Driver\Mysql.class.php 第 77 行.
SQL: update qc_choiceti_answer set sort_new=85,sort_hot=25 where id=43 [ RunTime:0.001000s ]
NOTIC: [2] mysql_num_rows() expects parameter 1 to be resource, boolean given D:\phpStudy\WWW\quce\ThinkPHP\Library\Think\Db\Driver\Mysql.class.php 第 106 行.
NOTIC: [2] mysql_free_result() expects parameter 1 to be resource, boolean given D:\phpStudy\WWW\quce\ThinkPHP\Library\Think\Db\Driver\Mysql.class.php 第 77 行.
SQL: update qc_choiceti_answer set sort_new=51,sort_hot=32 where id=44 [ RunTime:0.000000s ]
NOTIC: [2] mysql_num_rows() expects parameter 1 to be resource, boolean given D:\phpStudy\WWW\quce\ThinkPHP\Library\Think\Db\Driver\Mysql.class.php 第 106 行.
NOTIC: [2] mysql_free_result() expects parameter 1 to be resource, boolean given D:\phpStudy\WWW\quce\ThinkPHP\Library\Think\Db\Driver\Mysql.class.php 第 77 行.
SQL: update qc_choiceti_answer set sort_new=13,sort_hot=59 where id=45 [ RunTime:0.000000s ]
NOTIC: [2] mysql_num_rows() expects parameter 1 to be resource, boolean given D:\phpStudy\WWW\quce\ThinkPHP\Library\Think\Db\Driver\Mysql.class.php 第 106 行.
NOTIC: [2] mysql_free_result() expects parameter 1 to be resource, boolean given D:\phpStudy\WWW\quce\ThinkPHP\Library\Think\Db\Driver\Mysql.class.php 第 77 行.
SQL: update qc_choiceti_answer set sort_new=9,sort_hot=57 where id=46 [ RunTime:0.001000s ]
NOTIC: [2] mysql_num_rows() expects parameter 1 to be resource, boolean given D:\phpStudy\WWW\quce\ThinkPHP\Library\Think\Db\Driver\Mysql.class.php 第 106 行.
NOTIC: [2] mysql_free_result() expects parameter 1 to be resource, boolean given D:\phpStudy\WWW\quce\ThinkPHP\Library\Think\Db\Driver\Mysql.class.php 第 77 行.
SQL: update qc_choiceti_answer set sort_new=77,sort_hot=62 where id=47 [ RunTime:0.000000s ]
NOTIC: [2] mysql_num_rows() expects parameter 1 to be resource, boolean given D:\phpStudy\WWW\quce\ThinkPHP\Library\Think\Db\Driver\Mysql.class.php 第 106 行.
NOTIC: [2] mysql_free_result() expects parameter 1 to be resource, boolean given D:\phpStudy\WWW\quce\ThinkPHP\Library\Think\Db\Driver\Mysql.class.php 第 77 行.
SQL: update qc_choiceti_answer set sort_new=8,sort_hot=74 where id=48 [ RunTime:0.001000s ]
NOTIC: [2] mysql_num_rows() expects parameter 1 to be resource, boolean given D:\phpStudy\WWW\quce\ThinkPHP\Library\Think\Db\Driver\Mysql.class.php 第 106 行.
NOTIC: [2] mysql_free_result() expects parameter 1 to be resource, boolean given D:\phpStudy\WWW\quce\ThinkPHP\Library\Think\Db\Driver\Mysql.class.php 第 77 行.
SQL: update qc_choiceti_answer set sort_new=58,sort_hot=50 where id=49 [ RunTime:0.000000s ]
NOTIC: [2] mysql_num_rows() expects parameter 1 to be resource, boolean given D:\phpStudy\WWW\quce\ThinkPHP\Library\Think\Db\Driver\Mysql.class.php 第 106 行.
NOTIC: [2] mysql_free_result() expects parameter 1 to be resource, boolean given D:\phpStudy\WWW\quce\ThinkPHP\Library\Think\Db\Driver\Mysql.class.php 第 77 行.
SQL: update qc_choiceti_answer set sort_new=4,sort_hot=82 where id=50 [ RunTime:0.000000s ]
NOTIC: [2] mysql_num_rows() expects parameter 1 to be resource, boolean given D:\phpStudy\WWW\quce\ThinkPHP\Library\Think\Db\Driver\Mysql.class.php 第 106 行.
NOTIC: [2] mysql_free_result() expects parameter 1 to be resource, boolean given D:\phpStudy\WWW\quce\ThinkPHP\Library\Think\Db\Driver\Mysql.class.php 第 77 行.
SQL: update qc_choiceti_answer set sort_new=43,sort_hot=35 where id=51 [ RunTime:0.001000s ]
NOTIC: [2] mysql_num_rows() expects parameter 1 to be resource, boolean given D:\phpStudy\WWW\quce\ThinkPHP\Library\Think\Db\Driver\Mysql.class.php 第 106 行.
NOTIC: [2] mysql_free_result() expects parameter 1 to be resource, boolean given D:\phpStudy\WWW\quce\ThinkPHP\Library\Think\Db\Driver\Mysql.class.php 第 77 行.
SQL: update qc_choiceti_answer set sort_new=36,sort_hot=4 where id=52 [ RunTime:0.000000s ]
NOTIC: [2] mysql_num_rows() expects parameter 1 to be resource, boolean given D:\phpStudy\WWW\quce\ThinkPHP\Library\Think\Db\Driver\Mysql.class.php 第 106 行.
NOTIC: [2] mysql_free_result() expects parameter 1 to be resource, boolean given D:\phpStudy\WWW\quce\ThinkPHP\Library\Think\Db\Driver\Mysql.class.php 第 77 行.
SQL: update qc_choiceti_answer set sort_new=63,sort_hot=48 where id=53 [ RunTime:0.000000s ]
NOTIC: [2] mysql_num_rows() expects parameter 1 to be resource, boolean given D:\phpStudy\WWW\quce\ThinkPHP\Library\Think\Db\Driver\Mysql.class.php 第 106 行.
NOTIC: [2] mysql_free_result() expects parameter 1 to be resource, boolean given D:\phpStudy\WWW\quce\ThinkPHP\Library\Think\Db\Driver\Mysql.class.php 第 77 行.
SQL: update qc_choiceti_answer set sort_new=48,sort_hot=1 where id=54 [ RunTime:0.001000s ]
NOTIC: [2] mysql_num_rows() expects parameter 1 to be resource, boolean given D:\phpStudy\WWW\quce\ThinkPHP\Library\Think\Db\Driver\Mysql.class.php 第 106 行.
NOTIC: [2] mysql_free_result() expects parameter 1 to be resource, boolean given D:\phpStudy\WWW\quce\ThinkPHP\Library\Think\Db\Driver\Mysql.class.php 第 77 行.
SQL: update qc_choiceti_answer set sort_new=48,sort_hot=27 where id=55 [ RunTime:0.000000s ]
NOTIC: [2] mysql_num_rows() expects parameter 1 to be resource, boolean given D:\phpStudy\WWW\quce\ThinkPHP\Library\Think\Db\Driver\Mysql.class.php 第 106 行.
NOTIC: [2] mysql_free_result() expects parameter 1 to be resource, boolean given D:\phpStudy\WWW\quce\ThinkPHP\Library\Think\Db\Driver\Mysql.class.php 第 77 行.
SQL: update qc_choiceti_answer set sort_new=30,sort_hot=90 where id=56 [ RunTime:0.001001s ]
NOTIC: [2] mysql_num_rows() expects parameter 1 to be resource, boolean given D:\phpStudy\WWW\quce\ThinkPHP\Library\Think\Db\Driver\Mysql.class.php 第 106 行.
NOTIC: [2] mysql_free_result() expects parameter 1 to be resource, boolean given D:\phpStudy\WWW\quce\ThinkPHP\Library\Think\Db\Driver\Mysql.class.php 第 77 行.
SQL: update qc_choiceti_answer set sort_new=21,sort_hot=50 where id=58 [ RunTime:0.000000s ]
NOTIC: [2] mysql_num_rows() expects parameter 1 to be resource, boolean given D:\phpStudy\WWW\quce\ThinkPHP\Library\Think\Db\Driver\Mysql.class.php 第 106 行.
NOTIC: [2] mysql_free_result() expects parameter 1 to be resource, boolean given D:\phpStudy\WWW\quce\ThinkPHP\Library\Think\Db\Driver\Mysql.class.php 第 77 行.
SQL: update qc_choiceti_answer set sort_new=22,sort_hot=2 where id=59 [ RunTime:0.000000s ]
NOTIC: [2] mysql_num_rows() expects parameter 1 to be resource, boolean given D:\phpStudy\WWW\quce\ThinkPHP\Library\Think\Db\Driver\Mysql.class.php 第 106 行.
NOTIC: [2] mysql_free_result() expects parameter 1 to be resource, boolean given D:\phpStudy\WWW\quce\ThinkPHP\Library\Think\Db\Driver\Mysql.class.php 第 77 行.
SQL: update qc_choiceti_answer set sort_new=20,sort_hot=22 where id=60 [ RunTime:0.001000s ]
NOTIC: [2] mysql_num_rows() expects parameter 1 to be resource, boolean given D:\phpStudy\WWW\quce\ThinkPHP\Library\Think\Db\Driver\Mysql.class.php 第 106 行.
NOTIC: [2] mysql_free_result() expects parameter 1 to be resource, boolean given D:\phpStudy\WWW\quce\ThinkPHP\Library\Think\Db\Driver\Mysql.class.php 第 77 行.
SQL: update qc_choiceti_answer set sort_new=43,sort_hot=19 where id=61 [ RunTime:0.000000s ]
NOTIC: [2] mysql_num_rows() expects parameter 1 to be resource, boolean given D:\phpStudy\WWW\quce\ThinkPHP\Library\Think\Db\Driver\Mysql.class.php 第 106 行.
NOTIC: [2] mysql_free_result() expects parameter 1 to be resource, boolean given D:\phpStudy\WWW\quce\ThinkPHP\Library\Think\Db\Driver\Mysql.class.php 第 77 行.
SQL: update qc_choiceti_answer set sort_new=73,sort_hot=65 where id=62 [ RunTime:0.000000s ]
NOTIC: [2] mysql_num_rows() expects parameter 1 to be resource, boolean given D:\phpStudy\WWW\quce\ThinkPHP\Library\Think\Db\Driver\Mysql.class.php 第 106 行.
NOTIC: [2] mysql_free_result() expects parameter 1 to be resource, boolean given D:\phpStudy\WWW\quce\ThinkPHP\Library\Think\Db\Driver\Mysql.class.php 第 77 行.
SQL: update qc_choiceti_answer set sort_new=19,sort_hot=74 where id=63 [ RunTime:0.001000s ]
NOTIC: [2] mysql_num_rows() expects parameter 1 to be resource, boolean given D:\phpStudy\WWW\quce\ThinkPHP\Library\Think\Db\Driver\Mysql.class.php 第 106 行.
NOTIC: [2] mysql_free_result() expects parameter 1 to be resource, boolean given D:\phpStudy\WWW\quce\ThinkPHP\Library\Think\Db\Driver\Mysql.class.php 第 77 行.
SQL: update qc_choiceti_answer set sort_new=18,sort_hot=35 where id=64 [ RunTime:0.000000s ]
NOTIC: [2] mysql_num_rows() expects parameter 1 to be resource, boolean given D:\phpStudy\WWW\quce\ThinkPHP\Library\Think\Db\Driver\Mysql.class.php 第 106 行.
NOTIC: [2] mysql_free_result() expects parameter 1 to be resource, boolean given D:\phpStudy\WWW\quce\ThinkPHP\Library\Think\Db\Driver\Mysql.class.php 第 77 行.
SQL: update qc_choiceti_answer set sort_new=58,sort_hot=74 where id=65 [ RunTime:0.000000s ]
NOTIC: [2] mysql_num_rows() expects parameter 1 to be resource, boolean given D:\phpStudy\WWW\quce\ThinkPHP\Library\Think\Db\Driver\Mysql.class.php 第 106 行.
NOTIC: [2] mysql_free_result() expects parameter 1 to be resource, boolean given D:\phpStudy\WWW\quce\ThinkPHP\Library\Think\Db\Driver\Mysql.class.php 第 77 行.
SQL: update qc_choiceti_answer set sort_new=41,sort_hot=9 where id=66 [ RunTime:0.000000s ]
NOTIC: [2] mysql_num_rows() expects parameter 1 to be resource, boolean given D:\phpStudy\WWW\quce\ThinkPHP\Library\Think\Db\Driver\Mysql.class.php 第 106 行.
NOTIC: [2] mysql_free_result() expects parameter 1 to be resource, boolean given D:\phpStudy\WWW\quce\ThinkPHP\Library\Think\Db\Driver\Mysql.class.php 第 77 行.
SQL: update qc_choiceti_answer set sort_new=5,sort_hot=67 where id=67 [ RunTime:0.000000s ]
NOTIC: [2] mysql_num_rows() expects parameter 1 to be resource, boolean given D:\phpStudy\WWW\quce\ThinkPHP\Library\Think\Db\Driver\Mysql.class.php 第 106 行.
NOTIC: [2] mysql_free_result() expects parameter 1 to be resource, boolean given D:\phpStudy\WWW\quce\ThinkPHP\Library\Think\Db\Driver\Mysql.class.php 第 77 行.
SQL: update qc_choiceti_answer set sort_new=73,sort_hot=89 where id=68 [ RunTime:0.000000s ]
NOTIC: [2] mysql_num_rows() expects parameter 1 to be resource, boolean given D:\phpStudy\WWW\quce\ThinkPHP\Library\Think\Db\Driver\Mysql.class.php 第 106 行.
NOTIC: [2] mysql_free_result() expects parameter 1 to be resource, boolean given D:\phpStudy\WWW\quce\ThinkPHP\Library\Think\Db\Driver\Mysql.class.php 第 77 行.
SQL: update qc_choiceti_answer set sort_new=40,sort_hot=49 where id=69 [ RunTime:0.001000s ]
NOTIC: [2] mysql_num_rows() expects parameter 1 to be resource, boolean given D:\phpStudy\WWW\quce\ThinkPHP\Library\Think\Db\Driver\Mysql.class.php 第 106 行.
NOTIC: [2] mysql_free_result() expects parameter 1 to be resource, boolean given D:\phpStudy\WWW\quce\ThinkPHP\Library\Think\Db\Driver\Mysql.class.php 第 77 行.
SQL: update qc_choiceti_answer set sort_new=33,sort_hot=69 where id=70 [ RunTime:0.000000s ]
NOTIC: [2] mysql_num_rows() expects parameter 1 to be resource, boolean given D:\phpStudy\WWW\quce\ThinkPHP\Library\Think\Db\Driver\Mysql.class.php 第 106 行.
NOTIC: [2] mysql_free_result() expects parameter 1 to be resource, boolean given D:\phpStudy\WWW\quce\ThinkPHP\Library\Think\Db\Driver\Mysql.class.php 第 77 行.
SQL: update qc_choiceti_answer set sort_new=13,sort_hot=65 where id=81 [ RunTime:0.001000s ]
NOTIC: [2] mysql_num_rows() expects parameter 1 to be resource, boolean given D:\phpStudy\WWW\quce\ThinkPHP\Library\Think\Db\Driver\Mysql.class.php 第 106 行.
NOTIC: [2] mysql_free_result() expects parameter 1 to be resource, boolean given D:\phpStudy\WWW\quce\ThinkPHP\Library\Think\Db\Driver\Mysql.class.php 第 77 行.
SQL: update qc_choiceti_answer set sort_new=27,sort_hot=22 where id=82 [ RunTime:0.000000s ]
NOTIC: [2] mysql_num_rows() expects parameter 1 to be resource, boolean given D:\phpStudy\WWW\quce\ThinkPHP\Library\Think\Db\Driver\Mysql.class.php 第 106 行.
NOTIC: [2] mysql_free_result() expects parameter 1 to be resource, boolean given D:\phpStudy\WWW\quce\ThinkPHP\Library\Think\Db\Driver\Mysql.class.php 第 77 行.
SQL: update qc_choiceti_answer set sort_new=62,sort_hot=71 where id=83 [ RunTime:0.000000s ]
NOTIC: [2] mysql_num_rows() expects parameter 1 to be resource, boolean given D:\phpStudy\WWW\quce\ThinkPHP\Library\Think\Db\Driver\Mysql.class.php 第 106 行.
NOTIC: [2] mysql_free_result() expects parameter 1 to be resource, boolean given D:\phpStudy\WWW\quce\ThinkPHP\Library\Think\Db\Driver\Mysql.class.php 第 77 行.
SQL: update qc_choiceti_answer set sort_new=66,sort_hot=52 where id=84 [ RunTime:0.000000s ]
NOTIC: [2] mysql_num_rows() expects parameter 1 to be resource, boolean given D:\phpStudy\WWW\quce\ThinkPHP\Library\Think\Db\Driver\Mysql.class.php 第 106 行.
NOTIC: [2] mysql_free_result() expects parameter 1 to be resource, boolean given D:\phpStudy\WWW\quce\ThinkPHP\Library\Think\Db\Driver\Mysql.class.php 第 77 行.
SQL: update qc_choiceti_answer set sort_new=59,sort_hot=9 where id=85 [ RunTime:0.001000s ]
NOTIC: [2] mysql_num_rows() expects parameter 1 to be resource, boolean given D:\phpStudy\WWW\quce\ThinkPHP\Library\Think\Db\Driver\Mysql.class.php 第 106 行.
NOTIC: [2] mysql_free_result() expects parameter 1 to be resource, boolean given D:\phpStudy\WWW\quce\ThinkPHP\Library\Think\Db\Driver\Mysql.class.php 第 77 行.
SQL: update qc_choiceti_answer set sort_new=61,sort_hot=15 where id=86 [ RunTime:0.000000s ]
NOTIC: [2] mysql_num_rows() expects parameter 1 to be resource, boolean given D:\phpStudy\WWW\quce\ThinkPHP\Library\Think\Db\Driver\Mysql.class.php 第 106 行.
NOTIC: [2] mysql_free_result() expects parameter 1 to be resource, boolean given D:\phpStudy\WWW\quce\ThinkPHP\Library\Think\Db\Driver\Mysql.class.php 第 77 行.
SQL: update qc_choiceti_answer set sort_new=13,sort_hot=60 where id=87 [ RunTime:0.001000s ]
NOTIC: [2] mysql_num_rows() expects parameter 1 to be resource, boolean given D:\phpStudy\WWW\quce\ThinkPHP\Library\Think\Db\Driver\Mysql.class.php 第 106 行.
NOTIC: [2] mysql_free_result() expects parameter 1 to be resource, boolean given D:\phpStudy\WWW\quce\ThinkPHP\Library\Think\Db\Driver\Mysql.class.php 第 77 行.
SQL: update qc_choiceti_answer set sort_new=38,sort_hot=75 where id=88 [ RunTime:0.000000s ]
NOTIC: [2] mysql_num_rows() expects parameter 1 to be resource, boolean given D:\phpStudy\WWW\quce\ThinkPHP\Library\Think\Db\Driver\Mysql.class.php 第 106 行.
NOTIC: [2] mysql_free_result() expects parameter 1 to be resource, boolean given D:\phpStudy\WWW\quce\ThinkPHP\Library\Think\Db\Driver\Mysql.class.php 第 77 行.
SQL: update qc_choiceti_answer set sort_new=25,sort_hot=60 where id=90 [ RunTime:0.000000s ]
NOTIC: [2] mysql_num_rows() expects parameter 1 to be resource, boolean given D:\phpStudy\WWW\quce\ThinkPHP\Library\Think\Db\Driver\Mysql.class.php 第 106 行.
NOTIC: [2] mysql_free_result() expects parameter 1 to be resource, boolean given D:\phpStudy\WWW\quce\ThinkPHP\Library\Think\Db\Driver\Mysql.class.php 第 77 行.
SQL: update qc_choiceti_answer set sort_new=79,sort_hot=14 where id=91 [ RunTime:0.000000s ]
NOTIC: [2] mysql_num_rows() expects parameter 1 to be resource, boolean given D:\phpStudy\WWW\quce\ThinkPHP\Library\Think\Db\Driver\Mysql.class.php 第 106 行.
NOTIC: [2] mysql_free_result() expects parameter 1 to be resource, boolean given D:\phpStudy\WWW\quce\ThinkPHP\Library\Think\Db\Driver\Mysql.class.php 第 77 行.
SQL: update qc_choiceti_answer set sort_new=11,sort_hot=35 where id=92 [ RunTime:0.000000s ]
NOTIC: [2] mysql_num_rows() expects parameter 1 to be resource, boolean given D:\phpStudy\WWW\quce\ThinkPHP\Library\Think\Db\Driver\Mysql.class.php 第 106 行.
NOTIC: [2] mysql_free_result() expects parameter 1 to be resource, boolean given D:\phpStudy\WWW\quce\ThinkPHP\Library\Think\Db\Driver\Mysql.class.php 第 77 行.
SQL: update qc_choiceti_answer set sort_new=54,sort_hot=42 where id=93 [ RunTime:0.000000s ]
NOTIC: [2] mysql_num_rows() expects parameter 1 to be resource, boolean given D:\phpStudy\WWW\quce\ThinkPHP\Library\Think\Db\Driver\Mysql.class.php 第 106 行.
NOTIC: [2] mysql_free_result() expects parameter 1 to be resource, boolean given D:\phpStudy\WWW\quce\ThinkPHP\Library\Think\Db\Driver\Mysql.class.php 第 77 行.
SQL: update qc_choiceti_answer set sort_new=10,sort_hot=56 where id=94 [ RunTime:0.001000s ]
NOTIC: [2] mysql_num_rows() expects parameter 1 to be resource, boolean given D:\phpStudy\WWW\quce\ThinkPHP\Library\Think\Db\Driver\Mysql.class.php 第 106 行.
NOTIC: [2] mysql_free_result() expects parameter 1 to be resource, boolean given D:\phpStudy\WWW\quce\ThinkPHP\Library\Think\Db\Driver\Mysql.class.php 第 77 行.
SQL: update qc_choiceti_answer set sort_new=57,sort_hot=44 where id=95 [ RunTime:0.000000s ]
NOTIC: [2] mysql_num_rows() expects parameter 1 to be resource, boolean given D:\phpStudy\WWW\quce\ThinkPHP\Library\Think\Db\Driver\Mysql.class.php 第 106 行.
NOTIC: [2] mysql_free_result() expects parameter 1 to be resource, boolean given D:\phpStudy\WWW\quce\ThinkPHP\Library\Think\Db\Driver\Mysql.class.php 第 77 行.
SQL: update qc_choiceti_answer set sort_new=68,sort_hot=46 where id=96 [ RunTime:0.000000s ]
NOTIC: [2] mysql_num_rows() expects parameter 1 to be resource, boolean given D:\phpStudy\WWW\quce\ThinkPHP\Library\Think\Db\Driver\Mysql.class.php 第 106 行.
NOTIC: [2] mysql_free_result() expects parameter 1 to be resource, boolean given D:\phpStudy\WWW\quce\ThinkPHP\Library\Think\Db\Driver\Mysql.class.php 第 77 行.
SQL: update qc_choiceti_answer set sort_new=28,sort_hot=6 where id=97 [ RunTime:0.001000s ]
NOTIC: [2] mysql_num_rows() expects parameter 1 to be resource, boolean given D:\phpStudy\WWW\quce\ThinkPHP\Library\Think\Db\Driver\Mysql.class.php 第 106 行.
NOTIC: [2] mysql_free_result() expects parameter 1 to be resource, boolean given D:\phpStudy\WWW\quce\ThinkPHP\Library\Think\Db\Driver\Mysql.class.php 第 77 行.
SQL: update qc_choiceti_answer set sort_new=45,sort_hot=43 where id=98 [ RunTime:0.000000s ]
NOTIC: [2] mysql_num_rows() expects parameter 1 to be resource, boolean given D:\phpStudy\WWW\quce\ThinkPHP\Library\Think\Db\Driver\Mysql.class.php 第 106 行.
NOTIC: [2] mysql_free_result() expects parameter 1 to be resource, boolean given D:\phpStudy\WWW\quce\ThinkPHP\Library\Think\Db\Driver\Mysql.class.php 第 77 行.
SQL: update qc_choiceti_answer set sort_new=64,sort_hot=84 where id=99 [ RunTime:0.001000s ]
NOTIC: [2] mysql_num_rows() expects parameter 1 to be resource, boolean given D:\phpStudy\WWW\quce\ThinkPHP\Library\Think\Db\Driver\Mysql.class.php 第 106 行.
NOTIC: [2] mysql_free_result() expects parameter 1 to be resource, boolean given D:\phpStudy\WWW\quce\ThinkPHP\Library\Think\Db\Driver\Mysql.class.php 第 77 行.
SQL: update qc_choiceti_answer set sort_new=45,sort_hot=19 where id=100 [ RunTime:0.000000s ]
NOTIC: [2] mysql_num_rows() expects parameter 1 to be resource, boolean given D:\phpStudy\WWW\quce\ThinkPHP\Library\Think\Db\Driver\Mysql.class.php 第 106 行.
NOTIC: [2] mysql_free_result() expects parameter 1 to be resource, boolean given D:\phpStudy\WWW\quce\ThinkPHP\Library\Think\Db\Driver\Mysql.class.php 第 77 行.
SQL: update qc_choiceti_answer set sort_new=55,sort_hot=86 where id=101 [ RunTime:0.000000s ]
NOTIC: [2] mysql_num_rows() expects parameter 1 to be resource, boolean given D:\phpStudy\WWW\quce\ThinkPHP\Library\Think\Db\Driver\Mysql.class.php 第 106 行.
NOTIC: [2] mysql_free_result() expects parameter 1 to be resource, boolean given D:\phpStudy\WWW\quce\ThinkPHP\Library\Think\Db\Driver\Mysql.class.php 第 77 行.
SQL: update qc_choiceti_answer set sort_new=45,sort_hot=77 where id=102 [ RunTime:0.001000s ]
NOTIC: [2] mysql_num_rows() expects parameter 1 to be resource, boolean given D:\phpStudy\WWW\quce\ThinkPHP\Library\Think\Db\Driver\Mysql.class.php 第 106 行.
NOTIC: [2] mysql_free_result() expects parameter 1 to be resource, boolean given D:\phpStudy\WWW\quce\ThinkPHP\Library\Think\Db\Driver\Mysql.class.php 第 77 行.
SQL: update qc_choiceti_answer set sort_new=19,sort_hot=49 where id=103 [ RunTime:0.000000s ]
NOTIC: [2] mysql_num_rows() expects parameter 1 to be resource, boolean given D:\phpStudy\WWW\quce\ThinkPHP\Library\Think\Db\Driver\Mysql.class.php 第 106 行.
NOTIC: [2] mysql_free_result() expects parameter 1 to be resource, boolean given D:\phpStudy\WWW\quce\ThinkPHP\Library\Think\Db\Driver\Mysql.class.php 第 77 行.
SQL: update qc_choiceti_answer set sort_new=49,sort_hot=35 where id=104 [ RunTime:0.000000s ]
NOTIC: [2] mysql_num_rows() expects parameter 1 to be resource, boolean given D:\phpStudy\WWW\quce\ThinkPHP\Library\Think\Db\Driver\Mysql.class.php 第 106 行.
NOTIC: [2] mysql_free_result() expects parameter 1 to be resource, boolean given D:\phpStudy\WWW\quce\ThinkPHP\Library\Think\Db\Driver\Mysql.class.php 第 77 行.
SQL: update qc_choiceti_answer set sort_new=1,sort_hot=32 where id=105 [ RunTime:0.000000s ]
NOTIC: [2] mysql_num_rows() expects parameter 1 to be resource, boolean given D:\phpStudy\WWW\quce\ThinkPHP\Library\Think\Db\Driver\Mysql.class.php 第 106 行.
NOTIC: [2] mysql_free_result() expects parameter 1 to be resource, boolean given D:\phpStudy\WWW\quce\ThinkPHP\Library\Think\Db\Driver\Mysql.class.php 第 77 行.
SQL: update qc_choiceti_answer set sort_new=23,sort_hot=89 where id=106 [ RunTime:0.000000s ]
NOTIC: [2] mysql_num_rows() expects parameter 1 to be resource, boolean given D:\phpStudy\WWW\quce\ThinkPHP\Library\Think\Db\Driver\Mysql.class.php 第 106 行.
NOTIC: [2] mysql_free_result() expects parameter 1 to be resource, boolean given D:\phpStudy\WWW\quce\ThinkPHP\Library\Think\Db\Driver\Mysql.class.php 第 77 行.
SQL: update qc_choiceti_answer set sort_new=58,sort_hot=54 where id=107 [ RunTime:0.001000s ]
NOTIC: [2] mysql_num_rows() expects parameter 1 to be resource, boolean given D:\phpStudy\WWW\quce\ThinkPHP\Library\Think\Db\Driver\Mysql.class.php 第 106 行.
NOTIC: [2] mysql_free_result() expects parameter 1 to be resource, boolean given D:\phpStudy\WWW\quce\ThinkPHP\Library\Think\Db\Driver\Mysql.class.php 第 77 行.
SQL: update qc_choiceti_answer set sort_new=9,sort_hot=21 where id=108 [ RunTime:0.000000s ]
NOTIC: [2] mysql_num_rows() expects parameter 1 to be resource, boolean given D:\phpStudy\WWW\quce\ThinkPHP\Library\Think\Db\Driver\Mysql.class.php 第 106 行.
NOTIC: [2] mysql_free_result() expects parameter 1 to be resource, boolean given D:\phpStudy\WWW\quce\ThinkPHP\Library\Think\Db\Driver\Mysql.class.php 第 77 行.
SQL: update qc_choiceti_answer set sort_new=38,sort_hot=7 where id=109 [ RunTime:0.000000s ]
NOTIC: [2] mysql_num_rows() expects parameter 1 to be resource, boolean given D:\phpStudy\WWW\quce\ThinkPHP\Library\Think\Db\Driver\Mysql.class.php 第 106 行.
NOTIC: [2] mysql_free_result() expects parameter 1 to be resource, boolean given D:\phpStudy\WWW\quce\ThinkPHP\Library\Think\Db\Driver\Mysql.class.php 第 77 行.
SQL: update qc_choiceti_answer set sort_new=16,sort_hot=16 where id=110 [ RunTime:0.000000s ]
NOTIC: [2] mysql_num_rows() expects parameter 1 to be resource, boolean given D:\phpStudy\WWW\quce\ThinkPHP\Library\Think\Db\Driver\Mysql.class.php 第 106 行.
NOTIC: [2] mysql_free_result() expects parameter 1 to be resource, boolean given D:\phpStudy\WWW\quce\ThinkPHP\Library\Think\Db\Driver\Mysql.class.php 第 77 行.
SQL: update qc_choiceti_answer set sort_new=80,sort_hot=56 where id=111 [ RunTime:0.000000s ]
NOTIC: [2] mysql_num_rows() expects parameter 1 to be resource, boolean given D:\phpStudy\WWW\quce\ThinkPHP\Library\Think\Db\Driver\Mysql.class.php 第 106 行.
NOTIC: [2] mysql_free_result() expects parameter 1 to be resource, boolean given D:\phpStudy\WWW\quce\ThinkPHP\Library\Think\Db\Driver\Mysql.class.php 第 77 行.
SQL: update qc_choiceti_answer set sort_new=58,sort_hot=50 where id=112 [ RunTime:0.000000s ]
NOTIC: [2] mysql_num_rows() expects parameter 1 to be resource, boolean given D:\phpStudy\WWW\quce\ThinkPHP\Library\Think\Db\Driver\Mysql.class.php 第 106 行.
NOTIC: [2] mysql_free_result() expects parameter 1 to be resource, boolean given D:\phpStudy\WWW\quce\ThinkPHP\Library\Think\Db\Driver\Mysql.class.php 第 77 行.
SQL: update qc_choiceti_answer set sort_new=68,sort_hot=77 where id=113 [ RunTime:0.000000s ]
NOTIC: [2] mysql_num_rows() expects parameter 1 to be resource, boolean given D:\phpStudy\WWW\quce\ThinkPHP\Library\Think\Db\Driver\Mysql.class.php 第 106 行.
NOTIC: [2] mysql_free_result() expects parameter 1 to be resource, boolean given D:\phpStudy\WWW\quce\ThinkPHP\Library\Think\Db\Driver\Mysql.class.php 第 77 行.
SQL: update qc_choiceti_answer set sort_new=63,sort_hot=85 where id=114 [ RunTime:0.001000s ]
NOTIC: [2] mysql_num_rows() expects parameter 1 to be resource, boolean given D:\phpStudy\WWW\quce\ThinkPHP\Library\Think\Db\Driver\Mysql.class.php 第 106 行.
NOTIC: [2] mysql_free_result() expects parameter 1 to be resource, boolean given D:\phpStudy\WWW\quce\ThinkPHP\Library\Think\Db\Driver\Mysql.class.php 第 77 行.
SQL: update qc_choiceti_answer set sort_new=36,sort_hot=24 where id=115 [ RunTime:0.000000s ]
NOTIC: [2] mysql_num_rows() expects parameter 1 to be resource, boolean given D:\phpStudy\WWW\quce\ThinkPHP\Library\Think\Db\Driver\Mysql.class.php 第 106 行.
NOTIC: [2] mysql_free_result() expects parameter 1 to be resource, boolean given D:\phpStudy\WWW\quce\ThinkPHP\Library\Think\Db\Driver\Mysql.class.php 第 77 行.
SQL: update qc_choiceti_answer set sort_new=73,sort_hot=30 where id=116 [ RunTime:0.000000s ]
NOTIC: [2] mysql_num_rows() expects parameter 1 to be resource, boolean given D:\phpStudy\WWW\quce\ThinkPHP\Library\Think\Db\Driver\Mysql.class.php 第 106 行.
NOTIC: [2] mysql_free_result() expects parameter 1 to be resource, boolean given D:\phpStudy\WWW\quce\ThinkPHP\Library\Think\Db\Driver\Mysql.class.php 第 77 行.
SQL: update qc_choiceti_answer set sort_new=82,sort_hot=18 where id=117 [ RunTime:0.000000s ]
NOTIC: [2] mysql_num_rows() expects parameter 1 to be resource, boolean given D:\phpStudy\WWW\quce\ThinkPHP\Library\Think\Db\Driver\Mysql.class.php 第 106 行.
NOTIC: [2] mysql_free_result() expects parameter 1 to be resource, boolean given D:\phpStudy\WWW\quce\ThinkPHP\Library\Think\Db\Driver\Mysql.class.php 第 77 行.
SQL: update qc_choiceti_answer set sort_new=43,sort_hot=50 where id=118 [ RunTime:0.001001s ]
NOTIC: [2] mysql_num_rows() expects parameter 1 to be resource, boolean given D:\phpStudy\WWW\quce\ThinkPHP\Library\Think\Db\Driver\Mysql.class.php 第 106 行.
NOTIC: [2] mysql_free_result() expects parameter 1 to be resource, boolean given D:\phpStudy\WWW\quce\ThinkPHP\Library\Think\Db\Driver\Mysql.class.php 第 77 行.
SQL: update qc_choiceti_answer set sort_new=82,sort_hot=3 where id=119 [ RunTime:0.000000s ]
NOTIC: [2] mysql_num_rows() expects parameter 1 to be resource, boolean given D:\phpStudy\WWW\quce\ThinkPHP\Library\Think\Db\Driver\Mysql.class.php 第 106 行.
NOTIC: [2] mysql_free_result() expects parameter 1 to be resource, boolean given D:\phpStudy\WWW\quce\ThinkPHP\Library\Think\Db\Driver\Mysql.class.php 第 77 行.
SQL: update qc_choiceti_answer set sort_new=43,sort_hot=23 where id=120 [ RunTime:0.000000s ]
NOTIC: [2] mysql_num_rows() expects parameter 1 to be resource, boolean given D:\phpStudy\WWW\quce\ThinkPHP\Library\Think\Db\Driver\Mysql.class.php 第 106 行.
NOTIC: [2] mysql_free_result() expects parameter 1 to be resource, boolean given D:\phpStudy\WWW\quce\ThinkPHP\Library\Think\Db\Driver\Mysql.class.php 第 77 行.
SQL: update qc_choiceti_answer set sort_new=13,sort_hot=73 where id=121 [ RunTime:0.000000s ]
NOTIC: [2] mysql_num_rows() expects parameter 1 to be resource, boolean given D:\phpStudy\WWW\quce\ThinkPHP\Library\Think\Db\Driver\Mysql.class.php 第 106 行.
NOTIC: [2] mysql_free_result() expects parameter 1 to be resource, boolean given D:\phpStudy\WWW\quce\ThinkPHP\Library\Think\Db\Driver\Mysql.class.php 第 77 行.
SQL: update qc_choiceti_answer set sort_new=52,sort_hot=86 where id=122 [ RunTime:0.001000s ]
NOTIC: [2] mysql_num_rows() expects parameter 1 to be resource, boolean given D:\phpStudy\WWW\quce\ThinkPHP\Library\Think\Db\Driver\Mysql.class.php 第 106 行.
NOTIC: [2] mysql_free_result() expects parameter 1 to be resource, boolean given D:\phpStudy\WWW\quce\ThinkPHP\Library\Think\Db\Driver\Mysql.class.php 第 77 行.
SQL: update qc_choiceti_answer set sort_new=81,sort_hot=85 where id=123 [ RunTime:0.000000s ]
NOTIC: [2] mysql_num_rows() expects parameter 1 to be resource, boolean given D:\phpStudy\WWW\quce\ThinkPHP\Library\Think\Db\Driver\Mysql.class.php 第 106 行.
NOTIC: [2] mysql_free_result() expects parameter 1 to be resource, boolean given D:\phpStudy\WWW\quce\ThinkPHP\Library\Think\Db\Driver\Mysql.class.php 第 77 行.
SQL: update qc_choiceti_answer set sort_new=67,sort_hot=80 where id=124 [ RunTime:0.000000s ]
NOTIC: [2] mysql_num_rows() expects parameter 1 to be resource, boolean given D:\phpStudy\WWW\quce\ThinkPHP\Library\Think\Db\Driver\Mysql.class.php 第 106 行.
NOTIC: [2] mysql_free_result() expects parameter 1 to be resource, boolean given D:\phpStudy\WWW\quce\ThinkPHP\Library\Think\Db\Driver\Mysql.class.php 第 77 行.
SQL: update qc_choiceti_answer set sort_new=80,sort_hot=34 where id=125 [ RunTime:0.000000s ]
NOTIC: [2] mysql_num_rows() expects parameter 1 to be resource, boolean given D:\phpStudy\WWW\quce\ThinkPHP\Library\Think\Db\Driver\Mysql.class.php 第 106 行.
NOTIC: [2] mysql_free_result() expects parameter 1 to be resource, boolean given D:\phpStudy\WWW\quce\ThinkPHP\Library\Think\Db\Driver\Mysql.class.php 第 77 行.
SQL: update qc_choiceti_answer set sort_new=22,sort_hot=34 where id=126 [ RunTime:0.001000s ]
NOTIC: [2] mysql_num_rows() expects parameter 1 to be resource, boolean given D:\phpStudy\WWW\quce\ThinkPHP\Library\Think\Db\Driver\Mysql.class.php 第 106 行.
NOTIC: [2] mysql_free_result() expects parameter 1 to be resource, boolean given D:\phpStudy\WWW\quce\ThinkPHP\Library\Think\Db\Driver\Mysql.class.php 第 77 行.
SQL: update qc_choiceti_answer set sort_new=78,sort_hot=85 where id=127 [ RunTime:0.000000s ]
NOTIC: [2] mysql_num_rows() expects parameter 1 to be resource, boolean given D:\phpStudy\WWW\quce\ThinkPHP\Library\Think\Db\Driver\Mysql.class.php 第 106 行.
NOTIC: [2] mysql_free_result() expects parameter 1 to be resource, boolean given D:\phpStudy\WWW\quce\ThinkPHP\Library\Think\Db\Driver\Mysql.class.php 第 77 行.
SQL: update qc_choiceti_answer set sort_new=25,sort_hot=41 where id=128 [ RunTime:0.000000s ]
NOTIC: [2] mysql_num_rows() expects parameter 1 to be resource, boolean given D:\phpStudy\WWW\quce\ThinkPHP\Library\Think\Db\Driver\Mysql.class.php 第 106 行.
NOTIC: [2] mysql_free_result() expects parameter 1 to be resource, boolean given D:\phpStudy\WWW\quce\ThinkPHP\Library\Think\Db\Driver\Mysql.class.php 第 77 行.
SQL: update qc_choiceti_answer set sort_new=32,sort_hot=19 where id=129 [ RunTime:0.000000s ]
NOTIC: [2] mysql_num_rows() expects parameter 1 to be resource, boolean given D:\phpStudy\WWW\quce\ThinkPHP\Library\Think\Db\Driver\Mysql.class.php 第 106 行.
NOTIC: [2] mysql_free_result() expects parameter 1 to be resource, boolean given D:\phpStudy\WWW\quce\ThinkPHP\Library\Think\Db\Driver\Mysql.class.php 第 77 行.
SQL: update qc_choiceti_answer set sort_new=69,sort_hot=31 where id=130 [ RunTime:0.001000s ]
NOTIC: [2] mysql_num_rows() expects parameter 1 to be resource, boolean given D:\phpStudy\WWW\quce\ThinkPHP\Library\Think\Db\Driver\Mysql.class.php 第 106 行.
INFO: [ view_parse ] --START--
INFO: [ template_filter ] --START--
INFO: Run Behavior\ContentReplaceBehavior [ RunTime:0.000000s ]
INFO: [ template_filter ] --END-- [ RunTime:0.000000s ]
INFO: Run Behavior\ParseTemplateBehavior [ RunTime:0.047002s ]
INFO: [ view_parse ] --END-- [ RunTime:0.047002s ]
INFO: [ view_filter ] --START--
INFO: Run Behavior\WriteHtmlCacheBehavior [ RunTime:0.033002s ]
INFO: [ view_filter ] --END-- [ RunTime:0.033002s ]
INFO: [ app_end ] --START--
INFO: Run Behavior\ShowPageTraceBehavior [ RunTime:0.002000s ]
INFO: [ app_end ] --END-- [ RunTime:0.002000s ]

[ 2018-11-14T14:02:24+08:00 ] ::1 /quce/index.php/Home-Index-indexAnswerNew?page=1
INFO: [ app_init ] --START--
INFO: Run Behavior\BuildLiteBehavior [ RunTime:0.000000s ]
INFO: [ app_init ] --END-- [ RunTime:0.001000s ]
INFO: [ app_begin ] --START--
INFO: Run Behavior\ReadHtmlCacheBehavior [ RunTime:0.001000s ]
INFO: [ app_begin ] --END-- [ RunTime:0.001000s ]
SQL: select id,title,content,subject,title_img,hotstar,type_img from qc_choiceti_answer where id>0 and title_img is not null and title_img!=' '  order by sort_new desc limit 0,10  [ RunTime:0.002000s ]
NOTIC: [8] Undefined variable: zhimingArr D:\phpStudy\WWW\quce\Application\Home\Controller\IndexController.class.php 第 224 行.
NOTIC: [8] Undefined variable: zhimingArr D:\phpStudy\WWW\quce\Application\Home\Controller\IndexController.class.php 第 224 行.
SQL: select link,type from qc_zhiming_link where subject='zhiming1' [ RunTime:0.001000s ]
SQL: select link,type from qc_zhiming_link where subject='zhimingJc1' [ RunTime:0.000000s ]
SQL: select link,type from qc_zhiming_link where subject='zhimingJc3' [ RunTime:0.000000s ]
SQL: select link,type from qc_zhiming_link where subject='zhimingJc7' [ RunTime:0.000000s ]
INFO: [ app_end ] --START--
INFO: Run Behavior\ShowPageTraceBehavior [ RunTime:0.001000s ]
INFO: [ app_end ] --END-- [ RunTime:0.001000s ]

[ 2018-11-14T14:02:24+08:00 ] ::1 /quce/index.php/Home-Index-indexAnswer?page=1
INFO: [ app_init ] --START--
INFO: Run Behavior\BuildLiteBehavior [ RunTime:0.000000s ]
INFO: [ app_init ] --END-- [ RunTime:0.001000s ]
INFO: [ app_begin ] --START--
INFO: Run Behavior\ReadHtmlCacheBehavior [ RunTime:0.001000s ]
INFO: [ app_begin ] --END-- [ RunTime:0.001000s ]
SQL: select id,title,content,subject,title_img,hotstar,type_img from qc_choiceti_answer where  id>0 and title_img is not null and title_img!=' '  order by sort_hot desc limit 0,10 [ RunTime:0.003001s ]
NOTIC: [8] Undefined variable: zhimingArr D:\phpStudy\WWW\quce\Application\Home\Controller\IndexController.class.php 第 192 行.
NOTIC: [8] Undefined variable: zhimingArr D:\phpStudy\WWW\quce\Application\Home\Controller\IndexController.class.php 第 192 行.
NOTIC: [8] Undefined variable: zhimingArr D:\phpStudy\WWW\quce\Application\Home\Controller\IndexController.class.php 第 192 行.
SQL: select link,type from qc_zhiming_link where subject='zhiming1' [ RunTime:0.000000s ]
SQL: select link,type from qc_zhiming_link where subject='zhimingJc6' [ RunTime:0.000000s ]
SQL: select link,type from qc_zhiming_link where subject='zhimingJc7' [ RunTime:0.000000s ]
INFO: [ app_end ] --START--
INFO: Run Behavior\ShowPageTraceBehavior [ RunTime:0.001000s ]
INFO: [ app_end ] --END-- [ RunTime:0.001000s ]

